2016-08-01T18:08:19.689Z     1         81 dns:cs.odu.edu P http://cs.odu.edu/ text/dns #002 20160801180819137+33 sha1:DV4DRRNUBIULY33XLMOJFJQDE7F7HLYG - -
2016-08-01T18:08:23.008Z   302         55 http://cs.odu.edu/robots.txt P http://cs.odu.edu/ text/html #002 20160801180822707+287 sha1:ZIOOJMFJT4VHLWLCUEADICR57JYGDPSH - -
2016-08-01T18:08:23.016Z     1         55 dns:www.cs.odu.edu PRP http://www.cs.odu.edu/robots.txt text/dns #002 20160801180823014+2 sha1:POPEHXQQH257NHD6IB7GYA3HFLTLQLBK - -
2016-08-01T18:08:26.033Z   302         45 http://cs.odu.edu/ - - text/html #002 20160801180826024+2 sha1:YFAPPCLIIKJWB2VNCAJMZGZ2FWA5IG5N - 3t
2016-08-01T18:08:26.041Z   200        122 http://www.cs.odu.edu/robots.txt PR http://cs.odu.edu/robots.txt text/plain #002 20160801180826035+4 sha1:PJ7OVFJC4MDZEY6JXVH4GAE7RRWNALQG - 2t
2016-08-01T18:08:29.055Z   302         56 http://cs.odu.edu/favicon.ico PI http://cs.odu.edu/robots.txt text/html #002 20160801180829048+2 sha1:GXTJGJWP2WXTGNQPZNTKD6KAZVYNXT5W - -
2016-08-01T18:08:29.168Z     1        254 dns:www.google.com RXP http://www.google.com/search text/dns #005 20160801180829165+2 sha1:HCIY5P577RDAPCNQYZRG4LUZHI2MWEN5 - -
2016-08-01T18:08:29.228Z   200      69710 http://www.cs.odu.edu/ R http://cs.odu.edu/ text/html #002 20160801180829057+20 sha1:A6N6TKEPRSVXCTJHKDKTJYFKL6K2XB3Q - -
2016-08-01T18:08:29.237Z     1        193 dns:platform.twitter.com RXP http://platform.twitter.com/widgets.js text/dns #002 20160801180829233+3 sha1:CYMMD7QJU4YIK2KLA24WQVLWYUJH4X3K - -
2016-08-01T18:08:32.223Z   200       6372 http://www.google.com/robots.txt RXP http://www.google.com/search text/plain #001 20160801180832174+43 sha1:XFZ2SODRAFNTH7MHBSOEBGBZVPBGPHNN - -
2016-08-01T18:08:32.250Z   200       1150 http://www.cs.odu.edu/favicon.ico PIR http://cs.odu.edu/favicon.ico image/x-icon #002 20160801180832246+3 sha1:REFT5WMTCAKQ5YGE5FHA2OTTESAAL4CS - -
2016-08-01T18:08:32.292Z   403        243 http://platform.twitter.com/robots.txt RXP http://platform.twitter.com/widgets.js application/xml #002 20160801180832254+37 sha1:W6RAXV63ZEZ7JSQ7TANEU2TB3FOAEOYM - -
2016-08-01T18:08:35.296Z   302        224 http://www.google.com/search RX http://www.cs.odu.edu/ text/html #001 20160801180835232+58 sha1:GENJIWAFC36ZF6BSCQWTOVBK5OJ646XO - 3t
2016-08-01T18:08:35.304Z   200       4704 http://www.cs.odu.edu/files/style.css RE http://www.cs.odu.edu/ text/css #001 20160801180835299+3 sha1:VQWKKVRRGINVAFEPCAYKO6VKOGVPLIUK - -
2016-08-01T18:08:35.386Z   200     109509 http://platform.twitter.com/widgets.js RX http://www.cs.odu.edu/ application/javascript #002 20160801180835304+39 sha1:GLMG5YXCZHCBGINZWPL2B7KL2BUSCJFI - 3t
2016-08-01T18:08:38.410Z   200       2595 http://www.cs.odu.edu/files/screen.css RE http://www.cs.odu.edu/ text/css #002 20160801180838402+3 sha1:T4I6ZOI2UUI5PV6PPZYV7NENETXMFO4Z - -
2016-08-01T18:08:38.448Z   403        243 http://platform.twitter.com/favicon.ico RXI http://platform.twitter.com/widgets.js application/xml #002 20160801180838412+36 sha1:Z2CR3PB7UOULVPB5JACRX74CRMW7TGC4 - -
2016-08-01T18:08:38.473Z   200      45311 http://www.google.com/webhp RXR http://www.google.com/search text/html #001 20160801180838319+123 sha1:5OA2IXP36O3SWHNY4CAGIIMNQBZUACUL - -
2016-08-01T18:08:38.482Z     1        327 dns:ssl.gstatic.com RXREP http://ssl.gstatic.com/gb/images/b_8d5afc09.png text/dns #001 20160801180838478+3 sha1:4P2H7PBBFEJRSMH7V5LZKPSZ2WFTU3D7 - -
2016-08-01T18:08:41.489Z   200      45418 http://www.cs.odu.edu/search_user.php RX http://www.cs.odu.edu/ text/html #002 20160801180841458+6 sha1:6SE6LSXCPY43UEYVGHV6AEK3ZNKYZIOJ - -
2016-08-01T18:08:41.525Z   200       1322 http://ssl.gstatic.com/robots.txt RXREP http://ssl.gstatic.com/gb/images/b_8d5afc09.png text/plain #001 20160801180841499+25 sha1:DTTZZJL6LYKX643AYXO7BA4E3NQ625CZ - -
2016-08-01T18:08:41.535Z   200       5430 http://www.google.com/favicon.ico RXI http://www.google.com/search image/x-icon #002 20160801180841492+42 sha1:JETDNFPWWDG5OL2FZ4NXOXTGB7ODNRQG - -
2016-08-01T18:08:44.547Z   200       1664 http://www.cs.odu.edu/files/university.js RE http://www.cs.odu.edu/ application/javascript #001 20160801180844541+3 sha1:BPMS5SAKXKYOEEQY6JOB7NLBJ7KLPKSG - -
2016-08-01T18:08:44.554Z   200       9760 http://ssl.gstatic.com/gb/images/b_8d5afc09.png RXRE http://www.google.com/webhp image/png #002 20160801180844546+8 sha1:P54JOPNMNSQSQD2G4IZAC3JACVWCN2IT - 3t
2016-08-01T18:08:44.561Z   302         45 http://@cs.odu.edu/ REX http://www.cs.odu.edu/files/university.js text/html #002 20160801180844557+3 sha1:YFAPPCLIIKJWB2VNCAJMZGZ2FWA5IG5N - -
2016-08-01T18:08:44.612Z   200      17284 http://www.google.com/images/nav_logo229.png RXRE http://www.google.com/webhp image/png #001 20160801180844549+62 sha1:4I3UGVM6IYLUAZY7NPLFCJDLWFPDV4NW - -
2016-08-01T18:08:47.585Z   200      30741 http://www.cs.odu.edu/files/mm_menu.js RE http://www.cs.odu.edu/ application/javascript #002 20160801180847574+3 sha1:J5COFZPONGFAXL4JTYJS6GV3GL56ATY6 - -
2016-08-01T18:08:47.602Z   200       4682 http://ssl.gstatic.com/gb/images/b8_3615d64d.png RXRE http://www.google.com/webhp image/png #002 20160801180847587+14 sha1:TGO5PT7SKKEJKZWFWCBSGLB4334L64LN - -
2016-08-01T18:08:47.665Z   200       5430 http://www.google.com/images/branding/product/ico/googleg_lodp.ico RXRE http://www.google.com/webhp image/x-icon #001 20160801180847620+44 sha1:JETDNFPWWDG5OL2FZ4NXOXTGB7ODNRQG - -
2016-08-01T18:08:50.637Z   200      54267 http://www.cs.odu.edu/files/jquery.js RE http://www.cs.odu.edu/ application/javascript #002 20160801180850620+4 sha1:IHWAE7RVNRJ5HRWWRZUD7FN4IBWMPC2O - -
2016-08-01T18:08:50.722Z   200       5482 http://www.google.com/images/branding/googlelogo/1x/googlelogo_white_background_color_272x92dp.png RXRE http://www.google.com/webhp image/png #001 20160801180850678+43 sha1:GQHCCUN3NDUF72JIQLZZ5SR5C4UNBJDM - -
2016-08-01T18:08:53.662Z   200       5980 http://www.cs.odu.edu/files/easySlider1.7.js RE http://www.cs.odu.edu/ application/javascript #002 20160801180853650+3 sha1:XW3B4L7DCNIFL3VDJ3GRL4BCFLAK3N5C - -
2016-08-01T18:08:56.675Z   200         43 http://www.cs.odu.edu/files/spacer.gif RE http://www.cs.odu.edu/ image/gif #002 20160801180856671+3 sha1:5J67LA4YGEZ3MJYSWXTTX7542ROMKNZW - -
2016-08-01T18:08:59.690Z   200       1979 http://www.cs.odu.edu/files/gfx-logo-odu-crown.gif RE http://www.cs.odu.edu/ image/gif #002 20160801180859686+3 sha1:HTJQO7Y76X3IL4DIGHLSKSOZHEVAKXIU - -
2016-08-01T18:09:02.711Z   200        845 http://www.cs.odu.edu/files/gfx-btn-go-dblue.gif RE http://www.cs.odu.edu/ image/gif #002 20160801180902707+3 sha1:AL3N6MGP6XFDCZXLGLSBGR3UCKE746ZP - -
2016-08-01T18:09:05.723Z   200        152 http://www.cs.odu.edu/files/hmenu_bg_dept1.gif RE http://www.cs.odu.edu/ image/gif #002 20160801180905719+3 sha1:IENHS5JNLXTLOUV5RKLXEMXUDWPQ7MRI - -
2016-08-01T18:09:08.740Z   200       6444 http://www.cs.odu.edu/files/hmenu_college_of_sciences-new.png RE http://www.cs.odu.edu/ image/png #002 20160801180908734+5 sha1:GJGS2KBVVFXI5MPQ46AX6BNMULSBX2P2 - -
2016-08-01T18:09:11.760Z   200       6619 http://www.cs.odu.edu/files/logo-cs.gif RE http://www.cs.odu.edu/ image/gif #002 20160801180911755+4 sha1:YELRHLNQPNSX6SQ26FACGYQOPKAD6R7R - -
2016-08-01T18:09:14.775Z   200      14114 http://www.cs.odu.edu/files/header-right1.gif RE http://www.cs.odu.edu/ image/gif #002 20160801180914770+4 sha1:GBRZAKQHFSSTFMMJW5PSC3CZTUO3EUYK - -
2016-08-01T18:09:17.788Z   200         64 http://www.cs.odu.edu/files/lmenu_bg_162.gif RE http://www.cs.odu.edu/ image/gif #002 20160801180917783+4 sha1:3D2D634F3VFIZFRMBUSSEELRVN6WRCV3 - -
2016-08-01T18:09:20.805Z   200       3668 http://www.cs.odu.edu/files/lmenu_1st_resources.png RE http://www.cs.odu.edu/ image/png #002 20160801180920801+3 sha1:OANWUI2NUTZ4PXOKQDICZNSBBZUTMHT6 - -
2016-08-01T18:09:23.821Z   200         54 http://www.cs.odu.edu/files/bullet_blue_triangle.gif RE http://www.cs.odu.edu/ image/gif #002 20160801180923816+4 sha1:PJWCZQ2SZRAQ2GFRENRYG3E5XVQXWDDX - -
2016-08-01T18:09:26.839Z   200      36058 http://www.cs.odu.edu/images/acm2.jpg RE http://www.cs.odu.edu/ image/jpeg #001 20160801180926832+4 sha1:7OFU4KLKIE3BO3AKWVCXRHG5E7PMPSSO - -
2016-08-01T18:09:29.846Z   200      65170 http://www.cs.odu.edu/images/acm_meeting_spring1.jpg RE http://www.cs.odu.edu/ image/jpeg #002 20160801180929841+4 sha1:CMQQVXFLSJNWWMOSGTEQH4JFIWJASMJO - -
2016-08-01T18:09:32.862Z   200      30680 http://www.cs.odu.edu/images/JCDL_2015.jpeg RE http://www.cs.odu.edu/ image/jpeg #002 20160801180932857+4 sha1:XMCFCWCT4TC66AQC4Y45ZH5XQGP3H6D3 - -
2016-08-01T18:09:35.873Z   200      77350 http://www.cs.odu.edu/images/nikos_slider_1.jpg RE http://www.cs.odu.edu/ image/jpeg #001 20160801180935868+4 sha1:PFH53BGBALULC5P2EUHF62CIEI3FQBHZ - -
2016-08-01T18:09:38.888Z   200      66033 http://www.cs.odu.edu/images/dragas_ps_lab_1.jpg RE http://www.cs.odu.edu/ image/jpeg #002 20160801180938883+4 sha1:IOMQKH34NKADFK3EOMFRL2KVRTCMWUDM - -
2016-08-01T18:09:41.897Z   200      81254 http://www.cs.odu.edu/images/group_station_orlab_1.jpg RE http://www.cs.odu.edu/ image/jpeg #001 20160801180941892+4 sha1:KIOS76SQVM665S6GSY7JLSBMTZAWHWJU - -
2016-08-01T18:09:44.907Z   200     101880 http://www.cs.odu.edu/images/scsc_best_paper_award.jpg RE http://www.cs.odu.edu/ image/jpeg #002 20160801180944899+7 sha1:GUQNJUGWJDGM7PSZY5VFKEHH3DAVP332 - -
2016-08-01T18:09:47.919Z   200       4213 http://www.cs.odu.edu/files/rmenu_alerts.png RE http://www.cs.odu.edu/ image/png #002 20160801180947915+3 sha1:INLQQDXXHYMYTWEM6C4RUZXBEP7NZN6P - -
2016-08-01T18:09:50.926Z   200       2592 http://www.cs.odu.edu/files/stop_alert.png RE http://www.cs.odu.edu/ image/png #001 20160801180950922+3 sha1:BFY35G7SHFXLUXNCDZQDN5OW5HE4Z2BV - -
2016-08-01T18:09:53.939Z   200       1005 http://www.cs.odu.edu/files/rmenu_1st_upcoming_news.png RE http://www.cs.odu.edu/ image/png #002 20160801180953935+3 sha1:ZY7XMTU6FTLDAVC7RKU2SNNJEDSGI37K - -
2016-08-01T18:09:56.956Z   200       1664 http://www.cs.odu.edu/images/lmenu_jobs.png RE http://www.cs.odu.edu/ image/png #001 20160801180956952+3 sha1:IDXMT2U2YMVJIHIPATGMFDXHROU4OTDY - -
2016-08-01T18:09:59.962Z   200       3599 http://www.cs.odu.edu/files/rmenu_1st_search.png RE http://www.cs.odu.edu/ image/png #002 20160801180959958+3 sha1:2MBGWJZ4BAZVKXKABCU2DQVOIE4FUPT2 - -
2016-08-01T18:10:02.973Z   200         54 http://www.cs.odu.edu/files/rmenu_bg_229.gif RE http://www.cs.odu.edu/ image/gif #002 20160801181002969+3 sha1:XJIR7MWMRP3HJFHJY2DLXEHEQWQTPFX6 - -
2016-08-01T18:10:05.989Z   200       1540 http://www.cs.odu.edu/files/rmenu_1st_featured_student.png RE http://www.cs.odu.edu/ image/png #001 20160801181005986+3 sha1:J4UWTIQ4Q4FOIMZDNXOMYOBFCEDBSB7Q - -
2016-08-01T18:10:08.997Z   200      36152 http://www.cs.odu.edu/images/hji.jpg RE http://www.cs.odu.edu/ image/jpeg #002 20160801181008993+3 sha1:6CAQD65UYVNPSOA76QM7HDQTGVAM6HBX - -
2016-08-01T18:10:12.005Z   200        126 http://www.cs.odu.edu/files/rmenu_bottom_229.gif RE http://www.cs.odu.edu/ image/gif #002 20160801181012001+3 sha1:7MGVDK6QYIHX24HKE7EO2FEGAZ5E2WRF - -
2016-08-01T18:10:15.075Z   200    1864696 http://www.cs.odu.edu/images/muddin.jpg RE http://www.cs.odu.edu/ image/jpeg #001 20160801181015012+59 sha1:UDKU5FVB3QP4XC65J4LEZNTM7UDQNVSX - -
2016-08-01T18:10:18.089Z   200        613 http://www.cs.odu.edu/files/rmenu_1st_about.png RE http://www.cs.odu.edu/ image/png #001 20160801181018082+6 sha1:SD2YLH2BPHWUSDQG32TED62CM2FQAYRF - -
2016-08-01T18:10:21.104Z   200        878 http://www.cs.odu.edu/files/rmenu_1st_important_dates.png RE http://www.cs.odu.edu/ image/png #001 20160801181021099+4 sha1:VW6GJ7Q3Z3JRHTRBF27WARHCTXP3IKZY - -
2016-08-01T18:10:24.120Z   200       4531 http://www.cs.odu.edu/files/rmenu_1st_research.png RE http://www.cs.odu.edu/ image/png #001 20160801181024111+7 sha1:TXFNOWQSFQMPVW3USCQJESNJ7IIQARZY - -
2016-08-01T18:10:27.133Z   200       4983 http://www.cs.odu.edu/images/facebook.png RE http://www.cs.odu.edu/ image/png #001 20160801181027129+3 sha1:7C6XCWGDKS27RIUKWJBFTZCFDIDVUUQ3 - -
2016-08-01T18:10:30.149Z   404        162 http://www.cs.odu.edu/files/shadow-r.gif RE http://www.cs.odu.edu/ text/html #001 20160801181030145+3 sha1:TFF4MZ3SBQQSK5IA4KIDRQNF6YPCLWQ6 - -
2016-08-01T18:10:33.166Z   200         94 http://www.cs.odu.edu/files/shadow-tr.gif RE http://www.cs.odu.edu/ image/gif #001 20160801181033163+2 sha1:3RI6SN4MGSJVGEUEBEOS4T4J6YPISCXW - -
2016-08-01T18:10:36.179Z   404        162 http://www.cs.odu.edu/files/shadow-b.gif RE http://www.cs.odu.edu/ text/html #001 20160801181036176+3 sha1:TFF4MZ3SBQQSK5IA4KIDRQNF6YPCLWQ6 - -
2016-08-01T18:10:39.193Z   200         98 http://www.cs.odu.edu/files/shadow-bl.gif RE http://www.cs.odu.edu/ image/gif #001 20160801181039189+4 sha1:RGLLTLJ542QJD732DLXPHGLNPQMCGVTW - -
2016-08-01T18:10:42.208Z   200         98 http://www.cs.odu.edu/files/shadow-br.gif RE http://www.cs.odu.edu/ image/gif #001 20160801181042204+3 sha1:TYNM2H2ZQDPMHILW3LXJN577SNYFWLS5 - -
2016-08-01T18:10:45.223Z   404        162 http://www.cs.odu.edu/files/images/bg_body.gif REE http://www.cs.odu.edu/files/screen.css text/html #001 20160801181045220+3 sha1:TFF4MZ3SBQQSK5IA4KIDRQNF6YPCLWQ6 - -
2016-08-01T18:10:48.241Z   404        162 http://www.cs.odu.edu/files/images/btn_prev.gif REE http://www.cs.odu.edu/files/screen.css text/html #001 20160801181048238+3 sha1:TFF4MZ3SBQQSK5IA4KIDRQNF6YPCLWQ6 - -
2016-08-01T18:10:51.255Z   404        162 http://www.cs.odu.edu/files/images/btn_next.gif REE http://www.cs.odu.edu/files/screen.css text/html #001 20160801181051249+5 sha1:TFF4MZ3SBQQSK5IA4KIDRQNF6YPCLWQ6 - -
2016-08-01T18:10:54.272Z   200       5223 http://www.cs.odu.edu/files/ddmenu_ddown.js RXE http://www.cs.odu.edu/search_user.php application/javascript #001 20160801181054265+2 sha1:J4Y4EGBO45VLVFZCFRF5E4GZBBMDSVBG - -
2016-08-01T18:10:57.290Z   404        162 http://www.cs.odu.edu/arrows.gif REX http://www.cs.odu.edu/files/mm_menu.js text/html #001 20160801181057287+3 sha1:TFF4MZ3SBQQSK5IA4KIDRQNF6YPCLWQ6 - -
2016-08-01T18:11:00.305Z   404        162 http://www.cs.odu.edu/Microsoft.XMLHTTP REX http://www.cs.odu.edu/files/jquery.js text/html #001 20160801181100301+4 sha1:TFF4MZ3SBQQSK5IA4KIDRQNF6YPCLWQ6 - -
2016-08-01T18:11:03.317Z   404        162 http://www.cs.odu.edu/images/01.jpg REX http://www.cs.odu.edu/files/easySlider1.7.js text/html #001 20160801181103313+3 sha1:TFF4MZ3SBQQSK5IA4KIDRQNF6YPCLWQ6 - -
2016-08-01T18:11:06.334Z   404        162 http://www.cs.odu.edu/images/02.jpg REX http://www.cs.odu.edu/files/easySlider1.7.js text/html #001 20160801181106331+3 sha1:TFF4MZ3SBQQSK5IA4KIDRQNF6YPCLWQ6 - -
2016-08-01T18:11:09.346Z   404        162 http://www.cs.odu.edu/images/03.jpg REX http://www.cs.odu.edu/files/easySlider1.7.js text/html #001 20160801181109343+3 sha1:TFF4MZ3SBQQSK5IA4KIDRQNF6YPCLWQ6 - -
2016-08-01T18:11:12.360Z   404        162 http://www.cs.odu.edu/images/04.jpg REX http://www.cs.odu.edu/files/easySlider1.7.js text/html #001 20160801181112357+2 sha1:TFF4MZ3SBQQSK5IA4KIDRQNF6YPCLWQ6 - -
2016-08-01T18:11:15.370Z   404        162 http://www.cs.odu.edu/images/05.jpg REX http://www.cs.odu.edu/files/easySlider1.7.js text/html #001 20160801181115367+3 sha1:TFF4MZ3SBQQSK5IA4KIDRQNF6YPCLWQ6 - -
