2016-08-01T19:37:23.139Z     1         81 dns:cs.odu.edu P http://cs.odu.edu/ text/dns #003 20160801193722598+31 sha1:G5IKDE2EVQ5SFDT5BJAWOMAYWRSFZO3V - -
2016-08-01T19:37:23.139Z     1         55 dns:matkelly.com P http://matkelly.com/ text/dns #007 20160801193722598+31 sha1:FBNTVE7X3773BQ376Q4SKCP7Y5VU4ZLN - -
2016-08-01T19:37:26.418Z   302         55 http://cs.odu.edu/robots.txt P http://cs.odu.edu/ text/html #007 20160801193726158+247 sha1:ZIOOJMFJT4VHLWLCUEADICR57JYGDPSH - -
2016-08-01T19:37:26.426Z     1         55 dns:www.cs.odu.edu PRP http://www.cs.odu.edu/robots.txt text/dns #007 20160801193726424+2 sha1:4VPWZCUVPEHBTRMKYZEQEGN65T6QQHOD - -
2016-08-01T19:37:26.429Z   200         88 http://matkelly.com/robots.txt P http://matkelly.com/ text/plain #003 20160801193726158+268 sha1:WUM4DQPHBJKLHVC2FNHYZG5TJDCQXB4Z - -
2016-08-01T19:37:29.442Z   302         45 http://cs.odu.edu/ - - text/html #007 20160801193729435+2 sha1:YFAPPCLIIKJWB2VNCAJMZGZ2FWA5IG5N - 3t
2016-08-01T19:37:29.446Z   200        122 http://www.cs.odu.edu/robots.txt PR http://cs.odu.edu/robots.txt text/plain #003 20160801193729441+3 sha1:PJ7OVFJC4MDZEY6JXVH4GAE7RRWNALQG - 2t
2016-08-01T19:37:29.477Z   301        238 http://matkelly.com/ - - text/html #007 20160801193729445+27 sha1:GZM2FU3DG4M4LQOFCXXOTWXIHJOT72FF - 3t
2016-08-01T19:37:32.461Z   302         56 http://cs.odu.edu/favicon.ico PI http://cs.odu.edu/robots.txt text/html #003 20160801193732454+2 sha1:GXTJGJWP2WXTGNQPZNTKD6KAZVYNXT5W - -
2016-08-01T19:37:32.510Z   200          0 http://matkelly.com/favicon.ico PI http://matkelly.com/robots.txt image/x-icon #007 20160801193732487+22 sha1:3I42H3S6NNFQ2MSVX7XZKYAYSCX5QBYJ - -
2016-08-01T19:37:32.636Z     1        254 dns:www.google.com RXP http://www.google.com/search text/dns #016 20160801193732634+1 sha1:5EVGCHBAN53NZGCH2YMXMFTYXE4KDAIR - -
2016-08-01T19:37:32.643Z   200      69710 http://www.cs.odu.edu/ R http://cs.odu.edu/ text/html #003 20160801193732463+20 sha1:A6N6TKEPRSVXCTJHKDKTJYFKL6K2XB3Q - -
2016-08-01T19:37:32.647Z     1        192 dns:platform.twitter.com RXP http://platform.twitter.com/widgets.js text/dns #016 20160801193732643+4 sha1:HARTLSWKFQE5AGIFQYQBXTFE4YOZPK46 - -
2016-08-01T19:37:35.681Z   403        243 http://platform.twitter.com/robots.txt RXP http://platform.twitter.com/widgets.js application/xml #005 20160801193735657+23 sha1:EVQ56GEUHP67N2GNIZ7LAVL6QGXWQPYX - -
2016-08-01T19:37:35.693Z   200       6372 http://www.google.com/robots.txt RXP http://www.google.com/search text/plain #020 20160801193735645+43 sha1:XFZ2SODRAFNTH7MHBSOEBGBZVPBGPHNN - -
2016-08-01T19:37:35.694Z   200      40058 http://www.cs.odu.edu/~mkelly/ R http://matkelly.com/ text/html #011 20160801193735646+9 sha1:QMZEEYTMLMEFYO5PEE4BKEAE2BV57HH2 - usingCharsetInHTML:UTF-8
2016-08-01T19:37:35.701Z     1        327 dns:plus.google.com REP https://plus.google.com/u/0/103717513886594190386 text/dns #020 20160801193735698+2 sha1:LCM5SZABDGVLJNCBXGTDNSMVTB6Z3UEW - -
2016-08-01T19:37:38.720Z   200       1150 http://www.cs.odu.edu/favicon.ico PIR http://cs.odu.edu/favicon.ico image/x-icon #020 20160801193738717+2 sha1:REFT5WMTCAKQ5YGE5FHA2OTTESAAL4CS - -
2016-08-01T19:37:38.770Z   302        224 http://www.google.com/search RX http://www.cs.odu.edu/ text/html #011 20160801193738707+58 sha1:GENJIWAFC36ZF6BSCQWTOVBK5OJ646XO - 3t
2016-08-01T19:37:38.782Z   200     109509 http://platform.twitter.com/widgets.js RX http://www.cs.odu.edu/ application/javascript #005 20160801193738693+37 sha1:GLMG5YXCZHCBGINZWPL2B7KL2BUSCJFI - 3t
2016-08-01T19:37:38.823Z   200        507 https://plus.google.com/robots.txt REP https://plus.google.com/u/0/103717513886594190386 text/plain #020 20160801193738725+97 sha1:O7YMEOY3DDQM4URABDQBDY4C4DJHUBJK - -
2016-08-01T19:37:41.780Z   200       4704 http://www.cs.odu.edu/files/style.css RE http://www.cs.odu.edu/ text/css #011 20160801193741776+3 sha1:VQWKKVRRGINVAFEPCAYKO6VKOGVPLIUK - -
2016-08-01T19:37:41.847Z   403        243 http://platform.twitter.com/favicon.ico RXI http://platform.twitter.com/widgets.js application/xml #005 20160801193741799+48 sha1:5345C5ZWB42ESX5FGB6OSG7ULO6GCQQM - -
2016-08-01T19:37:41.934Z   200      45284 http://www.google.com/webhp RXR http://www.google.com/search text/html #011 20160801193741782+126 sha1:YTJD75UKY4RJVBIRMU3T4IXNDIIFAEC4 - -
2016-08-01T19:37:41.941Z     1        319 dns:ssl.gstatic.com RXREP http://ssl.gstatic.com/gb/images/b_8d5afc09.png text/dns #011 20160801193741939+2 sha1:YV2QUUPD7ULZQR47KVP6WPU3MDEBUYRI - -
2016-08-01T19:37:42.115Z   302          0 https://plus.google.com/u/0/103717513886594190386 RE http://www.cs.odu.edu/~mkelly/ application/binary #020 20160801193741827+284 sha1:3I42H3S6NNFQ2MSVX7XZKYAYSCX5QBYJ - 3t
2016-08-01T19:37:44.863Z   200       2595 http://www.cs.odu.edu/files/screen.css RE http://www.cs.odu.edu/ text/css #005 20160801193744854+4 sha1:T4I6ZOI2UUI5PV6PPZYV7NENETXMFO4Z - -
2016-08-01T19:37:44.996Z   200       5430 http://www.google.com/favicon.ico RXI http://www.google.com/search image/x-icon #011 20160801193744951+44 sha1:JETDNFPWWDG5OL2FZ4NXOXTGB7ODNRQG - -
2016-08-01T19:37:45.027Z   200       1322 http://ssl.gstatic.com/robots.txt RXREP http://ssl.gstatic.com/gb/images/b_8d5afc09.png text/plain #011 20160801193745001+24 sha1:DTTZZJL6LYKX643AYXO7BA4E3NQ625CZ - -
2016-08-01T19:37:45.455Z   302          0 https://plus.google.com/103717513886594190386 RER https://plus.google.com/u/0/103717513886594190386 application/binary #020 20160801193745125+328 sha1:3I42H3S6NNFQ2MSVX7XZKYAYSCX5QBYJ - -
2016-08-01T19:37:47.913Z   200      45418 http://www.cs.odu.edu/search_user.php RX http://www.cs.odu.edu/ text/html #005 20160801193747876+10 sha1:6SE6LSXCPY43UEYVGHV6AEK3ZNKYZIOJ - -
2016-08-01T19:37:48.099Z   200      17284 http://www.google.com/images/nav_logo229.png RXRE http://www.google.com/webhp image/png #011 20160801193748035+64 sha1:4I3UGVM6IYLUAZY7NPLFCJDLWFPDV4NW - -
2016-08-01T19:37:48.110Z   200       9760 http://ssl.gstatic.com/gb/images/b_8d5afc09.png RXRE http://www.google.com/webhp image/png #011 20160801193748101+8 sha1:P54JOPNMNSQSQD2G4IZAC3JACVWCN2IT - 3t
2016-08-01T19:37:48.924Z     1        407 dns:fonts.gstatic.com RERREP https://fonts.gstatic.com/s/roboto/v15/W5F8_SL0XFawnjxHGsZjJA.ttf text/dns #005 20160801193748920+4 sha1:7B6RP64VGSTEHOLSJ2EVOVJXOAEEUT5P - -
2016-08-01T19:37:48.930Z     1         77 dns:lh6.googleusercontent.com RERRXP https://lh6.googleusercontent.com/-iNDr29fIsWM/AAAAAAAAAAI/AAAAAAAAMR0/b0M788l81Wk/photo.jpg text/dns #005 20160801193748928+2 sha1:Q4BSW65AD3LAVQZI4VMOPMUBDE2JAQRB - -
2016-08-01T19:37:48.935Z     1         77 dns:lh3.googleusercontent.com RERREP https://lh3.googleusercontent.com/c5dqxl-2uHZ82ah9p7yxrVF1ZssrJNSV_15Nu0TUZwzCWqmtoLxCUJgEzLGtxsrJ6-v6R6rKU_-FYm881TTiMCJ_=s1600 text/dns #005 20160801193748934+1 sha1:Q4BSW65AD3LAVQZI4VMOPMUBDE2JAQRB - -
2016-08-01T19:37:48.941Z     1         77 dns:s2.googleusercontent.com RERREP https://s2.googleusercontent.com/s2/favicons?alt=p&domain=www.youtube.com text/dns #005 20160801193748940+1 sha1:Q4BSW65AD3LAVQZI4VMOPMUBDE2JAQRB - -
2016-08-01T19:37:48.947Z     1        343 dns:apis.google.com RERRXP https://apis.google.com/ text/dns #005 20160801193748945+2 sha1:FTNTVZTBL3ZTKLB3K7MR54MZFMIUOBNQ - -
2016-08-01T19:37:48.953Z     1        319 dns:www.gstatic.com RERRXP https://www.gstatic.com/ text/dns #005 20160801193748952+1 sha1:FRGVR7Q2EWQQEW7AQDRKANFUPGMAUR2Z - -
2016-08-01T19:37:48.959Z     1        343 dns:plusone.google.com RERRXP https://plusone.google.com/u/0 text/dns #005 20160801193748958+1 sha1:W3C4YETYSWVAHRURF3G4FIJEINQRSEPF - -
2016-08-01T19:37:48.965Z     1        327 dns:docs.google.com RERRXP http://docs.google.com/picker text/dns #005 20160801193748963+1 sha1:CEC3U6QZKZ5F63ATV7URH5HIFDFA7Y4U - -
2016-08-01T19:37:48.965Z   200      91644 https://plus.google.com/+MatKelly RERR https://plus.google.com/103717513886594190386 text/html #020 20160801193748472+346 sha1:XZJU545IC3GR6PMXUKJZVFFQRFNGLXIA - -
2016-08-01T19:37:48.970Z     1        391 dns:www.youtube.com RERRXP https://www.youtube.com/embed/l0qfHq_Qva8?wmode=opaque text/dns #005 20160801193748968+2 sha1:W4KPVRQA7E5E4U3YABE5ULVRTTANNFFY - -
2016-08-01T19:37:48.978Z     1        287 dns:google.com RERRXP http://google.com/+ text/dns #005 20160801193748974+3 sha1:SNPNZ6UEMSB4KYCOCYG3NK2KKD3AIRJ3 - -
2016-08-01T19:37:48.991Z     1        343 dns:photos.google.com RERRXP https://photos.google.com/ text/dns #020 20160801193748969+21 sha1:XA7SPMHYVS5DTMLC2V2JKXWI6AUVVIWN - -
2016-08-01T19:37:48.998Z     1        343 dns:support.google.com RERRXP https://support.google.com/plus/?p=plus_embeds text/dns #020 20160801193748994+3 sha1:WX77FNI4RQCHAVVYYSVOTVLC7FSWJUNM - -
2016-08-01T19:37:49.003Z     1         59 dns:accounts.google.com RERRXP https://accounts.google.com/ServiceLogin?service=oz&hl=en-US&continue=https://plus.google.com/%2BMatKelly?gpsrc%3Dgplp0 text/dns #020 20160801193749002+1 sha1:QJFKUKSIMTHECNSM74IF2A3QPBZNH3K5 - -
2016-08-01T19:37:49.003Z     1        303 dns:youtube.com RERRXP http://youtube.com/c text/dns #005 20160801193748981+22 sha1:IYWJRAEELKLLHVQHDAJUB6GHAQIUJISF - -
2016-08-01T19:37:49.008Z     1         94 dns:csi.gstatic.com RERRXP https://csi.gstatic.com/csi text/dns #020 20160801193749007+1 sha1:KAKNLPIWTT4HOUF43PNJ2EANM3JVADLY - -
2016-08-01T19:37:49.009Z     1        343 dns:hangouts.google.com RERRXP https://hangouts.google.com/ text/dns #005 20160801193749007+1 sha1:RKIWQ4HONA7ZDCOXDZOZZGDUQE3XPMZD - -
2016-08-01T19:37:49.014Z     1        343 dns:plus.url.google.com RERRXP http://plus.url.google.com/ text/dns #020 20160801193749012+1 sha1:TPEYSIA2GVQYDDCUXENB67XEALZIFVVB - -
2016-08-01T19:37:49.016Z     1        383 dns:picasaweb.google.com RERRXP http://picasaweb.google.com/ text/dns #005 20160801193749013+3 sha1:R4NIPK2NV2ZFXWGUTSSUNRK6MA6TD2U6 - -
2016-08-01T19:37:49.038Z     1        391 dns:talkgadget.google.com RERRXP https://talkgadget.google.com/talkgadget/mediaplayer text/dns #005 20160801193749017+21 sha1:JN47HT3MT4KM7IYSZBNPORN6AIDCIQC3 - -
2016-08-01T19:37:49.044Z     1        351 dns:i.ytimg.com RERRXP http://i.ytimg.com/vi/DoSiPDujIiM/hqdefault.jpg text/dns #020 20160801193749042+2 sha1:ADTLUU3ZSEDJIAUNBBD6N52FPXP6UL7E - -
2016-08-01T19:37:49.046Z     1        367 dns:maps-api-ssl.google.com RERRXP https://maps-api-ssl.google.com/maps/api/staticmap?size=375x175&sensor=false&language=en&client=google-profiles&signature=fNZUcgnPo-kwulgpmUhuA1MK6sE%3D text/dns #005 20160801193749045+1 sha1:GOFC3O53TPO4Z5F3CGBKDUZMRVQA4546 - -
2016-08-01T19:37:49.072Z     1         74 dns:ws-dl.blogspot.com RERRXP http://ws-dl.blogspot.com/ text/dns #005 20160801193749047+24 sha1:2WOOLPUN5DJDJHT6BDPOAEQ4GB2YYYDV - -
2016-08-01T19:37:49.076Z     1        359 dns:profiles.google.com RERRXP https://profiles.google.com/ text/dns #020 20160801193749051+24 sha1:OMN4MW44BXOJNOXNBZ45NFYYG6UWXAKL - -
2016-08-01T19:37:51.090Z   200       1664 http://www.cs.odu.edu/files/university.js RE http://www.cs.odu.edu/ application/javascript #005 20160801193751084+3 sha1:BPMS5SAKXKYOEEQY6JOB7NLBJ7KLPKSG - -
2016-08-01T19:37:51.095Z   302         45 http://@cs.odu.edu/ REX http://www.cs.odu.edu/files/university.js text/html #005 20160801193751092+2 sha1:YFAPPCLIIKJWB2VNCAJMZGZ2FWA5IG5N - -
2016-08-01T19:37:51.170Z   200       5430 http://www.google.com/images/branding/product/ico/googleg_lodp.ico RXRE http://www.google.com/webhp image/x-icon #011 20160801193751127+43 sha1:JETDNFPWWDG5OL2FZ4NXOXTGB7ODNRQG - -
2016-08-01T19:37:51.197Z   200       4682 http://ssl.gstatic.com/gb/images/b8_3615d64d.png RXRE http://www.google.com/webhp image/png #011 20160801193751172+24 sha1:TGO5PT7SKKEJKZWFWCBSGLB4334L64LN - -
2016-08-01T19:37:52.163Z   301          0 https://plus.google.com/favicon.ico REI https://plus.google.com/u/0/103717513886594190386 application/binary #020 20160801193752104+58 sha1:3I42H3S6NNFQ2MSVX7XZKYAYSCX5QBYJ - -
2016-08-01T19:37:52.188Z   404       1571 https://fonts.gstatic.com/robots.txt RERREP https://fonts.gstatic.com/s/roboto/v15/W5F8_SL0XFawnjxHGsZjJA.ttf text/html #005 20160801193752139+48 sha1:O7BBWKUAY7IGM3TDT7KUFKLXHWLWKO2Q - -
2016-08-01T19:37:52.240Z   404       1571 https://lh6.googleusercontent.com/robots.txt RERRXP https://lh6.googleusercontent.com/-iNDr29fIsWM/AAAAAAAAAAI/AAAAAAAAMR0/b0M788l81Wk/photo.jpg text/html #020 20160801193752165+74 sha1:O7BBWKUAY7IGM3TDT7KUFKLXHWLWKO2Q - -
2016-08-01T19:37:52.259Z   404       1571 https://lh3.googleusercontent.com/robots.txt RERREP https://lh3.googleusercontent.com/c5dqxl-2uHZ82ah9p7yxrVF1ZssrJNSV_15Nu0TUZwzCWqmtoLxCUJgEzLGtxsrJ6-v6R6rKU_-FYm881TTiMCJ_=s1600 text/html #005 20160801193752189+69 sha1:O7BBWKUAY7IGM3TDT7KUFKLXHWLWKO2Q - -
2016-08-01T19:37:52.276Z   200         28 https://s2.googleusercontent.com/robots.txt RERREP https://s2.googleusercontent.com/s2/favicons?alt=p&domain=www.youtube.com text/plain #011 20160801193752201+74 sha1:RCUDSDNRYLD2RA7QLEGY4UHO2S5MF33D - -
2016-08-01T19:37:52.306Z   200       1322 https://www.gstatic.com/robots.txt RERRXP https://www.gstatic.com/ text/plain #005 20160801193752260+44 sha1:DTTZZJL6LYKX643AYXO7BA4E3NQ625CZ - -
2016-08-01T19:37:52.307Z   302          0 https://apis.google.com/robots.txt RERRXP https://apis.google.com/ application/binary #020 20160801193752242+64 sha1:3I42H3S6NNFQ2MSVX7XZKYAYSCX5QBYJ - -
2016-08-01T19:37:52.339Z   404       1612 https://plusone.google.com/robots.txt RERRXP https://plusone.google.com/u/0 text/html #011 20160801193752277+61 sha1:K2HHTDWXH4I2DPMJARKQIWBGTIIVD3ST - -
2016-08-01T19:37:52.357Z   301        230 http://google.com/robots.txt RERRXP http://google.com/+ text/html #011 20160801193752340+16 sha1:KNL2CHJVSRJARC6DFO3YS2VM6AHNLU4G - -
2016-08-01T19:37:52.357Z   200        445 https://www.youtube.com/robots.txt RERRXP https://www.youtube.com/embed/l0qfHq_Qva8?wmode=opaque text/plain #020 20160801193752308+48 sha1:GGTSII4C4CB5OINU5TRTDX5KAJ7HTVA3 - -
2016-08-01T19:37:52.365Z   200        552 http://docs.google.com/robots.txt RERRXP http://docs.google.com/picker text/plain #005 20160801193752308+56 sha1:TJ2SSXRJNJWDLEA3FDSMU2FAZ5XLDRIU - -
2016-08-01T19:37:52.407Z   200        146 https://support.google.com/robots.txt RERRXP https://support.google.com/plus/?p=plus_embeds text/plain #020 20160801193752358+48 sha1:BXPWPIALW5OIPJBWLJH224CYKY4EDWPL - -
2016-08-01T19:37:52.415Z   200        507 https://photos.google.com/robots.txt RERRXP https://photos.google.com/ text/plain #011 20160801193752358+56 sha1:53JQD4AVGGHYH7C36ZWPB3XVHUFTCIQB - -
2016-08-01T19:37:52.427Z   200        187 https://accounts.google.com/robots.txt RERRXP https://accounts.google.com/ServiceLogin?service=oz&hl=en-US&continue=https://plus.google.com/%2BMatKelly?gpsrc%3Dgplp0 text/plain #005 20160801193752366+61 sha1:JJFP4MI5NLVCRNFJXVSB3MC3HG4E6GZD - -
2016-08-01T19:37:52.443Z   404       1571 http://youtube.com/robots.txt RERRXP http://youtube.com/c text/html #020 20160801193752409+33 sha1:O7BBWKUAY7IGM3TDT7KUFKLXHWLWKO2Q - -
2016-08-01T19:37:52.475Z   200       6372 http://plus.url.google.com/robots.txt RERRXP http://plus.url.google.com/ text/plain #020 20160801193752444+28 sha1:XFZ2SODRAFNTH7MHBSOEBGBZVPBGPHNN - -
2016-08-01T19:37:52.491Z   200         45 https://hangouts.google.com/robots.txt RERRXP https://hangouts.google.com/ text/plain #005 20160801193752428+62 sha1:IB3CI4PXSBSZQB2ZRJIBLGVOXBGFDLPD - -
2016-08-01T19:37:52.514Z   200        142 http://picasaweb.google.com/robots.txt RERRXP http://picasaweb.google.com/ text/plain #020 20160801193752476+37 sha1:A2P7QYFRWJOTIB2TNPGCUUZSW45GNV25 - -
2016-08-01T19:37:52.539Z   404       1097 http://i.ytimg.com/robots.txt RERRXP http://i.ytimg.com/vi/DoSiPDujIiM/hqdefault.jpg image/jpeg #020 20160801193752515+24 sha1:N2IC7JRQF2ZQZUQEK6N4U2SZWNZDHYTC - -
2016-08-01T19:37:52.550Z   200         45 https://talkgadget.google.com/robots.txt RERRXP https://talkgadget.google.com/talkgadget/mediaplayer text/plain #005 20160801193752492+58 sha1:IB3CI4PXSBSZQB2ZRJIBLGVOXBGFDLPD - -
2016-08-01T19:37:52.590Z   200       6372 https://maps-api-ssl.google.com/robots.txt RERRXP https://maps-api-ssl.google.com/maps/api/staticmap?size=375x175&sensor=false&language=en&client=google-profiles&signature=fNZUcgnPo-kwulgpmUhuA1MK6sE%3D text/plain #020 20160801193752541+46 sha1:XFZ2SODRAFNTH7MHBSOEBGBZVPBGPHNN - -
2016-08-01T19:37:52.603Z   200        135 http://ws-dl.blogspot.com/robots.txt RERRXP http://ws-dl.blogspot.com/ text/plain #005 20160801193752551+52 sha1:3NXTUD2N6H4UQLGWN6LYTGPVI32USD4C - -
2016-08-01T19:37:52.636Z   404       1612 https://profiles.google.com/robots.txt RERRXP https://profiles.google.com/ text/html #007 20160801193752573+61 sha1:N5FPRGCJPI3CNBH7ER6ZNLGFRCFOHGGO - -
2016-08-01T19:37:52.937Z   404       1571 https://csi.gstatic.com/robots.txt RERRXP https://csi.gstatic.com/csi text/html #011 20160801193752417+519 sha1:O7BBWKUAY7IGM3TDT7KUFKLXHWLWKO2Q - -
2016-08-01T19:37:54.612Z   200      30741 http://www.cs.odu.edu/files/mm_menu.js RE http://www.cs.odu.edu/ application/javascript #020 20160801193754600+3 sha1:J5COFZPONGFAXL4JTYJS6GV3GL56ATY6 - -
2016-08-01T19:37:54.657Z   200       5482 http://www.google.com/images/branding/googlelogo/1x/googlelogo_white_background_color_272x92dp.png RXRE http://www.google.com/webhp image/png #005 20160801193754613+43 sha1:GQHCCUN3NDUF72JIQLZZ5SR5C4UNBJDM - -
2016-08-01T19:37:54.662Z   200       1322 https://ssl.gstatic.com/robots.txt RERREP https://ssl.gstatic.com/gb/images/b_8d5afc09.png text/plain #020 20160801193754615+46 sha1:DTTZZJL6LYKX643AYXO7BA4E3NQ625CZ - -
2016-08-01T19:37:55.689Z   404       1576 https://plus.google.com/CSI/ RERRX https://plus.google.com/+MatKelly text/html #007 20160801193755648+40 sha1:AJHRO3LTHBRAREFJO4DR4YIE3TASPUJ7 - -
2016-08-01T19:37:55.704Z   200     162876 https://fonts.gstatic.com/s/roboto/v15/W5F8_SL0XFawnjxHGsZjJA.ttf RERRE https://plus.google.com/+MatKelly font/ttf #005 20160801193755661+42 sha1:ZMGLSGRR6QZJHPLQILO2XFC44FQ4FHJ5 - 3t
2016-08-01T19:37:55.735Z   301        221 http://google.com/+ RERRX https://plus.google.com/+MatKelly text/html #019 20160801193755714+18 sha1:I5OWEQXO2GMSW3RFSFP7CQLCIYQU6O6Y - 3t
2016-08-01T19:37:55.748Z   404       1561 http://plus.url.google.com/ RERRX https://plus.google.com/+MatKelly text/html #002 20160801193755730+10 sha1:SBIUNRZZSQ6ODCLZLYRU6HDOXSVS6V5J - 3t
2016-08-01T19:37:55.757Z   404       1561 https://www.gstatic.com/ RERRX https://plus.google.com/+MatKelly text/html #009 20160801193755714+40 sha1:SBIUNRZZSQ6ODCLZLYRU6HDOXSVS6V5J - 3t
2016-08-01T19:37:55.759Z   200        493 https://s2.googleusercontent.com/s2/favicons?alt=p&domain=www.youtube.com RERRE https://plus.google.com/+MatKelly image/png #005 20160801193755705+53 sha1:U34VYBGSKJW3IK6FGHSI6PBV3J3USHU3 - 3t
2016-08-01T19:37:55.762Z   200      31625 https://maps-api-ssl.google.com/maps/api/staticmap?size=375x175&sensor=false&language=en&client=google-profiles&signature=fNZUcgnPo-kwulgpmUhuA1MK6sE%3D RERRX https://plus.google.com/+MatKelly image/png #006 20160801193755731+30 sha1:IEAEJLSZH4ZTHDNTW3RHC5T6FG2RMZAM - 3t
2016-08-01T19:37:55.765Z   302          0 https://plusone.google.com/u/0 RERRX https://plus.google.com/+MatKelly application/binary #004 20160801193755714+49 sha1:3I42H3S6NNFQ2MSVX7XZKYAYSCX5QBYJ - 3t
2016-08-01T19:37:55.765Z   404       1576 https://apis.google.com/ RERRX https://plus.google.com/+MatKelly text/html #022 20160801193755714+48 sha1:AJHRO3LTHBRAREFJO4DR4YIE3TASPUJ7 - 3t
2016-08-01T19:37:55.770Z   301          0 http://youtube.com/c RERRX https://plus.google.com/+MatKelly text/html #008 20160801193755730+38 sha1:3I42H3S6NNFQ2MSVX7XZKYAYSCX5QBYJ - 3t
2016-08-01T19:37:55.771Z   302          0 https://photos.google.com/ RERRX https://plus.google.com/+MatKelly application/binary #021 20160801193755714+55 sha1:3I42H3S6NNFQ2MSVX7XZKYAYSCX5QBYJ - 3t
2016-08-01T19:37:55.775Z   200      57696 https://lh3.googleusercontent.com/c5dqxl-2uHZ82ah9p7yxrVF1ZssrJNSV_15Nu0TUZwzCWqmtoLxCUJgEzLGtxsrJ6-v6R6rKU_-FYm881TTiMCJ_=s1600 RERRE https://plus.google.com/+MatKelly image/jpeg #007 20160801193755691+83 sha1:C4HH7HESZMZBYFHV2EE5QCRVYJJTX3WI - 3t
2016-08-01T19:37:55.776Z   302        187 http://picasaweb.google.com/ RERRX https://plus.google.com/+MatKelly text/html #001 20160801193755730+44 sha1:KOC3WTG7IFZ46VNWJUTFSUCNMZ6OY7FO - 3t
2016-08-01T19:37:55.780Z   301        212 http://docs.google.com/picker RERRX https://plus.google.com/+MatKelly text/html #025 20160801193755714+64 sha1:V7CHWG2QOXVC2ZLRAHKORX4YIRPF6WLL - 3t
2016-08-01T19:37:55.782Z   302          0 https://profiles.google.com/ RERRX https://plus.google.com/+MatKelly application/binary #013 20160801193755731+50 sha1:3I42H3S6NNFQ2MSVX7XZKYAYSCX5QBYJ - 3t
2016-08-01T19:37:55.784Z   200      12959 http://i.ytimg.com/vi/DoSiPDujIiM/hqdefault.jpg RERRX https://plus.google.com/+MatKelly image/jpeg #014 20160801193755730+53 sha1:BBUI5YVFV5OFIRJNVIE7FS77DQUPGNU3 - 3t
2016-08-01T19:37:55.797Z   200     336507 https://lh6.googleusercontent.com/-iNDr29fIsWM/AAAAAAAAAAI/AAAAAAAAMR0/b0M788l81Wk/photo.jpg RERRX https://plus.google.com/+MatKelly image/png #020 20160801193755664+132 sha1:UA2ALHIHACUY3UI5MZ4SY7LP6AUFA26X - 3t
2016-08-01T19:37:55.798Z   200        503 https://talkgadget.google.com/talkgadget/mediaplayer RERRX https://plus.google.com/+MatKelly text/html #012 20160801193755730+67 sha1:XMHBZPJMQB7Z7QWMDTWEAJ2YFNBV7YCF - 3t
2016-08-01T19:37:55.801Z   200      17734 https://www.youtube.com/embed/l0qfHq_Qva8?wmode=opaque RERRX https://plus.google.com/+MatKelly text/html #018 20160801193755714+70 sha1:W3L54TRJAF2PXKMCYR4OTJL7S2ZTVGYY - 3t
2016-08-01T19:37:55.818Z   200      69242 https://accounts.google.com/ServiceLogin?service=oz&hl=en-US&continue=https://plus.google.com/%2BMatKelly?gpsrc%3Dgplp0 RERRX https://plus.google.com/+MatKelly text/html #024 20160801193755714+90 sha1:AC3NDWQUX5PIGIORM3UVQA2IF7ZL6ERW - 3t
2016-08-01T19:37:55.848Z   200      65942 https://hangouts.google.com/ RERRX https://plus.google.com/+MatKelly text/html #015 20160801193755730+94 sha1:6QXBQQWILH22GOBBYQ6EPPJ5UUSVT2NT - 3t
2016-08-01T19:37:56.001Z   200     243001 https://support.google.com/plus/?p=plus_embeds RERRX https://plus.google.com/+MatKelly text/html #023 20160801193755714+210 sha1:3CCPQ7N3OHBWA5DNXN2D6QYV55M32RUQ - 3t
2016-08-01T19:37:56.083Z   200     268787 http://ws-dl.blogspot.com/ RERRX https://plus.google.com/+MatKelly text/html #017 20160801193755730+150 sha1:IEGQ2RHD6IPUWAPMLJF5AUH4VV4OIO4L - 3t
2016-08-01T19:37:56.332Z   204          0 https://csi.gstatic.com/csi RERRX https://plus.google.com/+MatKelly image/gif #011 20160801193755947+385 sha1:3I42H3S6NNFQ2MSVX7XZKYAYSCX5QBYJ - 3t
2016-08-01T19:37:57.749Z   200      54267 http://www.cs.odu.edu/files/jquery.js RE http://www.cs.odu.edu/ application/javascript #016 20160801193757735+4 sha1:IHWAE7RVNRJ5HRWWRZUD7FN4IBWMPC2O - -
2016-08-01T19:37:57.762Z   200       9760 https://ssl.gstatic.com/gb/images/b_8d5afc09.png RERRE https://plus.google.com/+MatKelly image/png #010 20160801193757735+26 sha1:P54JOPNMNSQSQD2G4IZAC3JACVWCN2IT - 2t
2016-08-01T19:37:57.827Z   200       6372 https://www.google.com/robots.txt RERRXRP https://www.google.com/+ text/plain #003 20160801193757737+88 sha1:XFZ2SODRAFNTH7MHBSOEBGBZVPBGPHNN - -
2016-08-01T19:37:58.780Z   302          0 https://plus.google.com/u/0 RERRXR https://plusone.google.com/u/0 application/binary #019 20160801193758742+37 sha1:3I42H3S6NNFQ2MSVX7XZKYAYSCX5QBYJ - -
2016-08-01T19:37:58.792Z   200     162464 https://fonts.gstatic.com/s/roboto/v15/bdHGHleUa-ndQCOrdpfxfw.ttf RERRE https://plus.google.com/+MatKelly font/ttf #002 20160801193758755+37 sha1:BILZHETOF3TSJTZP6P6HVXDUKNEGLH4C - -
2016-08-01T19:37:58.799Z   200      29998 https://maps-api-ssl.google.com/maps/api/staticmap?size=320x175&sensor=false&language=en&client=google-profiles&signature=6g52SawoDCxI9y9wUdgvjpCc9kM%3D RERRX https://plus.google.com/+MatKelly image/png #010 20160801193758767+32 sha1:BZHBDG63CTTDI2W2EAMDWLEHA4DTYZXC - -
2016-08-01T19:37:58.827Z   200        445 http://www.youtube.com/robots.txt RERRXRP http://www.youtube.com/c text/plain #010 20160801193758803+24 sha1:GGTSII4C4CB5OINU5TRTDX5KAJ7HTVA3 - -
2016-08-01T19:37:58.833Z   200        552 https://docs.google.com/robots.txt RERRXRP https://docs.google.com/picker text/plain #007 20160801193758783+49 sha1:TJ2SSXRJNJWDLEA3FDSMU2FAZ5XLDRIU - -
2016-08-01T19:37:58.835Z   200        428 https://s2.googleusercontent.com/s2/favicons?domain=ws-dl.blogspot.com&alt=p RERRE https://plus.google.com/+MatKelly image/png #005 20160801193758767+67 sha1:CFJLAVGXLV6J25626LSGV653AEPUCHGR - -
2016-08-01T19:37:58.848Z   200      23350 https://lh3.googleusercontent.com/-iNDr29fIsWM/AAAAAAAAAAI/AAAAAAAAMR0/b0M788l81Wk/s120-c/photo.jpg RERRE https://plus.google.com/+MatKelly image/png #021 20160801193758778+69 sha1:HKFV7BLBDBA3X2YN6RVW5RNVRNCRGSPS - -
2016-08-01T19:37:58.873Z   302        405 http://picasaweb.google.com/home RERRXR http://picasaweb.google.com/ text/html #008 20160801193758778+92 sha1:35FJLAPAGUHQM2QRKNKMLG7FDWPRGPOG - -
2016-08-01T19:37:58.873Z   302        228 https://accounts.google.com/TOS?hl=en-US RERRX https://plus.google.com/+MatKelly text/html #024 20160801193758828+43 sha1:5YI35PCMFNMDKXFWB7NFSPEQP5REWH2U - -
2016-08-01T19:37:58.909Z   302        316 https://hangouts.google.com/hangouts/_/ RERRX https://plus.google.com/+MatKelly text/html #021 20160801193758849+58 sha1:L36DZ6STMIXHO7XFADP7IROO5D7CJEHY - -
2016-08-01T19:38:00.771Z   200       5980 http://www.cs.odu.edu/files/easySlider1.7.js RE http://www.cs.odu.edu/ application/javascript #016 20160801193800762+3 sha1:XW3B4L7DCNIFL3VDJ3GRL4BCFLAK3N5C - -
2016-08-01T19:38:00.800Z   200       4682 https://ssl.gstatic.com/gb/images/b8_3615d64d.png RERRE https://plus.google.com/+MatKelly image/png #016 20160801193800772+28 sha1:TGO5PT7SKKEJKZWFWCBSGLB4334L64LN - -
2016-08-01T19:38:00.900Z   301        221 https://www.google.com/+ RERRXR http://google.com/+ text/html #010 20160801193800836+63 sha1:VEO2AXX433GSEL27RKW36ZKP4PNL3EBS - 2t
2016-08-01T19:38:01.826Z   200     162420 https://fonts.gstatic.com/s/roboto/v15/dtpHsbgPEm2lVWciJZ0P-A.ttf RERRE https://plus.google.com/+MatKelly font/ttf #019 20160801193801793+32 sha1:FYYURUQTWFJSR27LXIKOQKH3HP3ZMNHO - -
2016-08-01T19:38:01.834Z   200      32318 https://maps-api-ssl.google.com/maps/api/staticmap?size=400x175&sensor=false&language=en&client=google-profiles&signature=yiZlEaoMtlr_Rq4pItNdASlV8xM%3D RERRX https://plus.google.com/+MatKelly image/png #002 20160801193801803+30 sha1:G25WVLPPR2D7AUA5GFCAJMQDUSKR5VL5 - -
2016-08-01T19:38:01.846Z   302          0 https://plus.google.com/u/0/ RERRXRR https://plus.google.com/u/0 application/binary #001 20160801193801793+51 sha1:3I42H3S6NNFQ2MSVX7XZKYAYSCX5QBYJ - -
2016-08-01T19:38:01.867Z   301          0 http://www.youtube.com/c RERRXR http://youtube.com/c text/html #019 20160801193801827+38 sha1:3I42H3S6NNFQ2MSVX7XZKYAYSCX5QBYJ - 2t
2016-08-01T19:38:01.877Z   200       1856 https://docs.google.com/picker RERRXR http://docs.google.com/picker text/html #002 20160801193801835+41 sha1:AF66J2N7MQEET6SN3A3O56HQNQTQ23IX - 2t
2016-08-01T19:38:01.921Z   200       4415 https://lh3.googleusercontent.com/-iNDr29fIsWM/AAAAAAAAAAI/AAAAAAAAMR0/b0M788l81Wk/s46-c-k-no/photo.jpg RERRE https://plus.google.com/+MatKelly image/png #019 20160801193801868+53 sha1:QIR7XQATJOFULXDZHZU7UPA4V2LG2HY2 - -
2016-08-01T19:38:01.970Z   302        221 https://hangouts.google.com/hangouts/_/extras/ RERRX https://plus.google.com/+MatKelly text/html #021 20160801193801921+48 sha1:LIW5Z6IAQPMW6V4G6ALFI57GQWBEVN4Y - -
2016-08-01T19:38:01.996Z   200      69099 https://accounts.google.com/ServiceLogin?service=oz&passive=1209600&continue=https://plus.google.com/u/0/?gpsrc%3Dgplp0 RERRXRRR https://plus.google.com/u/0/ text/html #002 20160801193801878+108 sha1:IVEEYFMZ2BJEDXNBZVPNPJ75EXDQMHA7 - -
2016-08-01T19:38:03.794Z   200         43 http://www.cs.odu.edu/files/spacer.gif RE http://www.cs.odu.edu/ image/gif #006 20160801193803788+5 sha1:5J67LA4YGEZ3MJYSWXTTX7542ROMKNZW - -
2016-08-01T19:38:03.833Z   200      32038 https://ssl.gstatic.com/images/branding/product/ico/google_plus_alldp.ico RERRE https://plus.google.com/+MatKelly image/x-icon #014 20160801193803806+26 sha1:ILADXBYGFHQZYFTBRCEMSMRPZLIP4K7P - -
2016-08-01T19:38:03.996Z   200      15589 https://www.google.com/photos/about/ RERRXR https://photos.google.com/ text/html #010 20160801193803910+80 sha1:4M72WEIFWH3J4UBNXHBTJHUOGSK24WN6 - usingCharsetInHTML:UTF-8
2016-08-01T19:38:04.871Z   200      32860 https://maps-api-ssl.google.com/maps/api/staticmap?size=480x175&sensor=false&language=en&client=google-profiles&signature=XFx9UcLT04n6gPg4XIBeel7N_P4%3D RERRX https://plus.google.com/+MatKelly image/png #014 20160801193804839+29 sha1:YN7G64Q3ZC2SNBUMYBFGY3EJ2DPHWT26 - -
2016-08-01T19:38:04.898Z   404       1576 https://plus.google.com/es_oz_20160728.13_p0 RERRX https://plus.google.com/+MatKelly text/html #005 20160801193804851+46 sha1:AJHRO3LTHBRAREFJO4DR4YIE3TASPUJ7 - -
2016-08-01T19:38:05.006Z   200      16559 https://lh3.googleusercontent.com/proxy/BO3jIgfyRIODqU-4TzCs4dCd0oyks1pRvZvXEKtL8C8EFLDpNUmspvXCnzqO-8E-nSvLfOv7PGK04fArFfQ3=w426-h240-n RERRE https://plus.google.com/+MatKelly image/jpeg #019 20160801193804929+77 sha1:SJDJAYAPKNUK5N2VYFSU4KOE5LEY5W6T - -
2016-08-01T19:38:05.007Z   404      60394 https://www.youtube.com/c RERRXRR http://www.youtube.com/c text/html #014 20160801193804873+120 sha1:2EDKVSBU5ZRSJKYWFRLU7OTD5OKRHMGD - -
2016-08-01T19:38:05.040Z   302        323 https://hangouts.google.com/hangouts/_/stream/ RERRX https://plus.google.com/+MatKelly text/html #021 20160801193804978+60 sha1:NSDTWYRL4Q6R7WDEFGPD6EQFMABDAEN7 - -
2016-08-01T19:38:05.215Z   200     354080 https://accounts.google.com/SignUp?service=oz&hl=en-US&continue=https://plus.google.com/%2BMatKelly RERRX https://plus.google.com/+MatKelly text/html #010 20160801193805001+138 sha1:WQBTXFDR7IUBFIBB27ORBY66B4G3LMJK - -
2016-08-01T19:38:06.805Z   200       1979 http://www.cs.odu.edu/files/gfx-logo-odu-crown.gif RE http://www.cs.odu.edu/ image/gif #004 20160801193806800+4 sha1:HTJQO7Y76X3IL4DIGHLSKSOZHEVAKXIU - -
2016-08-01T19:38:06.865Z   200       5440 https://ssl.gstatic.com/gb/js/abc/glm_e7bb39a7e1a24581ff4f8d199678b1b9.js RERRX https://plus.google.com/+MatKelly text/javascript #018 20160801193806838+25 sha1:YXJ4K4JPWXJZH52PK4LCPM4AMIPQRWW7 - -
2016-08-01T19:38:07.082Z   302        401 https://www.google.com/accounts/ServiceLogin?hl=en_US&continue=https%3A%2F%2Fpicasaweb.google.com%2Flh%2Flogin%3Fcontinue%3Dhttps%253A%252F%252Fpicasaweb.google.com%252Fhome&service=lh2&ltmpl=gp&passive=true RERRXRR http://picasaweb.google.com/home text/html #014 20160801193807014+67 sha1:H4EIPWUKYXNJG5DFCEVG46XRVG5IGIW2 - -
2016-08-01T19:38:07.960Z   400       1576 https://plus.google.com/_/resourcefailure?type= RERRX https://plus.google.com/+MatKelly text/html #024 20160801193807901+58 sha1:JJ2CUOO4KAQOEM7WR3ZX5KQKZDEMGQ5L - -
2016-08-01T19:38:08.083Z   200      23571 https://lh3.googleusercontent.com/proxy/BO3jIgfyRIODqU-4TzCs4dCd0oyks1pRvZvXEKtL8C8EFLDpNUmspvXCnzqO-8E-nSvLfOv7PGK04fArFfQ3=w506-h284-n RERRX https://plus.google.com/+MatKelly image/jpeg #019 20160801193808015+67 sha1:YLGLV4QWDXEF7AK2VV7FF3BOYRPPYG66 - -
2016-08-01T19:38:08.100Z   200      17751 https://www.youtube.com/embed/GUywKEtXX2c RERRX https://plus.google.com/+MatKelly text/html #002 20160801193808025+71 sha1:7UDJIFLCXUJLBYXJVJC2WWG7EXFSLX4H - -
2016-08-01T19:38:08.331Z   200      72086 https://accounts.google.com/ServiceLogin?hl=en_US&continue=https%3A%2F%2Fpicasaweb.google.com%2Flh%2Flogin%3Fcontinue%3Dhttps%253A%252F%252Fpicasaweb.google.com%252Fhome&service=lh2&ltmpl=gp&passive=true RERRXRRR https://www.google.com/accounts/ServiceLogin?hl=en_US&continue=https%3A%2F%2Fpicasaweb.google.com%2Flh%2Flogin%3Fcontinue%3Dhttps%253A%252F%252Fpicasaweb.google.com%252Fhome&service=lh2&ltmpl=gp&passive=true text/html #010 20160801193808221+99 sha1:MHDGBSVYXJKAVPZTAWSDNX5567ENQOG3 - -
2016-08-01T19:38:09.818Z   200        845 http://www.cs.odu.edu/files/gfx-btn-go-dblue.gif RE http://www.cs.odu.edu/ image/gif #022 20160801193809812+5 sha1:AL3N6MGP6XFDCZXLGLSBGR3UCKE746ZP - -
2016-08-01T19:38:09.913Z   200      52466 https://ssl.gstatic.com/gb/js/sem_35a0acf476b08dcc9f8d1290617ae9e7.js RERRX https://plus.google.com/+MatKelly text/javascript #018 20160801193809875+25 sha1:TBK233UC6MCKRGDX5WQKUUN34LT7ZQ3E - -
2016-08-01T19:38:10.179Z   200      19753 https://www.google.com/intl/en/policies/terms/ RERRXR https://accounts.google.com/TOS?hl=en-US text/html #019 20160801193810090+81 sha1:5UVAJ4CMI66AUV7OZWDKW6VWFLW37VVZ - usingCharsetInHTML:UTF-8
2016-08-01T19:38:11.018Z   200        959 https://plus.google.com/_/css-load-error/ RERRX https://plus.google.com/+MatKelly text/html #024 20160801193810967+50 sha1:LAYNYBNXSRFXR2FU7MPBR3VCQCCMYQA5 - -
2016-08-01T19:38:11.153Z   200      13057 https://lh3.googleusercontent.com/proxy/BO3jIgfyRIODqU-4TzCs4dCd0oyks1pRvZvXEKtL8C8EFLDpNUmspvXCnzqO-8E-nSvLfOv7PGK04fArFfQ3=w800-h800 RERRX https://plus.google.com/+MatKelly image/jpeg #014 20160801193811100+53 sha1:IBH46MBFZDTE5XTJNDEPF7PGJWZRTO4R - -
2016-08-01T19:38:11.185Z   301          0 https://www.youtube.com/watch?v= RERRX https://plus.google.com/+MatKelly text/html #002 20160801193811106+78 sha1:3I42H3S6NNFQ2MSVX7XZKYAYSCX5QBYJ - -
2016-08-01T19:38:12.832Z   200        152 http://www.cs.odu.edu/files/hmenu_bg_dept1.gif RE http://www.cs.odu.edu/ image/gif #022 20160801193812829+2 sha1:IENHS5JNLXTLOUV5RKLXEMXUDWPQ7MRI - -
2016-08-01T19:38:12.945Z   200       2141 https://ssl.gstatic.com/gb/js/abc/gci_91f30755d6a6b787dcc2a4062e6e9824.js RERRX https://plus.google.com/+MatKelly text/javascript #008 20160801193812916+27 sha1:EMI7ANQ47KAEQT7MJ6KEKXTBDWREKP4T - -
2016-08-01T19:38:13.248Z   302        326 https://www.google.com/accounts/ServiceLogin?service=talk&passive=1209600&continue=https://hangouts.google.com:443/hangouts/_/ RERRXR https://hangouts.google.com/hangouts/_/ text/html #019 20160801193813182+64 sha1:M2WQKTKTDQSMVM6TWEO66KRKQB27ZBU4 - -
2016-08-01T19:38:13.363Z   200      76326 https://accounts.google.com/ServiceLogin?service=talk&passive=1209600&continue=https%3A%2F%2Fhangouts.google.com%3A443%2Fhangouts%2F_%2F RERRXRR https://www.google.com/accounts/ServiceLogin?service=talk&passive=1209600&continue=https://hangouts.google.com:443/hangouts/_/ text/html #019 20160801193813249+103 sha1:RSSNRYRF2OYZE57OE2FLM3LHIGUDPKPE - -
2016-08-01T19:38:14.076Z   404       1576 https://plus.google.com/oz.reportError RERRX https://plus.google.com/+MatKelly text/html #024 20160801193814033+42 sha1:AJHRO3LTHBRAREFJO4DR4YIE3TASPUJ7 - -
2016-08-01T19:38:14.229Z   200      32011 https://lh3.googleusercontent.com/c5dqxl-2uHZ82ah9p7yxrVF1ZssrJNSV_15Nu0TUZwzCWqmtoLxCUJgEzLGtxsrJ6-v6R6rKU_-FYm881TTiMCJ_=s1600-fSoften=1,60,0 RERRX https://plus.google.com/+MatKelly image/jpeg #014 20160801193814162+66 sha1:IOWVMEUKOG3MNSEG66EDNIP3EDMVK2YA - -
2016-08-01T19:38:15.511Z   200     493187 https://www.youtube.com/ RERRXR https://www.youtube.com/watch?v= text/html #002 20160801193814194+1215 sha1:D4EKH5JIJNGEXOYHMFUODCESFACVLPLT - -
2016-08-01T19:38:15.841Z   200       6444 http://www.cs.odu.edu/files/hmenu_college_of_sciences-new.png RE http://www.cs.odu.edu/ image/png #022 20160801193815838+2 sha1:GJGS2KBVVFXI5MPQ46AX6BNMULSBX2P2 - -
2016-08-01T19:38:15.998Z   200      27599 https://ssl.gstatic.com/gb/js/abc/pwm_45f73e4df07a0e388b0fa1f3d30e7280.js RERRX https://plus.google.com/+MatKelly text/javascript #008 20160801193815960+31 sha1:66MN4EVF62RUT3H3V56UKSZGGXOXYYGC - -
2016-08-01T19:38:16.413Z   302        335 https://www.google.com/accounts/ServiceLogin?service=talk&passive=1209600&continue=https://hangouts.google.com:443/hangouts/_/stream/ RERRXR https://hangouts.google.com/hangouts/_/stream/ text/html #010 20160801193816346+65 sha1:GW4CWS2J5K55MM4DGJ726277IJKSPH6T - -
2016-08-01T19:38:16.519Z   200      71546 https://accounts.google.com/ServiceLogin?service=talk&passive=1209600&continue=https%3A%2F%2Fhangouts.google.com%3A443%2Fhangouts%2F_%2Fstream%2F RERRXRR https://www.google.com/accounts/ServiceLogin?service=talk&passive=1209600&continue=https://hangouts.google.com:443/hangouts/_/stream/ text/html #010 20160801193816414+95 sha1:ITVOYANXW2VFSI72WHX372V3QRKGV2QD - -
2016-08-01T19:38:17.141Z   302          0 https://plus.google.com/ RERRX https://plus.google.com/+MatKelly application/binary #024 20160801193817088+52 sha1:3I42H3S6NNFQ2MSVX7XZKYAYSCX5QBYJ - -
2016-08-01T19:38:18.852Z   200       6619 http://www.cs.odu.edu/files/logo-cs.gif RE http://www.cs.odu.edu/ image/gif #016 20160801193818848+3 sha1:YELRHLNQPNSX6SQ26FACGYQOPKAD6R7R - -
2016-08-01T19:38:19.030Z   200        499 https://ssl.gstatic.com/gb/images/silhouette_24.png RERRX https://plus.google.com/+MatKelly image/png #008 20160801193819008+22 sha1:ABTUCKRBDXPHVJJULDHA6JN36NCXI4EY - -
2016-08-01T19:38:19.587Z   204          0 https://www.google.com/gen_204?atyp=i&zx= RERRX https://plus.google.com/+MatKelly text/html #002 20160801193819523+63 sha1:3I42H3S6NNFQ2MSVX7XZKYAYSCX5QBYJ - -
2016-08-01T19:38:19.643Z   200      69195 https://accounts.google.com/ServiceLogin?service=oz&passive=1209600&continue=https://plus.google.com/?gpsrc%3Dgplp0 RERRXR https://plus.google.com/ text/html #010 20160801193819531+102 sha1:ABZ2CSG5WD725CD7ZXNOTE2F6B3EOLCT - -
2016-08-01T19:38:20.203Z   404       1576 https://plus.google.com/MSXML2.XMLHTTP RERRX https://plus.google.com/+MatKelly text/html #024 20160801193820153+43 sha1:AJHRO3LTHBRAREFJO4DR4YIE3TASPUJ7 - -
2016-08-01T19:38:21.664Z   200      17683 https://www.youtube.com/embed/bo390-3ohW4 RERRX https://plus.google.com/+MatKelly text/html #002 20160801193821595+65 sha1:WCPOWSFNRE72T44JULYW2FRNP2E5PXET - -
2016-08-01T19:38:21.863Z   200      14114 http://www.cs.odu.edu/files/header-right1.gif RE http://www.cs.odu.edu/ image/gif #022 20160801193821859+3 sha1:GBRZAKQHFSSTFMMJW5PSC3CZTUO3EUYK - -
2016-08-01T19:38:22.067Z   200       1747 https://ssl.gstatic.com/gb/images/silhouette_96.png RERRX https://plus.google.com/+MatKelly image/png #008 20160801193822042+24 sha1:ZWNBVO32IGU3ZAEFTP7REEOBAFOCKSA7 - -
2016-08-01T19:38:22.798Z   200      45287 https://www.google.com/ RERRX https://plus.google.com/+MatKelly text/html #010 20160801193822656+131 sha1:BHLMOYSN5WRQTOJ23SIER5NU4L5M2OVN - -
2016-08-01T19:38:23.257Z   404       1576 https://plus.google.com/Microsoft.XMLHTTP RERRX https://plus.google.com/+MatKelly text/html #024 20160801193823211+45 sha1:AJHRO3LTHBRAREFJO4DR4YIE3TASPUJ7 - -
2016-08-01T19:38:24.754Z   200      17667 https://www.youtube.com/embed/ylZg43Meick RERRX https://plus.google.com/+MatKelly text/html #002 20160801193824677+73 sha1:OGAK6NVNIWHYR7YC6R564UVYEAV7XJHM - -
2016-08-01T19:38:24.874Z   200         64 http://www.cs.odu.edu/files/lmenu_bg_162.gif RE http://www.cs.odu.edu/ image/gif #013 20160801193824870+3 sha1:3D2D634F3VFIZFRMBUSSEELRVN6WRCV3 - -
2016-08-01T19:38:25.108Z   200      51389 https://ssl.gstatic.com/s2/oz/images/hangouts/hangouts_onair_promo_live-dffa4529a32c693283924cd12ffbc4e4.png RERRX https://plus.google.com/+MatKelly image/png #008 20160801193825075+32 sha1:B5Q3YZF4O437754SZWXURW5ZNCJXSCLH - -
2016-08-01T19:38:25.885Z   301        253 https://www.google.com/maps?layer=c&ie=UTF8&source=embed&output=svembed RERRX https://plus.google.com/+MatKelly text/html #010 20160801193825813+71 sha1:7RUNT5EDPKWLPNTTWEBQX45433BVJ2CW - -
2016-08-01T19:38:26.455Z   200    1030510 https://plus.google.com/_/scs/apps-static/_/ss/k=oz.home.-11oc1xsc4cvz.L.X.O/am=LBCHQ2SAAg/d=0/rs=AGLTcCNNhL9YDPAKMfOfMF-2ObpzNMjajg RERRE https://plus.google.com/+MatKelly text/css #014 20160801193826265+64 sha1:L3C6AL7A6XKEBFWICRBH4AUFJGKQEN55 - -
2016-08-01T19:38:27.833Z   200      17708 https://www.youtube.com/embed/8aCYZ3gXfy8 RERRX https://plus.google.com/+MatKelly text/html #002 20160801193827762+67 sha1:H5CJ6BRNIQ3GTTUAJWBLKFVDPU537SSI - -
2016-08-01T19:38:27.885Z   200       3668 http://www.cs.odu.edu/files/lmenu_1st_resources.png RE http://www.cs.odu.edu/ image/png #016 20160801193827882+3 sha1:OANWUI2NUTZ4PXOKQDICZNSBBZUTMHT6 - -
2016-08-01T19:38:28.156Z   200      47482 https://ssl.gstatic.com/s2/oz/images/hangouts/hangouts_onair_promo_recorded-7453f2c3b2160c984e5cd7c017effd49.png RERRX https://plus.google.com/+MatKelly image/png #008 20160801193828116+39 sha1:ZGKZY2Y4W62YBEEYYSKCOKYMMHG6FTUB - -
2016-08-01T19:38:28.960Z   200       1136 https://www.google.com/maps/embed?origin=mfe&pb=!1m0 RERRXR https://www.google.com/maps?layer=c&ie=UTF8&source=embed&output=svembed text/html #016 20160801193828890+69 sha1:ZY7ZCFIWFPCVL4AP3SAXRJFGB7QGDDWU - -
2016-08-01T19:38:29.890Z   200    2002567 https://plus.google.com/_/scs/apps-static/_/js/k=oz.home.en_US.d_nBv92xBM8.O/m=b,prc/am=LBCHQ2SAAg/rt=j/d=1/rs=AGLTcCNGGjwxNMVf6h8HrVmM0tIGJ5vMWw RERRE https://plus.google.com/+MatKelly text/javascript #014 20160801193829462+80 sha1:LTT5O462EBXGCGS4BRBW4JQOCJAYAV7Z - -
2016-08-01T19:38:30.899Z   200         54 http://www.cs.odu.edu/files/bullet_blue_triangle.gif RE http://www.cs.odu.edu/ image/gif #013 20160801193830893+5 sha1:PJWCZQ2SZRAQ2GFRENRYG3E5XVQXWDDX - -
2016-08-01T19:38:31.201Z   404       1629 https://ssl.gstatic.com/s2/oz/images/notifications/jingles_eb4e5306b38f83915d82034fa93390d9/ RERRX https://plus.google.com/+MatKelly text/html #008 20160801193831167+33 sha1:JMSG6T5BKLWM6ZYNEEXYF3JQC2XZ6K3V - -
2016-08-01T19:38:31.251Z   200     164174 https://www.youtube.com/watch?v=DoSiPDujIiM&feature=autoshare RERRX https://plus.google.com/+MatKelly text/html #002 20160801193830838+384 sha1:NVZNOIPNG63SPFOGK22CEHCQDKW4UHN7 - -
2016-08-01T19:38:32.038Z   302        214 https://www.google.com/contacts RERRX https://plus.google.com/+MatKelly text/html #016 20160801193831971+65 sha1:ZPYUPBBWEDZIYR5YQ2ESVMGQHRWVECV7 - -
2016-08-01T19:38:33.385Z   302          0 https://plus.google.com/?host=www.gstatic.com&bust=og.og.en_US.cpZELQWfEOQ.DU RERRX https://plus.google.com/+MatKelly application/binary #004 20160801193832899+484 sha1:3I42H3S6NNFQ2MSVX7XZKYAYSCX5QBYJ - -
2016-08-01T19:38:33.495Z   200      69347 https://accounts.google.com/ServiceLogin?service=oz&passive=1209600&continue=https://plus.google.com/?host%3Dwww.gstatic.com%26bust%3Dog.og.en_US.cpZELQWfEOQ.DU%26gpsrc%3Dgplp0 RERRXR https://plus.google.com/?host=www.gstatic.com&bust=og.og.en_US.cpZELQWfEOQ.DU text/html #004 20160801193833386+100 sha1:B553CPNXLYZNFRZLBPPYC3F34XDVETH4 - -
2016-08-01T19:38:33.908Z   200      36058 http://www.cs.odu.edu/images/acm2.jpg RE http://www.cs.odu.edu/ image/jpeg #022 20160801193833899+9 sha1:7OFU4KLKIE3BO3AKWVCXRHG5E7PMPSSO - -
2016-08-01T19:38:34.236Z   200       2117 https://ssl.gstatic.com/images/branding/google_plus/1x/gplus_word_108x30dp.png RERRX https://plus.google.com/+MatKelly image/png #008 20160801193834213+22 sha1:IKCQTIVREDUHAVRHPTABDBL5LB6EOKCS - -
2016-08-01T19:38:34.356Z   200       5242 https://www.youtube.com/v/DoSiPDujIiM?version=3&autohide=1&autoplay=1&feature=autoshare-u RERRX https://plus.google.com/+MatKelly application/x-shockwave-flash #002 20160801193834261+89 sha1:MWR7V6ZGND54PQDQMDZE5HQROFUIAJKE - -
2016-08-01T19:38:35.121Z   200        843 https://www.google.com/contacts/ RERRXR https://www.google.com/contacts text/html #016 20160801193835050+70 sha1:GCVY3BRVC6JBH6PCOK6QEQ7TEWT223AS - -
2016-08-01T19:38:36.482Z   404       1576 https://plus.google.com/gci_91f30755d6a6b787dcc2a4062e6e9824.js RERRX https://plus.google.com/+MatKelly text/html #019 20160801193836436+45 sha1:AJHRO3LTHBRAREFJO4DR4YIE3TASPUJ7 - -
2016-08-01T19:38:36.932Z   200      65170 http://www.cs.odu.edu/images/acm_meeting_spring1.jpg RE http://www.cs.odu.edu/ image/jpeg #013 20160801193836921+10 sha1:CMQQVXFLSJNWWMOSGTEQH4JFIWJASMJO - -
2016-08-01T19:38:37.400Z   301          0 http://www.youtube.com/channel/UCYxIqzBJEuisbUZ6LCYW1mA RERRX https://plus.google.com/+MatKelly text/html #002 20160801193837363+35 sha1:3I42H3S6NNFQ2MSVX7XZKYAYSCX5QBYJ - -
2016-08-01T19:38:38.206Z   200       1603 https://www.google.com/contacts/'https://www.google.com/accounts/ServiceLogin?service=contacts&passive=1209600&continue=https://www.google.com/contacts/&followup=https://www.google.com/contacts/' RERRXRR https://www.google.com/contacts/ text/html #016 20160801193838134+69 sha1:4F66I4KBGUCYE5LJI6SYJT7WR5YID5YE - -
2016-08-01T19:38:39.535Z   404       1576 https://plus.google.com/pw.clk RERRX https://plus.google.com/+MatKelly text/html #019 20160801193839489+45 sha1:AJHRO3LTHBRAREFJO4DR4YIE3TASPUJ7 - -
2016-08-01T19:38:39.940Z   200      30680 http://www.cs.odu.edu/images/JCDL_2015.jpeg RE http://www.cs.odu.edu/ image/jpeg #020 20160801193839934+5 sha1:XMCFCWCT4TC66AQC4Y45ZH5XQGP3H6D3 - -
2016-08-01T19:38:41.022Z   200     140285 https://www.youtube.com/channel/UCYxIqzBJEuisbUZ6LCYW1mA RERRXR http://www.youtube.com/channel/UCYxIqzBJEuisbUZ6LCYW1mA text/html #002 20160801193840408+591 sha1:SYNDDZ4ZV6ZVK36QIJ73AJP3XXHNQRCH - -
2016-08-01T19:38:41.291Z   200       3389 https://www.google.com/contacts/'https://www.google.com/accounts/'https://www.google.com/accounts/ServiceLogin?service=contacts&passive=1209600&continue=https://www.google.com/contacts/'https://www.google.com/accounts/ServiceLogin?service%3Dcontacts%26passive%3D1209600%26continue%3Dhttps://www.google.com/contacts/%26followup%3Dhttps://www.google.com/contacts/'&followup=https://www.google.com/contacts/'https://www.google.com/accounts/ServiceLogin?service%3Dcontacts%26passive%3D1209600%26continue%3Dhttps://www.google.com/contacts/%26followup%3Dhttps://www.google.com/contacts/'' RERRXRRR https://www.google.com/contacts/'https://www.google.com/accounts/ServiceLogin?service=contacts&passive=1209600&continue=https://www.google.com/contacts/&followup=https://www.google.com/contacts/' text/html #016 20160801193841216+72 sha1:SP25Y6TE5WZEBA2DCJJI6ON36ID6GN4E - -
2016-08-01T19:38:42.583Z   404       1576 https://plus.google.com/pw.hvr RERRX https://plus.google.com/+MatKelly text/html #019 20160801193842542+40 sha1:AJHRO3LTHBRAREFJO4DR4YIE3TASPUJ7 - -
2016-08-01T19:38:42.952Z   200      77350 http://www.cs.odu.edu/images/nikos_slider_1.jpg RE http://www.cs.odu.edu/ image/jpeg #012 20160801193842946+5 sha1:PFH53BGBALULC5P2EUHF62CIEI3FQBHZ - -
2016-08-01T19:38:44.342Z   404       1590 http://www.google.com/intl/en-US/+/learnmore/forum/ RERRX https://plus.google.com/+MatKelly text/html #016 20160801193844297+44 sha1:KDBAU6GLFAQE325FBWM74C36S7PIBGGG - -
2016-08-01T19:38:45.638Z   404       1576 https://plus.google.com/cfg.init RERRX https://plus.google.com/+MatKelly text/html #019 20160801193845590+47 sha1:AJHRO3LTHBRAREFJO4DR4YIE3TASPUJ7 - -
2016-08-01T19:38:45.960Z   200      66033 http://www.cs.odu.edu/images/dragas_ps_lab_1.jpg RE http://www.cs.odu.edu/ image/jpeg #022 20160801193845956+4 sha1:IOMQKH34NKADFK3EOMFRL2KVRTCMWUDM - -
2016-08-01T19:38:47.441Z   200      17318 https://www.google.com/intl/en-US/+/policy/content.html RERRX https://plus.google.com/+MatKelly text/html #016 20160801193847354+85 sha1:KR6TYYPIOPE7UE6NZLIDAADFAJX6XFHK - usingCharsetInHTML:UTF-8
2016-08-01T19:38:48.690Z   404      11901 https://plus.google.com/c/ RERRX https://plus.google.com/+MatKelly text/html #019 20160801193848648+40 sha1:6PM5M2KGY2PM2PKYUI7WCKSJZ2OF2IUF - -
2016-08-01T19:38:48.974Z   200      81254 http://www.cs.odu.edu/images/group_station_orlab_1.jpg RE http://www.cs.odu.edu/ image/jpeg #012 20160801193848968+5 sha1:KIOS76SQVM665S6GSY7JLSBMTZAWHWJU - -
2016-08-01T19:38:50.510Z   301        245 https://www.google.com/intl/en-US/+/policy/ RERRX https://plus.google.com/+MatKelly text/html #016 20160801193850449+60 sha1:FZOTCKE4ZOB2XOZ4N3E4ZZI22BIUGIGR - -
2016-08-01T19:38:51.750Z   302          0 https://plus.google.com/pages/settings/plus RERRX https://plus.google.com/+MatKelly application/binary #019 20160801193851704+44 sha1:3I42H3S6NNFQ2MSVX7XZKYAYSCX5QBYJ - -
2016-08-01T19:38:51.864Z   200      69179 https://accounts.google.com/ServiceLogin?service=oz&passive=1209600&continue=https://plus.google.com/pages/settings/plus?gpsrc%3Dgplp0 RERRXR https://plus.google.com/pages/settings/plus text/html #019 20160801193851751+100 sha1:XSVPNJIEJZUXH3KVY46MI5HECRTIGMY4 - -
2016-08-01T19:38:51.982Z   200     101880 http://www.cs.odu.edu/images/scsc_best_paper_award.jpg RE http://www.cs.odu.edu/ image/jpeg #007 20160801193851978+4 sha1:GUQNJUGWJDGM7PSZY5VFKEHH3DAVP332 - -
2016-08-01T19:38:53.640Z   200      53831 https://www.google.com/intl/en/policies/privacy/ RERRXR https://www.google.com/intl/en-US/+/policy/ text/html #016 20160801193853521+104 sha1:PNEWNIUDX3XEPLETSVSVZNMT2TOIBC2D - usingCharsetInHTML:UTF-8
2016-08-01T19:38:54.923Z   302          0 https://plus.google.com/pages/settings/admin RERRX https://plus.google.com/+MatKelly application/binary #019 20160801193854875+47 sha1:3I42H3S6NNFQ2MSVX7XZKYAYSCX5QBYJ - -
2016-08-01T19:38:54.995Z   200       4213 http://www.cs.odu.edu/files/rmenu_alerts.png RE http://www.cs.odu.edu/ image/png #001 20160801193854992+2 sha1:INLQQDXXHYMYTWEM6C4RUZXBEP7NZN6P - -
2016-08-01T19:38:55.028Z   200      69191 https://accounts.google.com/ServiceLogin?service=oz&passive=1209600&continue=https://plus.google.com/pages/settings/admin?gpsrc%3Dgplp0 RERRXR https://plus.google.com/pages/settings/admin text/html #019 20160801193854924+95 sha1:TGP4GRYECOIBQ7EQIZX6YOOXP4MCWLZH - -
2016-08-01T19:38:56.714Z   200      14380 https://www.google.com/intl/en-US/help/terms_maps.html RERRX https://plus.google.com/+MatKelly text/html #016 20160801193856648+63 sha1:62BHFBS746LQTEYSNEQ7X3DQD5HURM6D - usingCharsetInHTML:UTF-8
2016-08-01T19:38:57.991Z   302          0 https://plus.google.com/notifications/all RERRX https://plus.google.com/+MatKelly application/binary #025 20160801193857945+44 sha1:3I42H3S6NNFQ2MSVX7XZKYAYSCX5QBYJ - -
2016-08-01T19:38:58.008Z   200       2592 http://www.cs.odu.edu/files/stop_alert.png RE http://www.cs.odu.edu/ image/png #013 20160801193858001+6 sha1:BFY35G7SHFXLUXNCDZQDN5OW5HE4Z2BV - -
2016-08-01T19:38:58.137Z   200      69177 https://accounts.google.com/ServiceLogin?service=oz&passive=1209600&continue=https://plus.google.com/notifications/all?gpsrc%3Dgplp0 RERRXR https://plus.google.com/notifications/all text/html #015 20160801193858030+98 sha1:46SDY4UC6KFWUON5GFLO55NI7HMTDG4Q - -
2016-08-01T19:39:01.016Z   200       1005 http://www.cs.odu.edu/files/rmenu_1st_upcoming_news.png RE http://www.cs.odu.edu/ image/png #012 20160801193901013+3 sha1:ZY7XMTU6FTLDAVC7RKU2SNNJEDSGI37K - -
2016-08-01T19:39:01.165Z   400       1555 https://plus.google.com/complete/search RERRX https://plus.google.com/+MatKelly text/html #025 20160801193901002+163 sha1:VZLOUV6FFUIVHTWDHTXZDT4TLUWTV4KN - -
2016-08-01T19:39:04.029Z   200       1664 http://www.cs.odu.edu/images/lmenu_jobs.png RE http://www.cs.odu.edu/ image/png #001 20160801193904026+2 sha1:IDXMT2U2YMVJIHIPATGMFDXHROU4OTDY - -
2016-08-01T19:39:04.226Z   302          0 https://plus.google.com/?wwc=1 RERRX https://plus.google.com/+MatKelly application/binary #025 20160801193904178+46 sha1:3I42H3S6NNFQ2MSVX7XZKYAYSCX5QBYJ - -
2016-08-01T19:39:04.343Z   200      69195 https://accounts.google.com/ServiceLogin?service=oz&passive=1209600&continue=https://plus.google.com/?wwc%3D1%26gpsrc%3Dgplp0 RERRXR https://plus.google.com/?wwc=1 text/html #025 20160801193904227+107 sha1:IAJSQPPWBQ5ZXDEO2VPO67KPD2SFK6DM - -
2016-08-01T19:39:07.043Z   200       3599 http://www.cs.odu.edu/files/rmenu_1st_search.png RE http://www.cs.odu.edu/ image/png #013 20160801193907037+6 sha1:2MBGWJZ4BAZVKXKABCU2DQVOIE4FUPT2 - -
2016-08-01T19:39:07.352Z   404       1576 https://plus.google.com/4/jcsnatvshdla4tnqiduqkv35h5t30h33h0srew3pjdoqwy3ughxbavnna1pk/ RERRX https://plus.google.com/+MatKelly text/html #017 20160801193907306+45 sha1:AJHRO3LTHBRAREFJO4DR4YIE3TASPUJ7 - -
2016-08-01T19:39:10.054Z   200         54 http://www.cs.odu.edu/files/rmenu_bg_229.gif RE http://www.cs.odu.edu/ image/gif #003 20160801193910051+2 sha1:XJIR7MWMRP3HJFHJY2DLXEHEQWQTPFX6 - -
2016-08-01T19:39:10.637Z   200      73973 https://plus.google.com/+MatKelly/posts/d1vuVrSENHE RERRX https://plus.google.com/+MatKelly text/html #025 20160801193910360+259 sha1:X7LQR7Y24VFOQHSCW65UWNSMQJBPETVT - -
2016-08-01T19:39:13.064Z   200       1540 http://www.cs.odu.edu/files/rmenu_1st_featured_student.png RE http://www.cs.odu.edu/ image/png #012 20160801193913061+2 sha1:J4UWTIQ4Q4FOIMZDNXOMYOBFCEDBSB7Q - -
2016-08-01T19:39:13.685Z   404       1576 https://plus.google.com/all RERRX https://plus.google.com/+MatKelly text/html #025 20160801193913642+42 sha1:AJHRO3LTHBRAREFJO4DR4YIE3TASPUJ7 - -
2016-08-01T19:39:16.077Z   200      36152 http://www.cs.odu.edu/images/hji.jpg RE http://www.cs.odu.edu/ image/jpeg #007 20160801193916074+3 sha1:6CAQD65UYVNPSOA76QM7HDQTGVAM6HBX - -
2016-08-01T19:39:19.080Z   200        126 http://www.cs.odu.edu/files/rmenu_bottom_229.gif RE http://www.cs.odu.edu/ image/gif #013 20160801193919077+3 sha1:7MGVDK6QYIHX24HKE7EO2FEGAZ5E2WRF - -
2016-08-01T19:39:22.116Z   200    1864696 http://www.cs.odu.edu/images/muddin.jpg RE http://www.cs.odu.edu/ image/jpeg #001 20160801193922084+29 sha1:UDKU5FVB3QP4XC65J4LEZNTM7UDQNVSX - -
2016-08-01T19:39:25.123Z   200        613 http://www.cs.odu.edu/files/rmenu_1st_about.png RE http://www.cs.odu.edu/ image/png #005 20160801193925119+4 sha1:SD2YLH2BPHWUSDQG32TED62CM2FQAYRF - -
2016-08-01T19:39:28.134Z   200        878 http://www.cs.odu.edu/files/rmenu_1st_important_dates.png RE http://www.cs.odu.edu/ image/png #019 20160801193928131+3 sha1:VW6GJ7Q3Z3JRHTRBF27WARHCTXP3IKZY - -
2016-08-01T19:39:31.145Z   200       4531 http://www.cs.odu.edu/files/rmenu_1st_research.png RE http://www.cs.odu.edu/ image/png #018 20160801193931142+2 sha1:TXFNOWQSFQMPVW3USCQJESNJ7IIQARZY - -
2016-08-01T19:39:34.160Z   200       4983 http://www.cs.odu.edu/images/facebook.png RE http://www.cs.odu.edu/ image/png #018 20160801193934157+2 sha1:7C6XCWGDKS27RIUKWJBFTZCFDIDVUUQ3 - -
2016-08-01T19:39:37.173Z   404        162 http://www.cs.odu.edu/files/shadow-r.gif RE http://www.cs.odu.edu/ text/html #005 20160801193937170+2 sha1:TFF4MZ3SBQQSK5IA4KIDRQNF6YPCLWQ6 - -
2016-08-01T19:39:40.180Z   200         94 http://www.cs.odu.edu/files/shadow-tr.gif RE http://www.cs.odu.edu/ image/gif #018 20160801193940177+2 sha1:3RI6SN4MGSJVGEUEBEOS4T4J6YPISCXW - -
2016-08-01T19:39:43.194Z   404        162 http://www.cs.odu.edu/files/shadow-b.gif RE http://www.cs.odu.edu/ text/html #018 20160801193943186+7 sha1:TFF4MZ3SBQQSK5IA4KIDRQNF6YPCLWQ6 - -
2016-08-01T19:39:46.204Z   200         98 http://www.cs.odu.edu/files/shadow-bl.gif RE http://www.cs.odu.edu/ image/gif #001 20160801193946199+4 sha1:RGLLTLJ542QJD732DLXPHGLNPQMCGVTW - -
2016-08-01T19:39:49.214Z   200         98 http://www.cs.odu.edu/files/shadow-br.gif RE http://www.cs.odu.edu/ image/gif #001 20160801193949211+2 sha1:TYNM2H2ZQDPMHILW3LXJN577SNYFWLS5 - -
2016-08-01T19:39:52.251Z   200       2380 http://www.cs.odu.edu/~mkelly/_js/html5shiv.js RE http://www.cs.odu.edu/~mkelly/ application/javascript #005 20160801193952223+27 sha1:N3RVIFLVBNI52ZNGKIOR3WI2XI7CV2BI - -
2016-08-01T19:39:55.282Z   200       4789 http://www.cs.odu.edu/~mkelly/style.css RE http://www.cs.odu.edu/~mkelly/ text/css #005 20160801193955261+17 sha1:MCRPDMX7QG6EXZBUQPUOTBUJMG2XT3AP - -
2016-08-01T19:39:58.327Z   200      91487 http://www.cs.odu.edu/~mkelly/_js/html2canvas.js RE http://www.cs.odu.edu/~mkelly/ application/javascript #015 20160801193958283+31 sha1:K6X3TJQ6TVADTLVTMV2ZQGHFWNSLM46K - -
2016-08-01T19:39:58.333Z     1         51 dns:www.w3.org REXP http://www.w3.org/2000/svg text/dns #015 20160801193958330+3 sha1:BRLIPTB7YI4HOCRA74DHUBUB46GHU2QT - -
2016-08-01T19:40:01.377Z   200      56150 http://www.cs.odu.edu/~mkelly/mofro.png RE http://www.cs.odu.edu/~mkelly/ image/png #015 20160801194001344+32 sha1:BS6G6CFUVUI7F4OGD6BKXDJCJLIPSLPO - -
2016-08-01T19:40:01.435Z   200       2933 http://www.w3.org/robots.txt REXP http://www.w3.org/2000/svg text/plain #015 20160801194001379+55 sha1:ZPCVMHIBHCXJOPPGDRCJVEGAYVH7PF5I - -
2016-08-01T19:40:04.448Z   404        162 http://www.cs.odu.edu/files/images/bg_body.gif REE http://www.cs.odu.edu/files/screen.css text/html #015 20160801194004445+3 sha1:TFF4MZ3SBQQSK5IA4KIDRQNF6YPCLWQ6 - -
2016-08-01T19:40:04.506Z   200       1503 http://www.w3.org/2000/svg REX http://www.cs.odu.edu/~mkelly/_js/html2canvas.js text/html #015 20160801194004449+56 sha1:MMPRJBBLEZQXQ6GRYQHU4FCA3UDF5RWC - 3t
2016-08-01T19:40:07.495Z   404        162 http://www.cs.odu.edu/files/images/btn_prev.gif REE http://www.cs.odu.edu/files/screen.css text/html #008 20160801194007492+3 sha1:TFF4MZ3SBQQSK5IA4KIDRQNF6YPCLWQ6 - -
2016-08-01T19:40:07.567Z   301        237 http://www.w3.org/1999/xhtml REX http://www.cs.odu.edu/~mkelly/_js/html2canvas.js text/html #017 20160801194007511+55 sha1:NYF7JXT5TR7P3EX5SYGOEAZLLJ4IZ2IK - -
2016-08-01T19:40:10.502Z   404        162 http://www.cs.odu.edu/files/images/btn_next.gif REE http://www.cs.odu.edu/files/screen.css text/html #008 20160801194010499+3 sha1:TFF4MZ3SBQQSK5IA4KIDRQNF6YPCLWQ6 - -
2016-08-01T19:40:10.634Z   200       2861 http://www.w3.org/1999/xhtml/ REXR http://www.w3.org/1999/xhtml text/html #017 20160801194010579+54 sha1:XRHXKFFNGU6GYCWZIF5KOEQUKTFRFB3V - -
2016-08-01T19:40:13.517Z   200       5223 http://www.cs.odu.edu/files/ddmenu_ddown.js RXE http://www.cs.odu.edu/search_user.php application/javascript #008 20160801194013511+3 sha1:J4Y4EGBO45VLVFZCFRF5E4GZBBMDSVBG - -
2016-08-01T19:40:16.532Z   404        162 http://www.cs.odu.edu/arrows.gif REX http://www.cs.odu.edu/files/mm_menu.js text/html #008 20160801194016529+2 sha1:TFF4MZ3SBQQSK5IA4KIDRQNF6YPCLWQ6 - -
2016-08-01T19:40:19.537Z   404        162 http://www.cs.odu.edu/Microsoft.XMLHTTP REX http://www.cs.odu.edu/files/jquery.js text/html #008 20160801194019534+3 sha1:TFF4MZ3SBQQSK5IA4KIDRQNF6YPCLWQ6 - -
2016-08-01T19:40:22.552Z   404        162 http://www.cs.odu.edu/images/01.jpg REX http://www.cs.odu.edu/files/easySlider1.7.js text/html #008 20160801194022547+4 sha1:TFF4MZ3SBQQSK5IA4KIDRQNF6YPCLWQ6 - -
2016-08-01T19:40:25.565Z   404        162 http://www.cs.odu.edu/images/02.jpg REX http://www.cs.odu.edu/files/easySlider1.7.js text/html #008 20160801194025560+4 sha1:TFF4MZ3SBQQSK5IA4KIDRQNF6YPCLWQ6 - -
2016-08-01T19:40:28.568Z   404        162 http://www.cs.odu.edu/images/03.jpg REX http://www.cs.odu.edu/files/easySlider1.7.js text/html #015 20160801194028565+3 sha1:TFF4MZ3SBQQSK5IA4KIDRQNF6YPCLWQ6 - -
2016-08-01T19:40:31.578Z   404        162 http://www.cs.odu.edu/images/04.jpg REX http://www.cs.odu.edu/files/easySlider1.7.js text/html #015 20160801194031575+2 sha1:TFF4MZ3SBQQSK5IA4KIDRQNF6YPCLWQ6 - -
2016-08-01T19:40:34.593Z   404        162 http://www.cs.odu.edu/images/05.jpg REX http://www.cs.odu.edu/files/easySlider1.7.js text/html #008 20160801194034588+4 sha1:TFF4MZ3SBQQSK5IA4KIDRQNF6YPCLWQ6 - -
2016-08-01T19:40:37.612Z   200       1026 http://www.cs.odu.edu/~mkelly/bullet_uf.png REE http://www.cs.odu.edu/~mkelly/style.css image/png #015 20160801194037598+14 sha1:MCWOOPWXQ25NJJ55ESAXE7QGSTV2O5SZ - -
2016-08-01T19:40:40.647Z   200       1312 http://www.cs.odu.edu/~mkelly/bullet_odu.png REE http://www.cs.odu.edu/~mkelly/style.css image/png #015 20160801194040623+24 sha1:2B57NNSSAUNEPT2A6NOBPXX5ZTAO2DH7 - -
2016-08-01T19:40:43.680Z   200       1001 http://www.cs.odu.edu/~mkelly/bullet_citadel.png REE http://www.cs.odu.edu/~mkelly/style.css image/png #015 20160801194043657+22 sha1:IF67UJVANEG7KXRGYEOYOPSBO6JPFN67 - -
2016-08-01T19:40:46.709Z   200        488 http://www.cs.odu.edu/~mkelly/bullet_oduphd.png REE http://www.cs.odu.edu/~mkelly/style.css image/png #015 20160801194046694+14 sha1:27RGTBX4ZYMP4YD7WQPIHBFR6HHWZMI2 - -
