Sat 07/23/2016 21:18:02.26 Starting heritrix 
java version "1.7.0_80"
Java(TM) SE Runtime Environment (build 1.7.0_80-b15)
Java HotSpot(TM) 64-Bit Server VM (build 24.80-b11, mixed mode)
JAVA_OPTS= -Xmx256m 
Sat 07/23/2016 21:40:45.04 Starting heritrix 
java version "1.7.0_80"
Java(TM) SE Runtime Environment (build 1.7.0_80-b15)
Java HotSpot(TM) 64-Bit Server VM (build 24.80-b11, mixed mode)
JAVA_OPTS= -Xmx256m 
Sat 07/23/2016 22:10:55.59 Starting heritrix 
java version "1.7.0_80"
Java(TM) SE Runtime Environment (build 1.7.0_80-b15)
Java HotSpot(TM) 64-Bit Server VM (build 24.80-b11, mixed mode)
JAVA_OPTS= -Xmx256m 
Sat 07/23/2016 22:13:58.93 Starting heritrix 
java version "1.7.0_80"
Java(TM) SE Runtime Environment (build 1.7.0_80-b15)
Java HotSpot(TM) 64-Bit Server VM (build 24.80-b11, mixed mode)
JAVA_OPTS= -Xmx256m 
Mon 07/25/2016 17:31:06.65 Starting heritrix 
java version "1.7.0_80"
Java(TM) SE Runtime Environment (build 1.7.0_80-b15)
Java HotSpot(TM) 64-Bit Server VM (build 24.80-b11, mixed mode)
JAVA_OPTS= -Xmx256m 
Mon 07/25/2016 20:28:32.48 Starting heritrix 
java version "1.7.0_80"
Java(TM) SE Runtime Environment (build 1.7.0_80-b15)
Java HotSpot(TM) 64-Bit Server VM (build 24.80-b11, mixed mode)
JAVA_OPTS= -Xmx256m 
Mon 07/25/2016 20:43:53.92 Starting heritrix 
java version "1.7.0_80"
Java(TM) SE Runtime Environment (build 1.7.0_80-b15)
Java HotSpot(TM) 64-Bit Server VM (build 24.80-b11, mixed mode)
JAVA_OPTS= -Xmx256m 
Mon 07/25/2016 20:44:36.11 Starting heritrix 
java version "1.7.0_80"
Java(TM) SE Runtime Environment (build 1.7.0_80-b15)
Java HotSpot(TM) 64-Bit Server VM (build 24.80-b11, mixed mode)
JAVA_OPTS= -Xmx256m 
Mon 07/25/2016 20:45:50.38 Starting heritrix 
java version "1.7.0_80"
Java(TM) SE Runtime Environment (build 1.7.0_80-b15)
Java HotSpot(TM) 64-Bit Server VM (build 24.80-b11, mixed mode)
JAVA_OPTS= -Xmx256m 
Mon 07/25/2016 21:03:48.46 Starting heritrix 
java version "1.7.0_80"
Java(TM) SE Runtime Environment (build 1.7.0_80-b15)
Java HotSpot(TM) 64-Bit Server VM (build 24.80-b11, mixed mode)
JAVA_OPTS= -Xmx256m 
Mon 07/25/2016 21:37:07.08 Starting heritrix 
java version "1.7.0_80"
Java(TM) SE Runtime Environment (build 1.7.0_80-b15)
Java HotSpot(TM) 64-Bit Server VM (build 24.80-b11, mixed mode)
JAVA_OPTS= -Xmx256m 
Mon 07/25/2016 22:42:44.96 Starting heritrix 
java version "1.7.0_80"
Java(TM) SE Runtime Environment (build 1.7.0_80-b15)
Java HotSpot(TM) 64-Bit Server VM (build 24.80-b11, mixed mode)
JAVA_OPTS= -Xmx256m 
Tue 07/26/2016 13:29:21.57 Starting heritrix 
java version "1.7.0_80"
Java(TM) SE Runtime Environment (build 1.7.0_80-b15)
Java HotSpot(TM) 64-Bit Server VM (build 24.80-b11, mixed mode)
JAVA_OPTS= -Xmx256m 
Tue 07/26/2016 23:05:06.43 Starting heritrix 
java version "1.7.0_80"
Java(TM) SE Runtime Environment (build 1.7.0_80-b15)
Java HotSpot(TM) 64-Bit Server VM (build 24.80-b11, mixed mode)
JAVA_OPTS= -Xmx256m 
Tue 07/26/2016 23:05:55.44 Starting heritrix 
java version "1.7.0_80"
Java(TM) SE Runtime Environment (build 1.7.0_80-b15)
Java HotSpot(TM) 64-Bit Server VM (build 24.80-b11, mixed mode)
JAVA_OPTS= -Xmx256m 
Tue 07/26/2016 23:22:11.66 Starting heritrix 
java version "1.7.0_80"
Java(TM) SE Runtime Environment (build 1.7.0_80-b15)
Java HotSpot(TM) 64-Bit Server VM (build 24.80-b11, mixed mode)
JAVA_OPTS= -Xmx256m 
