Feb 16, 2013 4:24:53 PM org.apache.catalina.core.AprLifecycleListener init
INFO: The APR based Apache Tomcat Native library which allows optimal performance in production environments was not found on the java.library.path: .:/Library/Java/Extensions:/System/Library/Java/Extensions:/usr/lib/java
Feb 16, 2013 4:24:54 PM org.apache.coyote.AbstractProtocol init
INFO: Initializing ProtocolHandler ["http-bio-8080"]
Feb 16, 2013 4:24:54 PM org.apache.coyote.AbstractProtocol init
INFO: Initializing ProtocolHandler ["ajp-bio-8009"]
Feb 16, 2013 4:24:54 PM org.apache.catalina.startup.Catalina load
INFO: Initialization processed in 895 ms
Feb 16, 2013 4:24:54 PM org.apache.catalina.core.StandardService startInternal
INFO: Starting service Catalina
Feb 16, 2013 4:24:54 PM org.apache.catalina.core.StandardEngine startInternal
INFO: Starting Servlet Engine: Apache Tomcat/7.0.30
Feb 16, 2013 4:24:54 PM org.apache.catalina.startup.HostConfig deployDirectory
INFO: Deploying web application directory /Applications/XAMPP/tomcat/webapps/docs
Feb 16, 2013 4:24:54 PM org.apache.catalina.startup.HostConfig deployDirectory
INFO: Deploying web application directory /Applications/XAMPP/tomcat/webapps/examples
Feb 16, 2013 4:24:55 PM org.apache.catalina.startup.HostConfig deployDirectory
INFO: Deploying web application directory /Applications/XAMPP/tomcat/webapps/host-manager
Feb 16, 2013 4:24:55 PM org.apache.catalina.startup.HostConfig deployDirectory
INFO: Deploying web application directory /Applications/XAMPP/tomcat/webapps/manager
Feb 16, 2013 4:24:55 PM org.apache.catalina.startup.HostConfig deployDirectory
INFO: Deploying web application directory /Applications/XAMPP/tomcat/webapps/ROOT
Feb 16, 2013 4:24:59 PM org.apache.coyote.AbstractProtocol start
INFO: Starting ProtocolHandler ["http-bio-8080"]
Feb 16, 2013 4:24:59 PM org.apache.coyote.AbstractProtocol start
INFO: Starting ProtocolHandler ["ajp-bio-8009"]
Feb 16, 2013 4:24:59 PM org.apache.catalina.startup.Catalina start
INFO: Server startup in 4875 ms
Feb 16, 2013 4:31:41 PM org.apache.catalina.core.AprLifecycleListener init
INFO: The APR based Apache Tomcat Native library which allows optimal performance in production environments was not found on the java.library.path: .:/Library/Java/Extensions:/System/Library/Java/Extensions:/usr/lib/java
Feb 16, 2013 4:31:42 PM org.apache.coyote.AbstractProtocol init
INFO: Initializing ProtocolHandler ["http-bio-8080"]
Feb 16, 2013 4:31:42 PM org.apache.coyote.AbstractProtocol init
SEVERE: Failed to initialize end point associated with ProtocolHandler ["http-bio-8080"]
java.net.BindException: Address already in use <null>:8080
	at org.apache.tomcat.util.net.JIoEndpoint.bind(JIoEndpoint.java:406)
	at org.apache.tomcat.util.net.AbstractEndpoint.init(AbstractEndpoint.java:610)
	at org.apache.coyote.AbstractProtocol.init(AbstractProtocol.java:429)
	at org.apache.coyote.http11.AbstractHttp11JsseProtocol.init(AbstractHttp11JsseProtocol.java:119)
	at org.apache.catalina.connector.Connector.initInternal(Connector.java:981)
	at org.apache.catalina.util.LifecycleBase.init(LifecycleBase.java:102)
	at org.apache.catalina.core.StandardService.initInternal(StandardService.java:559)
	at org.apache.catalina.util.LifecycleBase.init(LifecycleBase.java:102)
	at org.apache.catalina.core.StandardServer.initInternal(StandardServer.java:814)
	at org.apache.catalina.util.LifecycleBase.init(LifecycleBase.java:102)
	at org.apache.catalina.startup.Catalina.load(Catalina.java:633)
	at org.apache.catalina.startup.Catalina.load(Catalina.java:658)
	at sun.reflect.NativeMethodAccessorImpl.invoke0(Native Method)
	at sun.reflect.NativeMethodAccessorImpl.invoke(NativeMethodAccessorImpl.java:39)
	at sun.reflect.DelegatingMethodAccessorImpl.invoke(DelegatingMethodAccessorImpl.java:25)
	at java.lang.reflect.Method.invoke(Method.java:597)
	at org.apache.catalina.startup.Bootstrap.load(Bootstrap.java:281)
	at org.apache.catalina.startup.Bootstrap.main(Bootstrap.java:450)
Caused by: java.net.BindException: Address already in use
	at java.net.PlainSocketImpl.socketBind(Native Method)
	at java.net.PlainSocketImpl.bind(PlainSocketImpl.java:383)
	at java.net.ServerSocket.bind(ServerSocket.java:328)
	at java.net.ServerSocket.<init>(ServerSocket.java:194)
	at java.net.ServerSocket.<init>(ServerSocket.java:150)
	at org.apache.tomcat.util.net.DefaultServerSocketFactory.createSocket(DefaultServerSocketFactory.java:49)
	at org.apache.tomcat.util.net.JIoEndpoint.bind(JIoEndpoint.java:393)
	... 17 more
Feb 16, 2013 4:31:42 PM org.apache.catalina.core.StandardService initInternal
SEVERE: Failed to initialize connector [Connector[HTTP/1.1-8080]]
org.apache.catalina.LifecycleException: Failed to initialize component [Connector[HTTP/1.1-8080]]
	at org.apache.catalina.util.LifecycleBase.init(LifecycleBase.java:106)
	at org.apache.catalina.core.StandardService.initInternal(StandardService.java:559)
	at org.apache.catalina.util.LifecycleBase.init(LifecycleBase.java:102)
	at org.apache.catalina.core.StandardServer.initInternal(StandardServer.java:814)
	at org.apache.catalina.util.LifecycleBase.init(LifecycleBase.java:102)
	at org.apache.catalina.startup.Catalina.load(Catalina.java:633)
	at org.apache.catalina.startup.Catalina.load(Catalina.java:658)
	at sun.reflect.NativeMethodAccessorImpl.invoke0(Native Method)
	at sun.reflect.NativeMethodAccessorImpl.invoke(NativeMethodAccessorImpl.java:39)
	at sun.reflect.DelegatingMethodAccessorImpl.invoke(DelegatingMethodAccessorImpl.java:25)
	at java.lang.reflect.Method.invoke(Method.java:597)
	at org.apache.catalina.startup.Bootstrap.load(Bootstrap.java:281)
	at org.apache.catalina.startup.Bootstrap.main(Bootstrap.java:450)
Caused by: org.apache.catalina.LifecycleException: Protocol handler initialization failed
	at org.apache.catalina.connector.Connector.initInternal(Connector.java:983)
	at org.apache.catalina.util.LifecycleBase.init(LifecycleBase.java:102)
	... 12 more
Caused by: java.net.BindException: Address already in use <null>:8080
	at org.apache.tomcat.util.net.JIoEndpoint.bind(JIoEndpoint.java:406)
	at org.apache.tomcat.util.net.AbstractEndpoint.init(AbstractEndpoint.java:610)
	at org.apache.coyote.AbstractProtocol.init(AbstractProtocol.java:429)
	at org.apache.coyote.http11.AbstractHttp11JsseProtocol.init(AbstractHttp11JsseProtocol.java:119)
	at org.apache.catalina.connector.Connector.initInternal(Connector.java:981)
	... 13 more
Caused by: java.net.BindException: Address already in use
	at java.net.PlainSocketImpl.socketBind(Native Method)
	at java.net.PlainSocketImpl.bind(PlainSocketImpl.java:383)
	at java.net.ServerSocket.bind(ServerSocket.java:328)
	at java.net.ServerSocket.<init>(ServerSocket.java:194)
	at java.net.ServerSocket.<init>(ServerSocket.java:150)
	at org.apache.tomcat.util.net.DefaultServerSocketFactory.createSocket(DefaultServerSocketFactory.java:49)
	at org.apache.tomcat.util.net.JIoEndpoint.bind(JIoEndpoint.java:393)
	... 17 more
Feb 16, 2013 4:31:42 PM org.apache.coyote.AbstractProtocol init
INFO: Initializing ProtocolHandler ["ajp-bio-8009"]
Feb 16, 2013 4:31:42 PM org.apache.coyote.AbstractProtocol init
SEVERE: Failed to initialize end point associated with ProtocolHandler ["ajp-bio-8009"]
java.net.BindException: Address already in use <null>:8009
	at org.apache.tomcat.util.net.JIoEndpoint.bind(JIoEndpoint.java:406)
	at org.apache.tomcat.util.net.AbstractEndpoint.init(AbstractEndpoint.java:610)
	at org.apache.coyote.AbstractProtocol.init(AbstractProtocol.java:429)
	at org.apache.catalina.connector.Connector.initInternal(Connector.java:981)
	at org.apache.catalina.util.LifecycleBase.init(LifecycleBase.java:102)
	at org.apache.catalina.core.StandardService.initInternal(StandardService.java:559)
	at org.apache.catalina.util.LifecycleBase.init(LifecycleBase.java:102)
	at org.apache.catalina.core.StandardServer.initInternal(StandardServer.java:814)
	at org.apache.catalina.util.LifecycleBase.init(LifecycleBase.java:102)
	at org.apache.catalina.startup.Catalina.load(Catalina.java:633)
	at org.apache.catalina.startup.Catalina.load(Catalina.java:658)
	at sun.reflect.NativeMethodAccessorImpl.invoke0(Native Method)
	at sun.reflect.NativeMethodAccessorImpl.invoke(NativeMethodAccessorImpl.java:39)
	at sun.reflect.DelegatingMethodAccessorImpl.invoke(DelegatingMethodAccessorImpl.java:25)
	at java.lang.reflect.Method.invoke(Method.java:597)
	at org.apache.catalina.startup.Bootstrap.load(Bootstrap.java:281)
	at org.apache.catalina.startup.Bootstrap.main(Bootstrap.java:450)
Caused by: java.net.BindException: Address already in use
	at java.net.PlainSocketImpl.socketBind(Native Method)
	at java.net.PlainSocketImpl.bind(PlainSocketImpl.java:383)
	at java.net.ServerSocket.bind(ServerSocket.java:328)
	at java.net.ServerSocket.<init>(ServerSocket.java:194)
	at java.net.ServerSocket.<init>(ServerSocket.java:150)
	at org.apache.tomcat.util.net.DefaultServerSocketFactory.createSocket(DefaultServerSocketFactory.java:49)
	at org.apache.tomcat.util.net.JIoEndpoint.bind(JIoEndpoint.java:393)
	... 16 more
Feb 16, 2013 4:31:42 PM org.apache.catalina.core.StandardService initInternal
SEVERE: Failed to initialize connector [Connector[AJP/1.3-8009]]
org.apache.catalina.LifecycleException: Failed to initialize component [Connector[AJP/1.3-8009]]
	at org.apache.catalina.util.LifecycleBase.init(LifecycleBase.java:106)
	at org.apache.catalina.core.StandardService.initInternal(StandardService.java:559)
	at org.apache.catalina.util.LifecycleBase.init(LifecycleBase.java:102)
	at org.apache.catalina.core.StandardServer.initInternal(StandardServer.java:814)
	at org.apache.catalina.util.LifecycleBase.init(LifecycleBase.java:102)
	at org.apache.catalina.startup.Catalina.load(Catalina.java:633)
	at org.apache.catalina.startup.Catalina.load(Catalina.java:658)
	at sun.reflect.NativeMethodAccessorImpl.invoke0(Native Method)
	at sun.reflect.NativeMethodAccessorImpl.invoke(NativeMethodAccessorImpl.java:39)
	at sun.reflect.DelegatingMethodAccessorImpl.invoke(DelegatingMethodAccessorImpl.java:25)
	at java.lang.reflect.Method.invoke(Method.java:597)
	at org.apache.catalina.startup.Bootstrap.load(Bootstrap.java:281)
	at org.apache.catalina.startup.Bootstrap.main(Bootstrap.java:450)
Caused by: org.apache.catalina.LifecycleException: Protocol handler initialization failed
	at org.apache.catalina.connector.Connector.initInternal(Connector.java:983)
	at org.apache.catalina.util.LifecycleBase.init(LifecycleBase.java:102)
	... 12 more
Caused by: java.net.BindException: Address already in use <null>:8009
	at org.apache.tomcat.util.net.JIoEndpoint.bind(JIoEndpoint.java:406)
	at org.apache.tomcat.util.net.AbstractEndpoint.init(AbstractEndpoint.java:610)
	at org.apache.coyote.AbstractProtocol.init(AbstractProtocol.java:429)
	at org.apache.catalina.connector.Connector.initInternal(Connector.java:981)
	... 13 more
Caused by: java.net.BindException: Address already in use
	at java.net.PlainSocketImpl.socketBind(Native Method)
	at java.net.PlainSocketImpl.bind(PlainSocketImpl.java:383)
	at java.net.ServerSocket.bind(ServerSocket.java:328)
	at java.net.ServerSocket.<init>(ServerSocket.java:194)
	at java.net.ServerSocket.<init>(ServerSocket.java:150)
	at org.apache.tomcat.util.net.DefaultServerSocketFactory.createSocket(DefaultServerSocketFactory.java:49)
	at org.apache.tomcat.util.net.JIoEndpoint.bind(JIoEndpoint.java:393)
	... 16 more
Feb 16, 2013 4:31:42 PM org.apache.catalina.startup.Catalina load
INFO: Initialization processed in 769 ms
Feb 16, 2013 4:31:42 PM org.apache.catalina.core.StandardService startInternal
INFO: Starting service Catalina
Feb 16, 2013 4:31:42 PM org.apache.catalina.core.StandardEngine startInternal
INFO: Starting Servlet Engine: Apache Tomcat/7.0.30
Feb 16, 2013 4:31:42 PM org.apache.catalina.startup.HostConfig deployDirectory
INFO: Deploying web application directory /Applications/XAMPP/tomcat/webapps/docs
Feb 16, 2013 4:31:42 PM org.apache.catalina.startup.HostConfig deployDirectory
INFO: Deploying web application directory /Applications/XAMPP/tomcat/webapps/examples
Feb 16, 2013 4:31:42 PM org.apache.catalina.startup.HostConfig deployDirectory
INFO: Deploying web application directory /Applications/XAMPP/tomcat/webapps/host-manager
Feb 16, 2013 4:31:42 PM org.apache.catalina.startup.HostConfig deployDirectory
INFO: Deploying web application directory /Applications/XAMPP/tomcat/webapps/manager
Feb 16, 2013 4:31:42 PM org.apache.catalina.startup.HostConfig deployDirectory
INFO: Deploying web application directory /Applications/XAMPP/tomcat/webapps/ROOT
Feb 16, 2013 4:31:46 PM org.apache.catalina.core.StandardContext startInternal
SEVERE: Error filterStart
Feb 16, 2013 4:31:46 PM org.apache.catalina.core.StandardContext startInternal
SEVERE: Context [] startup failed due to previous errors
Feb 16, 2013 4:31:47 PM org.apache.catalina.startup.Catalina start
INFO: Server startup in 4929 ms
Feb 16, 2013 4:31:47 PM org.apache.catalina.core.StandardServer await
SEVERE: StandardServer.await: create[localhost:8005]: 
java.net.BindException: Address already in use
	at java.net.PlainSocketImpl.socketBind(Native Method)
	at java.net.PlainSocketImpl.bind(PlainSocketImpl.java:383)
	at java.net.ServerSocket.bind(ServerSocket.java:328)
	at java.net.ServerSocket.<init>(ServerSocket.java:194)
	at org.apache.catalina.core.StandardServer.await(StandardServer.java:427)
	at org.apache.catalina.startup.Catalina.await(Catalina.java:766)
	at org.apache.catalina.startup.Catalina.start(Catalina.java:712)
	at sun.reflect.NativeMethodAccessorImpl.invoke0(Native Method)
	at sun.reflect.NativeMethodAccessorImpl.invoke(NativeMethodAccessorImpl.java:39)
	at sun.reflect.DelegatingMethodAccessorImpl.invoke(DelegatingMethodAccessorImpl.java:25)
	at java.lang.reflect.Method.invoke(Method.java:597)
	at org.apache.catalina.startup.Bootstrap.start(Bootstrap.java:322)
	at org.apache.catalina.startup.Bootstrap.main(Bootstrap.java:451)
Feb 16, 2013 4:31:47 PM org.apache.coyote.AbstractProtocol pause
INFO: Pausing ProtocolHandler ["http-bio-8080"]
Feb 16, 2013 4:31:47 PM org.apache.coyote.AbstractProtocol pause
INFO: Pausing ProtocolHandler ["ajp-bio-8009"]
Feb 16, 2013 4:31:47 PM org.apache.catalina.core.StandardService stopInternal
INFO: Stopping service Catalina
Feb 16, 2013 4:31:47 PM org.apache.coyote.AbstractProtocol stop
INFO: Stopping ProtocolHandler ["http-bio-8080"]
Feb 16, 2013 4:31:47 PM org.apache.coyote.AbstractProtocol destroy
INFO: Destroying ProtocolHandler ["http-bio-8080"]
Feb 16, 2013 4:31:47 PM org.apache.coyote.AbstractProtocol stop
INFO: Stopping ProtocolHandler ["ajp-bio-8009"]
Feb 16, 2013 4:31:47 PM org.apache.coyote.AbstractProtocol destroy
INFO: Destroying ProtocolHandler ["ajp-bio-8009"]
Feb 16, 2013 4:35:42 PM org.apache.catalina.core.StandardServer await
INFO: A valid shutdown command was received via the shutdown port. Stopping the Server instance.
Feb 16, 2013 4:35:42 PM org.apache.coyote.AbstractProtocol pause
INFO: Pausing ProtocolHandler ["http-bio-8080"]
Feb 16, 2013 4:35:42 PM org.apache.coyote.AbstractProtocol pause
INFO: Pausing ProtocolHandler ["ajp-bio-8009"]
Feb 16, 2013 4:35:42 PM org.apache.catalina.core.StandardService stopInternal
INFO: Stopping service Catalina
Feb 16, 2013 4:35:42 PM org.apache.catalina.loader.WebappClassLoader checkThreadLocalMapForLeaks
SEVERE: The web application [] created a ThreadLocal with key of type [org.archive.util.TextUtils$1] (value [org.archive.util.TextUtils$1@1e4adb34]) and a value of type [java.util.HashMap] (value [{^www\d*\.=java.util.regex.Matcher[pattern=^www\d*\. region=0,16 lastmatch=www.], [
	]+=java.util.regex.Matcher[pattern=[
	]+ region=0,23 lastmatch=], ^(/\.\./)+=java.util.regex.Matcher[pattern=^(/\.\./)+ region=0,1 lastmatch=]}]) but failed to remove it when the web application was stopped. Threads are going to be renewed over time to try and avoid a probable memory leak.
Feb 16, 2013 4:35:42 PM org.apache.catalina.loader.WebappClassLoader checkThreadLocalMapForLeaks
SEVERE: The web application [] created a ThreadLocal with key of type [org.archive.util.TextUtils$1] (value [org.archive.util.TextUtils$1@1e4adb34]) and a value of type [java.util.HashMap] (value [{^www\d*\.=java.util.regex.Matcher[pattern=^www\d*\. region=0,12 lastmatch=], [
	]+=java.util.regex.Matcher[pattern=[
	]+ region=0,19 lastmatch=], ^(/\.\./)+=java.util.regex.Matcher[pattern=^(/\.\./)+ region=0,1 lastmatch=]}]) but failed to remove it when the web application was stopped. Threads are going to be renewed over time to try and avoid a probable memory leak.
Feb 16, 2013 4:35:42 PM org.apache.catalina.loader.WebappClassLoader checkThreadLocalMapForLeaks
SEVERE: The web application [] created a ThreadLocal with key of type [org.archive.util.TextUtils$1] (value [org.archive.util.TextUtils$1@1e4adb34]) and a value of type [java.util.HashMap] (value [{^www\d*\.=java.util.regex.Matcher[pattern=^www\d*\. region=0,12 lastmatch=], [
	]+=java.util.regex.Matcher[pattern=[
	]+ region=0,19 lastmatch=], ^(/\.\./)+=java.util.regex.Matcher[pattern=^(/\.\./)+ region=0,1 lastmatch=]}]) but failed to remove it when the web application was stopped. Threads are going to be renewed over time to try and avoid a probable memory leak.
Feb 16, 2013 4:35:42 PM org.apache.catalina.loader.WebappClassLoader checkThreadLocalMapForLeaks
SEVERE: The web application [] created a ThreadLocal with key of type [org.archive.util.TextUtils$1] (value [org.archive.util.TextUtils$1@1e4adb34]) and a value of type [java.util.HashMap] (value [{^www\d*\.=java.util.regex.Matcher[pattern=^www\d*\. region=0,12 lastmatch=], [
	]+=java.util.regex.Matcher[pattern=[
	]+ region=0,19 lastmatch=], ^(/\.\./)+=java.util.regex.Matcher[pattern=^(/\.\./)+ region=0,1 lastmatch=]}]) but failed to remove it when the web application was stopped. Threads are going to be renewed over time to try and avoid a probable memory leak.
Feb 16, 2013 4:35:42 PM org.apache.catalina.loader.WebappClassLoader checkThreadLocalMapForLeaks
SEVERE: The web application [] created a ThreadLocal with key of type [org.archive.util.TextUtils$1] (value [org.archive.util.TextUtils$1@1e4adb34]) and a value of type [java.util.HashMap] (value [{^www\d*\.=java.util.regex.Matcher[pattern=^www\d*\. region=0,12 lastmatch=], [
	]+=java.util.regex.Matcher[pattern=[
	]+ region=0,19 lastmatch=], ^(/\.\./)+=java.util.regex.Matcher[pattern=^(/\.\./)+ region=0,1 lastmatch=]}]) but failed to remove it when the web application was stopped. Threads are going to be renewed over time to try and avoid a probable memory leak.
Feb 16, 2013 4:35:42 PM org.apache.catalina.loader.WebappClassLoader checkThreadLocalMapForLeaks
SEVERE: The web application [] created a ThreadLocal with key of type [org.archive.util.TextUtils$1] (value [org.archive.util.TextUtils$1@1e4adb34]) and a value of type [java.util.HashMap] (value [{^www\d*\.=java.util.regex.Matcher[pattern=^www\d*\. region=0,12 lastmatch=], [
	]+=java.util.regex.Matcher[pattern=[
	]+ region=0,19 lastmatch=], ^(/\.\./)+=java.util.regex.Matcher[pattern=^(/\.\./)+ region=0,1 lastmatch=]}]) but failed to remove it when the web application was stopped. Threads are going to be renewed over time to try and avoid a probable memory leak.
Feb 16, 2013 4:35:42 PM org.apache.catalina.loader.WebappClassLoader checkThreadLocalMapForLeaks
SEVERE: The web application [] created a ThreadLocal with key of type [org.archive.util.TextUtils$1] (value [org.archive.util.TextUtils$1@1e4adb34]) and a value of type [java.util.HashMap] (value [{^www\d*\.=java.util.regex.Matcher[pattern=^www\d*\. region=0,12 lastmatch=], [
	]+=java.util.regex.Matcher[pattern=[
	]+ region=0,19 lastmatch=], ^(/\.\./)+=java.util.regex.Matcher[pattern=^(/\.\./)+ region=0,1 lastmatch=]}]) but failed to remove it when the web application was stopped. Threads are going to be renewed over time to try and avoid a probable memory leak.
Feb 16, 2013 4:35:42 PM org.apache.coyote.AbstractProtocol stop
INFO: Stopping ProtocolHandler ["http-bio-8080"]
Feb 16, 2013 4:35:42 PM org.apache.coyote.AbstractProtocol stop
INFO: Stopping ProtocolHandler ["ajp-bio-8009"]
Feb 16, 2013 4:35:42 PM org.apache.coyote.AbstractProtocol destroy
INFO: Destroying ProtocolHandler ["http-bio-8080"]
Feb 16, 2013 4:35:42 PM org.apache.coyote.AbstractProtocol destroy
INFO: Destroying ProtocolHandler ["ajp-bio-8009"]
Feb 16, 2013 4:36:39 PM org.apache.catalina.core.AprLifecycleListener init
INFO: The APR based Apache Tomcat Native library which allows optimal performance in production environments was not found on the java.library.path: .:/Library/Java/Extensions:/System/Library/Java/Extensions:/usr/lib/java
Feb 16, 2013 4:36:40 PM org.apache.coyote.AbstractProtocol init
INFO: Initializing ProtocolHandler ["http-bio-8080"]
Feb 16, 2013 4:36:40 PM org.apache.coyote.AbstractProtocol init
INFO: Initializing ProtocolHandler ["ajp-bio-8009"]
Feb 16, 2013 4:36:40 PM org.apache.catalina.startup.Catalina load
INFO: Initialization processed in 714 ms
Feb 16, 2013 4:36:40 PM org.apache.catalina.core.StandardService startInternal
INFO: Starting service Catalina
Feb 16, 2013 4:36:40 PM org.apache.catalina.core.StandardEngine startInternal
INFO: Starting Servlet Engine: Apache Tomcat/7.0.30
Feb 16, 2013 4:36:40 PM org.apache.catalina.startup.HostConfig deployDirectory
INFO: Deploying web application directory /Applications/XAMPP/tomcat/webapps/docs
Feb 16, 2013 4:36:40 PM org.apache.catalina.startup.HostConfig deployDirectory
INFO: Deploying web application directory /Applications/XAMPP/tomcat/webapps/examples
Feb 16, 2013 4:36:40 PM org.apache.catalina.startup.HostConfig deployDirectory
INFO: Deploying web application directory /Applications/XAMPP/tomcat/webapps/host-manager
Feb 16, 2013 4:36:40 PM org.apache.catalina.startup.HostConfig deployDirectory
INFO: Deploying web application directory /Applications/XAMPP/tomcat/webapps/manager
Feb 16, 2013 4:36:40 PM org.apache.catalina.startup.HostConfig deployDirectory
INFO: Deploying web application directory /Applications/XAMPP/tomcat/webapps/ROOT
Feb 16, 2013 4:36:45 PM org.apache.coyote.AbstractProtocol start
INFO: Starting ProtocolHandler ["http-bio-8080"]
Feb 16, 2013 4:36:45 PM org.apache.coyote.AbstractProtocol start
INFO: Starting ProtocolHandler ["ajp-bio-8009"]
Feb 16, 2013 4:36:45 PM org.apache.catalina.startup.Catalina start
INFO: Server startup in 5055 ms
Feb 16, 2013 4:36:54 PM org.apache.catalina.core.AprLifecycleListener init
INFO: The APR based Apache Tomcat Native library which allows optimal performance in production environments was not found on the java.library.path: .:/Library/Java/Extensions:/System/Library/Java/Extensions:/usr/lib/java
Feb 16, 2013 4:36:55 PM org.apache.coyote.AbstractProtocol init
INFO: Initializing ProtocolHandler ["http-bio-8080"]
Feb 16, 2013 4:36:55 PM org.apache.coyote.AbstractProtocol init
SEVERE: Failed to initialize end point associated with ProtocolHandler ["http-bio-8080"]
java.net.BindException: Address already in use <null>:8080
	at org.apache.tomcat.util.net.JIoEndpoint.bind(JIoEndpoint.java:406)
	at org.apache.tomcat.util.net.AbstractEndpoint.init(AbstractEndpoint.java:610)
	at org.apache.coyote.AbstractProtocol.init(AbstractProtocol.java:429)
	at org.apache.coyote.http11.AbstractHttp11JsseProtocol.init(AbstractHttp11JsseProtocol.java:119)
	at org.apache.catalina.connector.Connector.initInternal(Connector.java:981)
	at org.apache.catalina.util.LifecycleBase.init(LifecycleBase.java:102)
	at org.apache.catalina.core.StandardService.initInternal(StandardService.java:559)
	at org.apache.catalina.util.LifecycleBase.init(LifecycleBase.java:102)
	at org.apache.catalina.core.StandardServer.initInternal(StandardServer.java:814)
	at org.apache.catalina.util.LifecycleBase.init(LifecycleBase.java:102)
	at org.apache.catalina.startup.Catalina.load(Catalina.java:633)
	at org.apache.catalina.startup.Catalina.load(Catalina.java:658)
	at sun.reflect.NativeMethodAccessorImpl.invoke0(Native Method)
	at sun.reflect.NativeMethodAccessorImpl.invoke(NativeMethodAccessorImpl.java:39)
	at sun.reflect.DelegatingMethodAccessorImpl.invoke(DelegatingMethodAccessorImpl.java:25)
	at java.lang.reflect.Method.invoke(Method.java:597)
	at org.apache.catalina.startup.Bootstrap.load(Bootstrap.java:281)
	at org.apache.catalina.startup.Bootstrap.main(Bootstrap.java:450)
Caused by: java.net.BindException: Address already in use
	at java.net.PlainSocketImpl.socketBind(Native Method)
	at java.net.PlainSocketImpl.bind(PlainSocketImpl.java:383)
	at java.net.ServerSocket.bind(ServerSocket.java:328)
	at java.net.ServerSocket.<init>(ServerSocket.java:194)
	at java.net.ServerSocket.<init>(ServerSocket.java:150)
	at org.apache.tomcat.util.net.DefaultServerSocketFactory.createSocket(DefaultServerSocketFactory.java:49)
	at org.apache.tomcat.util.net.JIoEndpoint.bind(JIoEndpoint.java:393)
	... 17 more
Feb 16, 2013 4:36:55 PM org.apache.catalina.core.StandardService initInternal
SEVERE: Failed to initialize connector [Connector[HTTP/1.1-8080]]
org.apache.catalina.LifecycleException: Failed to initialize component [Connector[HTTP/1.1-8080]]
	at org.apache.catalina.util.LifecycleBase.init(LifecycleBase.java:106)
	at org.apache.catalina.core.StandardService.initInternal(StandardService.java:559)
	at org.apache.catalina.util.LifecycleBase.init(LifecycleBase.java:102)
	at org.apache.catalina.core.StandardServer.initInternal(StandardServer.java:814)
	at org.apache.catalina.util.LifecycleBase.init(LifecycleBase.java:102)
	at org.apache.catalina.startup.Catalina.load(Catalina.java:633)
	at org.apache.catalina.startup.Catalina.load(Catalina.java:658)
	at sun.reflect.NativeMethodAccessorImpl.invoke0(Native Method)
	at sun.reflect.NativeMethodAccessorImpl.invoke(NativeMethodAccessorImpl.java:39)
	at sun.reflect.DelegatingMethodAccessorImpl.invoke(DelegatingMethodAccessorImpl.java:25)
	at java.lang.reflect.Method.invoke(Method.java:597)
	at org.apache.catalina.startup.Bootstrap.load(Bootstrap.java:281)
	at org.apache.catalina.startup.Bootstrap.main(Bootstrap.java:450)
Caused by: org.apache.catalina.LifecycleException: Protocol handler initialization failed
	at org.apache.catalina.connector.Connector.initInternal(Connector.java:983)
	at org.apache.catalina.util.LifecycleBase.init(LifecycleBase.java:102)
	... 12 more
Caused by: java.net.BindException: Address already in use <null>:8080
	at org.apache.tomcat.util.net.JIoEndpoint.bind(JIoEndpoint.java:406)
	at org.apache.tomcat.util.net.AbstractEndpoint.init(AbstractEndpoint.java:610)
	at org.apache.coyote.AbstractProtocol.init(AbstractProtocol.java:429)
	at org.apache.coyote.http11.AbstractHttp11JsseProtocol.init(AbstractHttp11JsseProtocol.java:119)
	at org.apache.catalina.connector.Connector.initInternal(Connector.java:981)
	... 13 more
Caused by: java.net.BindException: Address already in use
	at java.net.PlainSocketImpl.socketBind(Native Method)
	at java.net.PlainSocketImpl.bind(PlainSocketImpl.java:383)
	at java.net.ServerSocket.bind(ServerSocket.java:328)
	at java.net.ServerSocket.<init>(ServerSocket.java:194)
	at java.net.ServerSocket.<init>(ServerSocket.java:150)
	at org.apache.tomcat.util.net.DefaultServerSocketFactory.createSocket(DefaultServerSocketFactory.java:49)
	at org.apache.tomcat.util.net.JIoEndpoint.bind(JIoEndpoint.java:393)
	... 17 more
Feb 16, 2013 4:36:55 PM org.apache.coyote.AbstractProtocol init
INFO: Initializing ProtocolHandler ["ajp-bio-8009"]
Feb 16, 2013 4:36:55 PM org.apache.coyote.AbstractProtocol init
SEVERE: Failed to initialize end point associated with ProtocolHandler ["ajp-bio-8009"]
java.net.BindException: Address already in use <null>:8009
	at org.apache.tomcat.util.net.JIoEndpoint.bind(JIoEndpoint.java:406)
	at org.apache.tomcat.util.net.AbstractEndpoint.init(AbstractEndpoint.java:610)
	at org.apache.coyote.AbstractProtocol.init(AbstractProtocol.java:429)
	at org.apache.catalina.connector.Connector.initInternal(Connector.java:981)
	at org.apache.catalina.util.LifecycleBase.init(LifecycleBase.java:102)
	at org.apache.catalina.core.StandardService.initInternal(StandardService.java:559)
	at org.apache.catalina.util.LifecycleBase.init(LifecycleBase.java:102)
	at org.apache.catalina.core.StandardServer.initInternal(StandardServer.java:814)
	at org.apache.catalina.util.LifecycleBase.init(LifecycleBase.java:102)
	at org.apache.catalina.startup.Catalina.load(Catalina.java:633)
	at org.apache.catalina.startup.Catalina.load(Catalina.java:658)
	at sun.reflect.NativeMethodAccessorImpl.invoke0(Native Method)
	at sun.reflect.NativeMethodAccessorImpl.invoke(NativeMethodAccessorImpl.java:39)
	at sun.reflect.DelegatingMethodAccessorImpl.invoke(DelegatingMethodAccessorImpl.java:25)
	at java.lang.reflect.Method.invoke(Method.java:597)
	at org.apache.catalina.startup.Bootstrap.load(Bootstrap.java:281)
	at org.apache.catalina.startup.Bootstrap.main(Bootstrap.java:450)
Caused by: java.net.BindException: Address already in use
	at java.net.PlainSocketImpl.socketBind(Native Method)
	at java.net.PlainSocketImpl.bind(PlainSocketImpl.java:383)
	at java.net.ServerSocket.bind(ServerSocket.java:328)
	at java.net.ServerSocket.<init>(ServerSocket.java:194)
	at java.net.ServerSocket.<init>(ServerSocket.java:150)
	at org.apache.tomcat.util.net.DefaultServerSocketFactory.createSocket(DefaultServerSocketFactory.java:49)
	at org.apache.tomcat.util.net.JIoEndpoint.bind(JIoEndpoint.java:393)
	... 16 more
Feb 16, 2013 4:36:55 PM org.apache.catalina.core.StandardService initInternal
SEVERE: Failed to initialize connector [Connector[AJP/1.3-8009]]
org.apache.catalina.LifecycleException: Failed to initialize component [Connector[AJP/1.3-8009]]
	at org.apache.catalina.util.LifecycleBase.init(LifecycleBase.java:106)
	at org.apache.catalina.core.StandardService.initInternal(StandardService.java:559)
	at org.apache.catalina.util.LifecycleBase.init(LifecycleBase.java:102)
	at org.apache.catalina.core.StandardServer.initInternal(StandardServer.java:814)
	at org.apache.catalina.util.LifecycleBase.init(LifecycleBase.java:102)
	at org.apache.catalina.startup.Catalina.load(Catalina.java:633)
	at org.apache.catalina.startup.Catalina.load(Catalina.java:658)
	at sun.reflect.NativeMethodAccessorImpl.invoke0(Native Method)
	at sun.reflect.NativeMethodAccessorImpl.invoke(NativeMethodAccessorImpl.java:39)
	at sun.reflect.DelegatingMethodAccessorImpl.invoke(DelegatingMethodAccessorImpl.java:25)
	at java.lang.reflect.Method.invoke(Method.java:597)
	at org.apache.catalina.startup.Bootstrap.load(Bootstrap.java:281)
	at org.apache.catalina.startup.Bootstrap.main(Bootstrap.java:450)
Caused by: org.apache.catalina.LifecycleException: Protocol handler initialization failed
	at org.apache.catalina.connector.Connector.initInternal(Connector.java:983)
	at org.apache.catalina.util.LifecycleBase.init(LifecycleBase.java:102)
	... 12 more
Caused by: java.net.BindException: Address already in use <null>:8009
	at org.apache.tomcat.util.net.JIoEndpoint.bind(JIoEndpoint.java:406)
	at org.apache.tomcat.util.net.AbstractEndpoint.init(AbstractEndpoint.java:610)
	at org.apache.coyote.AbstractProtocol.init(AbstractProtocol.java:429)
	at org.apache.catalina.connector.Connector.initInternal(Connector.java:981)
	... 13 more
Caused by: java.net.BindException: Address already in use
	at java.net.PlainSocketImpl.socketBind(Native Method)
	at java.net.PlainSocketImpl.bind(PlainSocketImpl.java:383)
	at java.net.ServerSocket.bind(ServerSocket.java:328)
	at java.net.ServerSocket.<init>(ServerSocket.java:194)
	at java.net.ServerSocket.<init>(ServerSocket.java:150)
	at org.apache.tomcat.util.net.DefaultServerSocketFactory.createSocket(DefaultServerSocketFactory.java:49)
	at org.apache.tomcat.util.net.JIoEndpoint.bind(JIoEndpoint.java:393)
	... 16 more
Feb 16, 2013 4:36:55 PM org.apache.catalina.startup.Catalina load
INFO: Initialization processed in 722 ms
Feb 16, 2013 4:36:55 PM org.apache.catalina.core.StandardService startInternal
INFO: Starting service Catalina
Feb 16, 2013 4:36:55 PM org.apache.catalina.core.StandardEngine startInternal
INFO: Starting Servlet Engine: Apache Tomcat/7.0.30
Feb 16, 2013 4:36:55 PM org.apache.catalina.startup.HostConfig deployDirectory
INFO: Deploying web application directory /Applications/XAMPP/tomcat/webapps/docs
Feb 16, 2013 4:36:55 PM org.apache.catalina.startup.HostConfig deployDirectory
INFO: Deploying web application directory /Applications/XAMPP/tomcat/webapps/examples
Feb 16, 2013 4:36:55 PM org.apache.catalina.startup.HostConfig deployDirectory
INFO: Deploying web application directory /Applications/XAMPP/tomcat/webapps/host-manager
Feb 16, 2013 4:36:55 PM org.apache.catalina.startup.HostConfig deployDirectory
INFO: Deploying web application directory /Applications/XAMPP/tomcat/webapps/manager
Feb 16, 2013 4:36:55 PM org.apache.catalina.startup.HostConfig deployDirectory
INFO: Deploying web application directory /Applications/XAMPP/tomcat/webapps/ROOT
Feb 16, 2013 4:37:00 PM org.apache.catalina.startup.Catalina start
INFO: Server startup in 5598 ms
Feb 16, 2013 4:37:00 PM org.apache.catalina.core.StandardServer await
SEVERE: StandardServer.await: create[localhost:8005]: 
java.net.BindException: Address already in use
	at java.net.PlainSocketImpl.socketBind(Native Method)
	at java.net.PlainSocketImpl.bind(PlainSocketImpl.java:383)
	at java.net.ServerSocket.bind(ServerSocket.java:328)
	at java.net.ServerSocket.<init>(ServerSocket.java:194)
	at org.apache.catalina.core.StandardServer.await(StandardServer.java:427)
	at org.apache.catalina.startup.Catalina.await(Catalina.java:766)
	at org.apache.catalina.startup.Catalina.start(Catalina.java:712)
	at sun.reflect.NativeMethodAccessorImpl.invoke0(Native Method)
	at sun.reflect.NativeMethodAccessorImpl.invoke(NativeMethodAccessorImpl.java:39)
	at sun.reflect.DelegatingMethodAccessorImpl.invoke(DelegatingMethodAccessorImpl.java:25)
	at java.lang.reflect.Method.invoke(Method.java:597)
	at org.apache.catalina.startup.Bootstrap.start(Bootstrap.java:322)
	at org.apache.catalina.startup.Bootstrap.main(Bootstrap.java:451)
Feb 16, 2013 4:37:00 PM org.apache.coyote.AbstractProtocol pause
INFO: Pausing ProtocolHandler ["http-bio-8080"]
Feb 16, 2013 4:37:00 PM org.apache.coyote.AbstractProtocol pause
INFO: Pausing ProtocolHandler ["ajp-bio-8009"]
Feb 16, 2013 4:37:00 PM org.apache.catalina.core.StandardService stopInternal
INFO: Stopping service Catalina
Feb 16, 2013 4:37:00 PM org.apache.coyote.AbstractProtocol stop
INFO: Stopping ProtocolHandler ["http-bio-8080"]
Feb 16, 2013 4:37:00 PM org.apache.coyote.AbstractProtocol destroy
INFO: Destroying ProtocolHandler ["http-bio-8080"]
Feb 16, 2013 4:37:00 PM org.apache.coyote.AbstractProtocol stop
INFO: Stopping ProtocolHandler ["ajp-bio-8009"]
Feb 16, 2013 4:37:00 PM org.apache.coyote.AbstractProtocol destroy
INFO: Destroying ProtocolHandler ["ajp-bio-8009"]
Feb 16, 2013 4:40:05 PM org.apache.catalina.core.StandardServer await
INFO: A valid shutdown command was received via the shutdown port. Stopping the Server instance.
Feb 16, 2013 4:40:05 PM org.apache.coyote.AbstractProtocol pause
INFO: Pausing ProtocolHandler ["http-bio-8080"]
Feb 16, 2013 4:40:05 PM org.apache.coyote.AbstractProtocol pause
INFO: Pausing ProtocolHandler ["ajp-bio-8009"]
Feb 16, 2013 4:40:05 PM org.apache.catalina.core.StandardService stopInternal
INFO: Stopping service Catalina
Feb 16, 2013 4:40:05 PM org.apache.catalina.loader.WebappClassLoader checkThreadLocalMapForLeaks
SEVERE: The web application [] created a ThreadLocal with key of type [org.archive.util.TextUtils$1] (value [org.archive.util.TextUtils$1@72423da9]) and a value of type [java.util.HashMap] (value [{^www\d*\.=java.util.regex.Matcher[pattern=^www\d*\. region=0,12 lastmatch=], [
	]+=java.util.regex.Matcher[pattern=[
	]+ region=0,19 lastmatch=], ^(/\.\./)+=java.util.regex.Matcher[pattern=^(/\.\./)+ region=0,1 lastmatch=]}]) but failed to remove it when the web application was stopped. Threads are going to be renewed over time to try and avoid a probable memory leak.
Feb 16, 2013 4:40:05 PM org.apache.catalina.loader.WebappClassLoader checkThreadLocalMapForLeaks
SEVERE: The web application [] created a ThreadLocal with key of type [org.archive.util.TextUtils$1] (value [org.archive.util.TextUtils$1@72423da9]) and a value of type [java.util.HashMap] (value [{^www\d*\.=java.util.regex.Matcher[pattern=^www\d*\. region=0,12 lastmatch=], [
	]+=java.util.regex.Matcher[pattern=[
	]+ region=0,19 lastmatch=], ^(/\.\./)+=java.util.regex.Matcher[pattern=^(/\.\./)+ region=0,1 lastmatch=]}]) but failed to remove it when the web application was stopped. Threads are going to be renewed over time to try and avoid a probable memory leak.
Feb 16, 2013 4:40:05 PM org.apache.coyote.AbstractProtocol stop
INFO: Stopping ProtocolHandler ["http-bio-8080"]
Feb 16, 2013 4:40:05 PM org.apache.coyote.AbstractProtocol stop
INFO: Stopping ProtocolHandler ["ajp-bio-8009"]
Feb 16, 2013 4:40:05 PM org.apache.coyote.AbstractProtocol destroy
INFO: Destroying ProtocolHandler ["http-bio-8080"]
Feb 16, 2013 4:40:05 PM org.apache.coyote.AbstractProtocol destroy
INFO: Destroying ProtocolHandler ["ajp-bio-8009"]
Feb 16, 2013 4:40:09 PM org.apache.catalina.core.AprLifecycleListener init
INFO: The APR based Apache Tomcat Native library which allows optimal performance in production environments was not found on the java.library.path: .:/Library/Java/Extensions:/System/Library/Java/Extensions:/usr/lib/java
Feb 16, 2013 4:40:09 PM org.apache.coyote.AbstractProtocol init
INFO: Initializing ProtocolHandler ["http-bio-8080"]
Feb 16, 2013 4:40:09 PM org.apache.coyote.AbstractProtocol init
INFO: Initializing ProtocolHandler ["ajp-bio-8009"]
Feb 16, 2013 4:40:09 PM org.apache.catalina.startup.Catalina load
INFO: Initialization processed in 689 ms
Feb 16, 2013 4:40:09 PM org.apache.catalina.core.StandardService startInternal
INFO: Starting service Catalina
Feb 16, 2013 4:40:09 PM org.apache.catalina.core.StandardEngine startInternal
INFO: Starting Servlet Engine: Apache Tomcat/7.0.30
Feb 16, 2013 4:40:09 PM org.apache.catalina.startup.HostConfig deployDirectory
INFO: Deploying web application directory /Applications/XAMPP/tomcat/webapps/docs
Feb 16, 2013 4:40:10 PM org.apache.catalina.startup.HostConfig deployDirectory
INFO: Deploying web application directory /Applications/XAMPP/tomcat/webapps/examples
Feb 16, 2013 4:40:10 PM org.apache.catalina.startup.HostConfig deployDirectory
INFO: Deploying web application directory /Applications/XAMPP/tomcat/webapps/host-manager
Feb 16, 2013 4:40:10 PM org.apache.catalina.startup.HostConfig deployDirectory
INFO: Deploying web application directory /Applications/XAMPP/tomcat/webapps/manager
Feb 16, 2013 4:40:10 PM org.apache.catalina.startup.HostConfig deployDirectory
INFO: Deploying web application directory /Applications/XAMPP/tomcat/webapps/ROOT
Feb 16, 2013 4:40:15 PM org.apache.coyote.AbstractProtocol start
INFO: Starting ProtocolHandler ["http-bio-8080"]
Feb 16, 2013 4:40:15 PM org.apache.coyote.AbstractProtocol start
INFO: Starting ProtocolHandler ["ajp-bio-8009"]
Feb 16, 2013 4:40:15 PM org.apache.catalina.startup.Catalina start
INFO: Server startup in 5243 ms
Feb 16, 2013 4:42:10 PM org.apache.coyote.AbstractProtocol pause
INFO: Pausing ProtocolHandler ["http-bio-8080"]
Feb 16, 2013 4:42:10 PM org.apache.coyote.AbstractProtocol pause
INFO: Pausing ProtocolHandler ["ajp-bio-8009"]
Feb 16, 2013 4:42:10 PM org.apache.catalina.core.StandardService stopInternal
INFO: Stopping service Catalina
Feb 16, 2013 4:42:10 PM org.apache.catalina.loader.WebappClassLoader checkThreadLocalMapForLeaks
SEVERE: The web application [] created a ThreadLocal with key of type [org.archive.util.TextUtils$1] (value [org.archive.util.TextUtils$1@4bb8d481]) and a value of type [java.util.HashMap] (value [{^www\d*\.=java.util.regex.Matcher[pattern=^www\d*\. region=0,12 lastmatch=], [
	]+=java.util.regex.Matcher[pattern=[
	]+ region=0,19 lastmatch=], ^(/\.\./)+=java.util.regex.Matcher[pattern=^(/\.\./)+ region=0,1 lastmatch=]}]) but failed to remove it when the web application was stopped. Threads are going to be renewed over time to try and avoid a probable memory leak.
Feb 16, 2013 4:42:10 PM org.apache.catalina.loader.WebappClassLoader checkThreadLocalMapForLeaks
SEVERE: The web application [] created a ThreadLocal with key of type [org.archive.util.TextUtils$1] (value [org.archive.util.TextUtils$1@4bb8d481]) and a value of type [java.util.HashMap] (value [{^www\d*\.=java.util.regex.Matcher[pattern=^www\d*\. region=0,12 lastmatch=], [
	]+=java.util.regex.Matcher[pattern=[
	]+ region=0,36 lastmatch=], ^(/\.\./)+=java.util.regex.Matcher[pattern=^(/\.\./)+ region=0,17 lastmatch=]}]) but failed to remove it when the web application was stopped. Threads are going to be renewed over time to try and avoid a probable memory leak.
Feb 16, 2013 4:42:10 PM org.apache.catalina.loader.WebappClassLoader checkThreadLocalMapForLeaks
SEVERE: The web application [] created a ThreadLocal with key of type [org.archive.util.TextUtils$1] (value [org.archive.util.TextUtils$1@4bb8d481]) and a value of type [java.util.HashMap] (value [{^www\d*\.=java.util.regex.Matcher[pattern=^www\d*\. region=0,12 lastmatch=], [
	]+=java.util.regex.Matcher[pattern=[
	]+ region=0,34 lastmatch=], ^(/\.\./)+=java.util.regex.Matcher[pattern=^(/\.\./)+ region=0,15 lastmatch=]}]) but failed to remove it when the web application was stopped. Threads are going to be renewed over time to try and avoid a probable memory leak.
Feb 16, 2013 4:42:10 PM org.apache.catalina.loader.WebappClassLoader checkThreadLocalMapForLeaks
SEVERE: The web application [] created a ThreadLocal with key of type [org.archive.util.TextUtils$1] (value [org.archive.util.TextUtils$1@4bb8d481]) and a value of type [java.util.HashMap] (value [{^www\d*\.=java.util.regex.Matcher[pattern=^www\d*\. region=0,12 lastmatch=], [
	]+=java.util.regex.Matcher[pattern=[
	]+ region=0,39 lastmatch=], ^(/\.\./)+=java.util.regex.Matcher[pattern=^(/\.\./)+ region=0,20 lastmatch=]}]) but failed to remove it when the web application was stopped. Threads are going to be renewed over time to try and avoid a probable memory leak.
Feb 16, 2013 4:42:10 PM org.apache.catalina.loader.WebappClassLoader checkThreadLocalMapForLeaks
SEVERE: The web application [] created a ThreadLocal with key of type [org.archive.util.TextUtils$1] (value [org.archive.util.TextUtils$1@4bb8d481]) and a value of type [java.util.HashMap] (value [{^www\d*\.=java.util.regex.Matcher[pattern=^www\d*\. region=0,12 lastmatch=], [
	]+=java.util.regex.Matcher[pattern=[
	]+ region=0,41 lastmatch=], ^(/\.\./)+=java.util.regex.Matcher[pattern=^(/\.\./)+ region=0,22 lastmatch=]}]) but failed to remove it when the web application was stopped. Threads are going to be renewed over time to try and avoid a probable memory leak.
Feb 16, 2013 4:42:10 PM org.apache.catalina.loader.WebappClassLoader checkThreadLocalMapForLeaks
SEVERE: The web application [] created a ThreadLocal with key of type [org.archive.util.TextUtils$1] (value [org.archive.util.TextUtils$1@4bb8d481]) and a value of type [java.util.HashMap] (value [{^www\d*\.=java.util.regex.Matcher[pattern=^www\d*\. region=0,12 lastmatch=], [
	]+=java.util.regex.Matcher[pattern=[
	]+ region=0,34 lastmatch=], ^(/\.\./)+=java.util.regex.Matcher[pattern=^(/\.\./)+ region=0,15 lastmatch=]}]) but failed to remove it when the web application was stopped. Threads are going to be renewed over time to try and avoid a probable memory leak.
Feb 16, 2013 4:42:10 PM org.apache.catalina.loader.WebappClassLoader checkThreadLocalMapForLeaks
SEVERE: The web application [] created a ThreadLocal with key of type [org.archive.util.TextUtils$1] (value [org.archive.util.TextUtils$1@4bb8d481]) and a value of type [java.util.HashMap] (value [{^www\d*\.=java.util.regex.Matcher[pattern=^www\d*\. region=0,12 lastmatch=], [
	]+=java.util.regex.Matcher[pattern=[
	]+ region=0,20 lastmatch=], ^(/\.\./)+=java.util.regex.Matcher[pattern=^(/\.\./)+ region=0,1 lastmatch=]}]) but failed to remove it when the web application was stopped. Threads are going to be renewed over time to try and avoid a probable memory leak.
Feb 16, 2013 4:42:10 PM org.apache.catalina.loader.WebappClassLoader checkThreadLocalMapForLeaks
SEVERE: The web application [] created a ThreadLocal with key of type [org.archive.util.TextUtils$1] (value [org.archive.util.TextUtils$1@4bb8d481]) and a value of type [java.util.HashMap] (value [{^www\d*\.=java.util.regex.Matcher[pattern=^www\d*\. region=0,12 lastmatch=], [
	]+=java.util.regex.Matcher[pattern=[
	]+ region=0,36 lastmatch=], ^(/\.\./)+=java.util.regex.Matcher[pattern=^(/\.\./)+ region=0,17 lastmatch=]}]) but failed to remove it when the web application was stopped. Threads are going to be renewed over time to try and avoid a probable memory leak.
Feb 16, 2013 4:42:10 PM org.apache.coyote.AbstractProtocol stop
INFO: Stopping ProtocolHandler ["http-bio-8080"]
Feb 16, 2013 4:42:10 PM org.apache.coyote.AbstractProtocol stop
INFO: Stopping ProtocolHandler ["ajp-bio-8009"]
Feb 16, 2013 4:42:10 PM org.apache.coyote.AbstractProtocol destroy
INFO: Destroying ProtocolHandler ["http-bio-8080"]
Feb 16, 2013 4:42:10 PM org.apache.coyote.AbstractProtocol destroy
INFO: Destroying ProtocolHandler ["ajp-bio-8009"]
Feb 16, 2013 5:10:49 PM org.apache.catalina.core.AprLifecycleListener init
INFO: The APR based Apache Tomcat Native library which allows optimal performance in production environments was not found on the java.library.path: .:/Library/Java/Extensions:/System/Library/Java/Extensions:/usr/lib/java
Feb 16, 2013 5:10:49 PM org.apache.coyote.AbstractProtocol init
INFO: Initializing ProtocolHandler ["http-bio-8080"]
Feb 16, 2013 5:10:49 PM org.apache.coyote.AbstractProtocol init
INFO: Initializing ProtocolHandler ["ajp-bio-8009"]
Feb 16, 2013 5:10:49 PM org.apache.catalina.startup.Catalina load
INFO: Initialization processed in 681 ms
Feb 16, 2013 5:10:49 PM org.apache.catalina.core.StandardService startInternal
INFO: Starting service Catalina
Feb 16, 2013 5:10:49 PM org.apache.catalina.core.StandardEngine startInternal
INFO: Starting Servlet Engine: Apache Tomcat/7.0.30
Feb 16, 2013 5:10:49 PM org.apache.catalina.startup.HostConfig deployDirectory
INFO: Deploying web application directory /Applications/XAMPP/tomcat/webapps/docs
Feb 16, 2013 5:10:50 PM org.apache.catalina.startup.HostConfig deployDirectory
INFO: Deploying web application directory /Applications/XAMPP/tomcat/webapps/examples
Feb 16, 2013 5:10:50 PM org.apache.catalina.startup.HostConfig deployDirectory
INFO: Deploying web application directory /Applications/XAMPP/tomcat/webapps/host-manager
Feb 16, 2013 5:10:50 PM org.apache.catalina.startup.HostConfig deployDirectory
INFO: Deploying web application directory /Applications/XAMPP/tomcat/webapps/manager
Feb 16, 2013 5:10:50 PM org.apache.catalina.startup.HostConfig deployDirectory
INFO: Deploying web application directory /Applications/XAMPP/tomcat/webapps/ROOT
Feb 16, 2013 5:10:54 PM org.apache.coyote.AbstractProtocol start
INFO: Starting ProtocolHandler ["http-bio-8080"]
Feb 16, 2013 5:10:54 PM org.apache.coyote.AbstractProtocol start
INFO: Starting ProtocolHandler ["ajp-bio-8009"]
Feb 16, 2013 5:10:54 PM org.apache.catalina.startup.Catalina start
INFO: Server startup in 5092 ms
