Mar 14, 2013 12:39:48 PM org.apache.catalina.core.AprLifecycleListener init
INFO: The APR based Apache Tomcat Native library which allows optimal performance in production environments was not found on the java.library.path: .:/Library/Java/Extensions:/System/Library/Java/Extensions:/usr/lib/java
Mar 14, 2013 12:39:48 PM org.apache.coyote.AbstractProtocol init
INFO: Initializing ProtocolHandler ["http-bio-8080"]
Mar 14, 2013 12:39:48 PM org.apache.coyote.AbstractProtocol init
INFO: Initializing ProtocolHandler ["ajp-bio-8009"]
Mar 14, 2013 12:39:48 PM org.apache.catalina.startup.Catalina load
INFO: Initialization processed in 1265 ms
Mar 14, 2013 12:39:49 PM org.apache.catalina.core.StandardService startInternal
INFO: Starting service Catalina
Mar 14, 2013 12:39:49 PM org.apache.catalina.core.StandardEngine startInternal
INFO: Starting Servlet Engine: Apache Tomcat/7.0.30
Mar 14, 2013 12:39:49 PM org.apache.catalina.startup.HostConfig deployDescriptor
INFO: Deploying configuration descriptor /Applications/WAIL/tomcat/conf/Catalina/localhost/wayback-webapp.xml
Mar 14, 2013 12:39:49 PM org.apache.catalina.startup.HostConfig deployDescriptor
WARNING: A docBase /Applications/WAIL/tomcat/webapps/wayback-src/wayback-master/wayback-webapp/target/wayback-1.7.1-SNAPSHOT inside the host appBase has been specified, and will be ignored
Mar 14, 2013 12:39:49 PM org.apache.catalina.core.StandardContext resourcesStart
SEVERE: Error starting static Resources
java.lang.IllegalArgumentException: Document base /Applications/WAIL/tomcat/webapps/wayback-webapp does not exist or is not a readable directory
	at org.apache.naming.resources.FileDirContext.setDocBase(FileDirContext.java:140)
	at org.apache.catalina.core.StandardContext.resourcesStart(StandardContext.java:4906)
	at org.apache.catalina.core.StandardContext.startInternal(StandardContext.java:5086)
	at org.apache.catalina.util.LifecycleBase.start(LifecycleBase.java:150)
	at org.apache.catalina.core.ContainerBase.addChildInternal(ContainerBase.java:901)
	at org.apache.catalina.core.ContainerBase.addChild(ContainerBase.java:877)
	at org.apache.catalina.core.StandardHost.addChild(StandardHost.java:618)
	at org.apache.catalina.startup.HostConfig.deployDescriptor(HostConfig.java:650)
	at org.apache.catalina.startup.HostConfig$DeployDescriptor.run(HostConfig.java:1582)
	at java.util.concurrent.Executors$RunnableAdapter.call(Executors.java:439)
	at java.util.concurrent.FutureTask$Sync.innerRun(FutureTask.java:303)
	at java.util.concurrent.FutureTask.run(FutureTask.java:138)
	at java.util.concurrent.ThreadPoolExecutor$Worker.runTask(ThreadPoolExecutor.java:895)
	at java.util.concurrent.ThreadPoolExecutor$Worker.run(ThreadPoolExecutor.java:918)
	at java.lang.Thread.run(Thread.java:680)
Mar 14, 2013 12:39:49 PM org.apache.catalina.core.StandardContext startInternal
SEVERE: Error in resourceStart()
Mar 14, 2013 12:39:49 PM org.apache.catalina.core.StandardContext startInternal
SEVERE: Error getConfigured
Mar 14, 2013 12:39:49 PM org.apache.catalina.core.StandardContext startInternal
SEVERE: Context [/wayback-webapp] startup failed due to previous errors
Mar 14, 2013 12:39:49 PM org.apache.catalina.startup.HostConfig deployDirectory
INFO: Deploying web application directory /Applications/WAIL/tomcat/webapps/bin
Mar 14, 2013 12:39:49 PM org.apache.catalina.startup.HostConfig deployDirectory
INFO: Deploying web application directory /Applications/WAIL/tomcat/webapps/docs
Mar 14, 2013 12:39:49 PM org.apache.catalina.startup.HostConfig deployDirectory
INFO: Deploying web application directory /Applications/WAIL/tomcat/webapps/examples
Mar 14, 2013 12:39:49 PM org.apache.catalina.startup.HostConfig deployDirectory
INFO: Deploying web application directory /Applications/WAIL/tomcat/webapps/host-manager
Mar 14, 2013 12:39:49 PM org.apache.catalina.startup.HostConfig deployDirectory
INFO: Deploying web application directory /Applications/WAIL/tomcat/webapps/lib
Mar 14, 2013 12:39:49 PM org.apache.catalina.startup.HostConfig deployDirectory
INFO: Deploying web application directory /Applications/WAIL/tomcat/webapps/manager
Mar 14, 2013 12:39:49 PM org.apache.catalina.startup.HostConfig deployDirectory
INFO: Deploying web application directory /Applications/WAIL/tomcat/webapps/ROOT
Mar 14, 2013 12:39:54 PM org.apache.catalina.startup.HostConfig deployDirectory
INFO: Deploying web application directory /Applications/WAIL/tomcat/webapps/ROOT_old
Mar 14, 2013 12:39:58 PM org.apache.catalina.core.StandardContext startInternal
SEVERE: Error filterStart
Mar 14, 2013 12:39:58 PM org.apache.catalina.core.StandardContext startInternal
SEVERE: Context [/ROOT_old] startup failed due to previous errors
Mar 14, 2013 12:39:58 PM org.apache.catalina.startup.HostConfig deployDirectory
INFO: Deploying web application directory /Applications/WAIL/tomcat/webapps/wayback-1.6
Mar 14, 2013 12:40:02 PM org.apache.catalina.core.StandardContext startInternal
SEVERE: Error filterStart
Mar 14, 2013 12:40:02 PM org.apache.catalina.core.StandardContext startInternal
SEVERE: Context [/wayback-1.6] startup failed due to previous errors
Mar 14, 2013 12:40:02 PM org.apache.catalina.startup.HostConfig deployDirectory
INFO: Deploying web application directory /Applications/WAIL/tomcat/webapps/wayback-src
Mar 14, 2013 12:40:02 PM org.apache.coyote.AbstractProtocol start
INFO: Starting ProtocolHandler ["http-bio-8080"]
Mar 14, 2013 12:40:02 PM org.apache.coyote.AbstractProtocol start
INFO: Starting ProtocolHandler ["ajp-bio-8009"]
Mar 14, 2013 12:40:02 PM org.apache.catalina.startup.Catalina start
INFO: Server startup in 13326 ms
Mar 14, 2013 6:20:44 PM org.apache.coyote.AbstractProtocol pause
INFO: Pausing ProtocolHandler ["http-bio-8080"]
Mar 14, 2013 6:20:44 PM org.apache.coyote.AbstractProtocol pause
INFO: Pausing ProtocolHandler ["ajp-bio-8009"]
Mar 14, 2013 6:20:44 PM org.apache.catalina.core.StandardService stopInternal
INFO: Stopping service Catalina
Mar 14, 2013 6:20:45 PM org.apache.catalina.loader.WebappClassLoader checkThreadLocalMapForLeaks
SEVERE: The web application [] created a ThreadLocal with key of type [org.archive.util.TextUtils$1] (value [org.archive.util.TextUtils$1@3e84c1f9]) and a value of type [java.util.HashMap] (value [{^www\d*\.=java.util.regex.Matcher[pattern=^www\d*\. region=0,17 lastmatch=], [
	]+=java.util.regex.Matcher[pattern=[
	]+ region=0,1553 lastmatch=], ^(/\.\./)+=java.util.regex.Matcher[pattern=^(/\.\./)+ region=0,1536 lastmatch=]}]) but failed to remove it when the web application was stopped. Threads are going to be renewed over time to try and avoid a probable memory leak.
Mar 14, 2013 6:20:45 PM org.apache.catalina.loader.WebappClassLoader checkThreadLocalMapForLeaks
SEVERE: The web application [] created a ThreadLocal with key of type [org.archive.util.TextUtils$1] (value [org.archive.util.TextUtils$1@3e84c1f9]) and a value of type [java.util.HashMap] (value [{^www\d*\.=java.util.regex.Matcher[pattern=^www\d*\. region=0,17 lastmatch=], [
	]+=java.util.regex.Matcher[pattern=[
	]+ region=0,78 lastmatch=], ^(/\.\./)+=java.util.regex.Matcher[pattern=^(/\.\./)+ region=0,54 lastmatch=]}]) but failed to remove it when the web application was stopped. Threads are going to be renewed over time to try and avoid a probable memory leak.
Mar 14, 2013 6:20:45 PM org.apache.catalina.loader.WebappClassLoader checkThreadLocalMapForLeaks
SEVERE: The web application [] created a ThreadLocal with key of type [org.archive.util.TextUtils$1] (value [org.archive.util.TextUtils$1@3e84c1f9]) and a value of type [java.util.HashMap] (value [{^www\d*\.=java.util.regex.Matcher[pattern=^www\d*\. region=0,17 lastmatch=], [
	]+=java.util.regex.Matcher[pattern=[
	]+ region=0,94 lastmatch=], ^(/\.\./)+=java.util.regex.Matcher[pattern=^(/\.\./)+ region=0,70 lastmatch=]}]) but failed to remove it when the web application was stopped. Threads are going to be renewed over time to try and avoid a probable memory leak.
Mar 14, 2013 6:20:45 PM org.apache.catalina.loader.WebappClassLoader checkThreadLocalMapForLeaks
SEVERE: The web application [] created a ThreadLocal with key of type [org.archive.util.TextUtils$1] (value [org.archive.util.TextUtils$1@3e84c1f9]) and a value of type [java.util.HashMap] (value [{^www\d*\.=java.util.regex.Matcher[pattern=^www\d*\. region=0,16 lastmatch=], [
	]+=java.util.regex.Matcher[pattern=[
	]+ region=0,58 lastmatch=], ^(/\.\./)+=java.util.regex.Matcher[pattern=^(/\.\./)+ region=0,35 lastmatch=]}]) but failed to remove it when the web application was stopped. Threads are going to be renewed over time to try and avoid a probable memory leak.
Mar 14, 2013 6:20:45 PM org.apache.catalina.loader.WebappClassLoader checkThreadLocalMapForLeaks
SEVERE: The web application [] created a ThreadLocal with key of type [org.archive.util.TextUtils$1] (value [org.archive.util.TextUtils$1@3e84c1f9]) and a value of type [java.util.HashMap] (value [{^www\d*\.=java.util.regex.Matcher[pattern=^www\d*\. region=0,16 lastmatch=], [
	]+=java.util.regex.Matcher[pattern=[
	]+ region=0,97 lastmatch=], ^(/\.\./)+=java.util.regex.Matcher[pattern=^(/\.\./)+ region=0,74 lastmatch=]}]) but failed to remove it when the web application was stopped. Threads are going to be renewed over time to try and avoid a probable memory leak.
Mar 14, 2013 6:20:45 PM org.apache.catalina.loader.WebappClassLoader checkThreadLocalMapForLeaks
SEVERE: The web application [] created a ThreadLocal with key of type [org.archive.util.TextUtils$1] (value [org.archive.util.TextUtils$1@3e84c1f9]) and a value of type [java.util.HashMap] (value [{^www\d*\.=java.util.regex.Matcher[pattern=^www\d*\. region=0,17 lastmatch=], [
	]+=java.util.regex.Matcher[pattern=[
	]+ region=0,90 lastmatch=], ^(/\.\./)+=java.util.regex.Matcher[pattern=^(/\.\./)+ region=0,66 lastmatch=]}]) but failed to remove it when the web application was stopped. Threads are going to be renewed over time to try and avoid a probable memory leak.
Mar 14, 2013 6:20:45 PM org.apache.catalina.loader.WebappClassLoader checkThreadLocalMapForLeaks
SEVERE: The web application [] created a ThreadLocal with key of type [org.archive.util.TextUtils$1] (value [org.archive.util.TextUtils$1@3e84c1f9]) and a value of type [java.util.HashMap] (value [{^www\d*\.=java.util.regex.Matcher[pattern=^www\d*\. region=0,16 lastmatch=], [
	]+=java.util.regex.Matcher[pattern=[
	]+ region=0,79 lastmatch=], ^(/\.\./)+=java.util.regex.Matcher[pattern=^(/\.\./)+ region=0,56 lastmatch=]}]) but failed to remove it when the web application was stopped. Threads are going to be renewed over time to try and avoid a probable memory leak.
Mar 14, 2013 6:20:45 PM org.apache.catalina.loader.WebappClassLoader checkThreadLocalMapForLeaks
SEVERE: The web application [] created a ThreadLocal with key of type [org.archive.util.TextUtils$1] (value [org.archive.util.TextUtils$1@3e84c1f9]) and a value of type [java.util.HashMap] (value [{^www\d*\.=java.util.regex.Matcher[pattern=^www\d*\. region=0,17 lastmatch=], [
	]+=java.util.regex.Matcher[pattern=[
	]+ region=0,94 lastmatch=], ^(/\.\./)+=java.util.regex.Matcher[pattern=^(/\.\./)+ region=0,70 lastmatch=]}]) but failed to remove it when the web application was stopped. Threads are going to be renewed over time to try and avoid a probable memory leak.
Mar 14, 2013 6:20:45 PM org.apache.catalina.loader.WebappClassLoader checkThreadLocalMapForLeaks
SEVERE: The web application [] created a ThreadLocal with key of type [org.archive.util.TextUtils$1] (value [org.archive.util.TextUtils$1@3e84c1f9]) and a value of type [java.util.HashMap] (value [{^www\d*\.=java.util.regex.Matcher[pattern=^www\d*\. region=0,17 lastmatch=], [
	]+=java.util.regex.Matcher[pattern=[
	]+ region=0,89 lastmatch=], ^(/\.\./)+=java.util.regex.Matcher[pattern=^(/\.\./)+ region=0,65 lastmatch=]}]) but failed to remove it when the web application was stopped. Threads are going to be renewed over time to try and avoid a probable memory leak.
Mar 14, 2013 6:20:45 PM org.apache.catalina.loader.WebappClassLoader checkThreadLocalMapForLeaks
SEVERE: The web application [] created a ThreadLocal with key of type [org.archive.util.TextUtils$1] (value [org.archive.util.TextUtils$1@3e84c1f9]) and a value of type [java.util.HashMap] (value [{^www\d*\.=java.util.regex.Matcher[pattern=^www\d*\. region=0,16 lastmatch=], [
	]+=java.util.regex.Matcher[pattern=[
	]+ region=0,66 lastmatch=], \\=java.util.regex.Matcher[pattern=\\ region=0,19 lastmatch=], ^(/\.\./)+=java.util.regex.Matcher[pattern=^(/\.\./)+ region=0,43 lastmatch=]}]) but failed to remove it when the web application was stopped. Threads are going to be renewed over time to try and avoid a probable memory leak.
Mar 14, 2013 6:20:45 PM org.apache.coyote.AbstractProtocol stop
INFO: Stopping ProtocolHandler ["http-bio-8080"]
Mar 14, 2013 6:20:45 PM org.apache.coyote.AbstractProtocol stop
INFO: Stopping ProtocolHandler ["ajp-bio-8009"]
Mar 14, 2013 6:20:45 PM org.apache.coyote.AbstractProtocol destroy
INFO: Destroying ProtocolHandler ["http-bio-8080"]
Mar 14, 2013 6:20:45 PM org.apache.coyote.AbstractProtocol destroy
INFO: Destroying ProtocolHandler ["ajp-bio-8009"]
