Feb 22, 2013 12:41:31 AM org.apache.catalina.core.AprLifecycleListener init
INFO: The APR based Apache Tomcat Native library which allows optimal performance in production environments was not found on the java.library.path: .:/Library/Java/Extensions:/System/Library/Java/Extensions:/usr/lib/java
Feb 22, 2013 12:41:32 AM org.apache.coyote.AbstractProtocol init
INFO: Initializing ProtocolHandler ["http-bio-8080"]
Feb 22, 2013 12:41:32 AM org.apache.coyote.AbstractProtocol init
INFO: Initializing ProtocolHandler ["ajp-bio-8009"]
Feb 22, 2013 12:41:32 AM org.apache.catalina.startup.Catalina load
INFO: Initialization processed in 1007 ms
Feb 22, 2013 12:41:32 AM org.apache.catalina.core.StandardService startInternal
INFO: Starting service Catalina
Feb 22, 2013 12:41:32 AM org.apache.catalina.core.StandardEngine startInternal
INFO: Starting Servlet Engine: Apache Tomcat/7.0.30
Feb 22, 2013 12:41:32 AM org.apache.catalina.startup.HostConfig deployDirectory
INFO: Deploying web application directory /Applications/WAIL/tomcat/webapps/docs
Feb 22, 2013 12:41:32 AM org.apache.catalina.startup.HostConfig deployDirectory
INFO: Deploying web application directory /Applications/WAIL/tomcat/webapps/examples
Feb 22, 2013 12:41:32 AM org.apache.catalina.startup.HostConfig deployDirectory
INFO: Deploying web application directory /Applications/WAIL/tomcat/webapps/host-manager
Feb 22, 2013 12:41:33 AM org.apache.catalina.startup.HostConfig deployDirectory
INFO: Deploying web application directory /Applications/WAIL/tomcat/webapps/manager
Feb 22, 2013 12:41:33 AM org.apache.catalina.startup.HostConfig deployDirectory
INFO: Deploying web application directory /Applications/WAIL/tomcat/webapps/ROOT
Feb 22, 2013 12:41:38 AM org.apache.coyote.AbstractProtocol start
INFO: Starting ProtocolHandler ["http-bio-8080"]
Feb 22, 2013 12:41:38 AM org.apache.coyote.AbstractProtocol start
INFO: Starting ProtocolHandler ["ajp-bio-8009"]
Feb 22, 2013 12:41:38 AM org.apache.catalina.startup.Catalina start
INFO: Server startup in 5896 ms
Feb 22, 2013 8:41:02 AM org.apache.coyote.AbstractProtocol pause
INFO: Pausing ProtocolHandler ["http-bio-8080"]
Feb 22, 2013 8:41:02 AM org.apache.coyote.AbstractProtocol pause
INFO: Pausing ProtocolHandler ["ajp-bio-8009"]
Feb 22, 2013 8:41:02 AM org.apache.catalina.core.StandardService stopInternal
INFO: Stopping service Catalina
Feb 22, 2013 8:41:03 AM org.apache.catalina.loader.WebappClassLoader checkThreadLocalMapForLeaks
SEVERE: The web application [] created a ThreadLocal with key of type [org.archive.util.TextUtils$1] (value [org.archive.util.TextUtils$1@7b7035c6]) and a value of type [java.util.HashMap] (value [{^www\d*\.=java.util.regex.Matcher[pattern=^www\d*\. region=0,19 lastmatch=www.], [
	]+=java.util.regex.Matcher[pattern=[
	]+ region=0,27 lastmatch=], ^(/\.\./)+=java.util.regex.Matcher[pattern=^(/\.\./)+ region=0,1 lastmatch=]}]) but failed to remove it when the web application was stopped. Threads are going to be renewed over time to try and avoid a probable memory leak.
Feb 22, 2013 8:41:03 AM org.apache.catalina.loader.WebappClassLoader checkThreadLocalMapForLeaks
SEVERE: The web application [] created a ThreadLocal with key of type [org.archive.util.TextUtils$1] (value [org.archive.util.TextUtils$1@7b7035c6]) and a value of type [java.util.HashMap] (value [{^www\d*\.=java.util.regex.Matcher[pattern=^www\d*\. region=0,19 lastmatch=www.], [
	]+=java.util.regex.Matcher[pattern=[
	]+ region=0,27 lastmatch=], ^(/\.\./)+=java.util.regex.Matcher[pattern=^(/\.\./)+ region=0,1 lastmatch=]}]) but failed to remove it when the web application was stopped. Threads are going to be renewed over time to try and avoid a probable memory leak.
Feb 22, 2013 8:41:03 AM org.apache.catalina.loader.WebappClassLoader checkThreadLocalMapForLeaks
SEVERE: The web application [] created a ThreadLocal with key of type [org.archive.util.TextUtils$1] (value [org.archive.util.TextUtils$1@7b7035c6]) and a value of type [java.util.HashMap] (value [{^www\d*\.=java.util.regex.Matcher[pattern=^www\d*\. region=0,19 lastmatch=www.], [
	]+=java.util.regex.Matcher[pattern=[
	]+ region=0,27 lastmatch=], ^(/\.\./)+=java.util.regex.Matcher[pattern=^(/\.\./)+ region=0,1 lastmatch=]}]) but failed to remove it when the web application was stopped. Threads are going to be renewed over time to try and avoid a probable memory leak.
Feb 22, 2013 8:41:03 AM org.apache.coyote.AbstractProtocol stop
INFO: Stopping ProtocolHandler ["http-bio-8080"]
Feb 22, 2013 8:41:03 AM org.apache.coyote.AbstractProtocol stop
INFO: Stopping ProtocolHandler ["ajp-bio-8009"]
Feb 22, 2013 8:41:03 AM org.apache.coyote.AbstractProtocol destroy
INFO: Destroying ProtocolHandler ["http-bio-8080"]
Feb 22, 2013 8:41:03 AM org.apache.coyote.AbstractProtocol destroy
INFO: Destroying ProtocolHandler ["ajp-bio-8009"]
