Mar 6, 2013 4:50:54 AM org.apache.catalina.core.AprLifecycleListener init
INFO: The APR based Apache Tomcat Native library which allows optimal performance in production environments was not found on the java.library.path: .:/Library/Java/Extensions:/System/Library/Java/Extensions:/usr/lib/java
Mar 6, 2013 4:50:55 AM org.apache.coyote.AbstractProtocol init
INFO: Initializing ProtocolHandler ["http-bio-8080"]
Mar 6, 2013 4:50:55 AM org.apache.coyote.AbstractProtocol init
SEVERE: Failed to initialize end point associated with ProtocolHandler ["http-bio-8080"]
java.net.BindException: Address already in use <null>:8080
	at org.apache.tomcat.util.net.JIoEndpoint.bind(JIoEndpoint.java:406)
	at org.apache.tomcat.util.net.AbstractEndpoint.init(AbstractEndpoint.java:610)
	at org.apache.coyote.AbstractProtocol.init(AbstractProtocol.java:429)
	at org.apache.coyote.http11.AbstractHttp11JsseProtocol.init(AbstractHttp11JsseProtocol.java:119)
	at org.apache.catalina.connector.Connector.initInternal(Connector.java:981)
	at org.apache.catalina.util.LifecycleBase.init(LifecycleBase.java:102)
	at org.apache.catalina.core.StandardService.initInternal(StandardService.java:559)
	at org.apache.catalina.util.LifecycleBase.init(LifecycleBase.java:102)
	at org.apache.catalina.core.StandardServer.initInternal(StandardServer.java:814)
	at org.apache.catalina.util.LifecycleBase.init(LifecycleBase.java:102)
	at org.apache.catalina.startup.Catalina.load(Catalina.java:633)
	at org.apache.catalina.startup.Catalina.load(Catalina.java:658)
	at sun.reflect.NativeMethodAccessorImpl.invoke0(Native Method)
	at sun.reflect.NativeMethodAccessorImpl.invoke(NativeMethodAccessorImpl.java:39)
	at sun.reflect.DelegatingMethodAccessorImpl.invoke(DelegatingMethodAccessorImpl.java:25)
	at java.lang.reflect.Method.invoke(Method.java:597)
	at org.apache.catalina.startup.Bootstrap.load(Bootstrap.java:281)
	at org.apache.catalina.startup.Bootstrap.main(Bootstrap.java:450)
Caused by: java.net.BindException: Address already in use
	at java.net.PlainSocketImpl.socketBind(Native Method)
	at java.net.PlainSocketImpl.bind(PlainSocketImpl.java:383)
	at java.net.ServerSocket.bind(ServerSocket.java:328)
	at java.net.ServerSocket.<init>(ServerSocket.java:194)
	at java.net.ServerSocket.<init>(ServerSocket.java:150)
	at org.apache.tomcat.util.net.DefaultServerSocketFactory.createSocket(DefaultServerSocketFactory.java:49)
	at org.apache.tomcat.util.net.JIoEndpoint.bind(JIoEndpoint.java:393)
	... 17 more
Mar 6, 2013 4:50:55 AM org.apache.catalina.core.StandardService initInternal
SEVERE: Failed to initialize connector [Connector[HTTP/1.1-8080]]
org.apache.catalina.LifecycleException: Failed to initialize component [Connector[HTTP/1.1-8080]]
	at org.apache.catalina.util.LifecycleBase.init(LifecycleBase.java:106)
	at org.apache.catalina.core.StandardService.initInternal(StandardService.java:559)
	at org.apache.catalina.util.LifecycleBase.init(LifecycleBase.java:102)
	at org.apache.catalina.core.StandardServer.initInternal(StandardServer.java:814)
	at org.apache.catalina.util.LifecycleBase.init(LifecycleBase.java:102)
	at org.apache.catalina.startup.Catalina.load(Catalina.java:633)
	at org.apache.catalina.startup.Catalina.load(Catalina.java:658)
	at sun.reflect.NativeMethodAccessorImpl.invoke0(Native Method)
	at sun.reflect.NativeMethodAccessorImpl.invoke(NativeMethodAccessorImpl.java:39)
	at sun.reflect.DelegatingMethodAccessorImpl.invoke(DelegatingMethodAccessorImpl.java:25)
	at java.lang.reflect.Method.invoke(Method.java:597)
	at org.apache.catalina.startup.Bootstrap.load(Bootstrap.java:281)
	at org.apache.catalina.startup.Bootstrap.main(Bootstrap.java:450)
Caused by: org.apache.catalina.LifecycleException: Protocol handler initialization failed
	at org.apache.catalina.connector.Connector.initInternal(Connector.java:983)
	at org.apache.catalina.util.LifecycleBase.init(LifecycleBase.java:102)
	... 12 more
Caused by: java.net.BindException: Address already in use <null>:8080
	at org.apache.tomcat.util.net.JIoEndpoint.bind(JIoEndpoint.java:406)
	at org.apache.tomcat.util.net.AbstractEndpoint.init(AbstractEndpoint.java:610)
	at org.apache.coyote.AbstractProtocol.init(AbstractProtocol.java:429)
	at org.apache.coyote.http11.AbstractHttp11JsseProtocol.init(AbstractHttp11JsseProtocol.java:119)
	at org.apache.catalina.connector.Connector.initInternal(Connector.java:981)
	... 13 more
Caused by: java.net.BindException: Address already in use
	at java.net.PlainSocketImpl.socketBind(Native Method)
	at java.net.PlainSocketImpl.bind(PlainSocketImpl.java:383)
	at java.net.ServerSocket.bind(ServerSocket.java:328)
	at java.net.ServerSocket.<init>(ServerSocket.java:194)
	at java.net.ServerSocket.<init>(ServerSocket.java:150)
	at org.apache.tomcat.util.net.DefaultServerSocketFactory.createSocket(DefaultServerSocketFactory.java:49)
	at org.apache.tomcat.util.net.JIoEndpoint.bind(JIoEndpoint.java:393)
	... 17 more
Mar 6, 2013 4:50:55 AM org.apache.coyote.AbstractProtocol init
INFO: Initializing ProtocolHandler ["ajp-bio-8009"]
Mar 6, 2013 4:50:55 AM org.apache.coyote.AbstractProtocol init
SEVERE: Failed to initialize end point associated with ProtocolHandler ["ajp-bio-8009"]
java.net.BindException: Address already in use <null>:8009
	at org.apache.tomcat.util.net.JIoEndpoint.bind(JIoEndpoint.java:406)
	at org.apache.tomcat.util.net.AbstractEndpoint.init(AbstractEndpoint.java:610)
	at org.apache.coyote.AbstractProtocol.init(AbstractProtocol.java:429)
	at org.apache.catalina.connector.Connector.initInternal(Connector.java:981)
	at org.apache.catalina.util.LifecycleBase.init(LifecycleBase.java:102)
	at org.apache.catalina.core.StandardService.initInternal(StandardService.java:559)
	at org.apache.catalina.util.LifecycleBase.init(LifecycleBase.java:102)
	at org.apache.catalina.core.StandardServer.initInternal(StandardServer.java:814)
	at org.apache.catalina.util.LifecycleBase.init(LifecycleBase.java:102)
	at org.apache.catalina.startup.Catalina.load(Catalina.java:633)
	at org.apache.catalina.startup.Catalina.load(Catalina.java:658)
	at sun.reflect.NativeMethodAccessorImpl.invoke0(Native Method)
	at sun.reflect.NativeMethodAccessorImpl.invoke(NativeMethodAccessorImpl.java:39)
	at sun.reflect.DelegatingMethodAccessorImpl.invoke(DelegatingMethodAccessorImpl.java:25)
	at java.lang.reflect.Method.invoke(Method.java:597)
	at org.apache.catalina.startup.Bootstrap.load(Bootstrap.java:281)
	at org.apache.catalina.startup.Bootstrap.main(Bootstrap.java:450)
Caused by: java.net.BindException: Address already in use
	at java.net.PlainSocketImpl.socketBind(Native Method)
	at java.net.PlainSocketImpl.bind(PlainSocketImpl.java:383)
	at java.net.ServerSocket.bind(ServerSocket.java:328)
	at java.net.ServerSocket.<init>(ServerSocket.java:194)
	at java.net.ServerSocket.<init>(ServerSocket.java:150)
	at org.apache.tomcat.util.net.DefaultServerSocketFactory.createSocket(DefaultServerSocketFactory.java:49)
	at org.apache.tomcat.util.net.JIoEndpoint.bind(JIoEndpoint.java:393)
	... 16 more
Mar 6, 2013 4:50:55 AM org.apache.catalina.core.StandardService initInternal
SEVERE: Failed to initialize connector [Connector[AJP/1.3-8009]]
org.apache.catalina.LifecycleException: Failed to initialize component [Connector[AJP/1.3-8009]]
	at org.apache.catalina.util.LifecycleBase.init(LifecycleBase.java:106)
	at org.apache.catalina.core.StandardService.initInternal(StandardService.java:559)
	at org.apache.catalina.util.LifecycleBase.init(LifecycleBase.java:102)
	at org.apache.catalina.core.StandardServer.initInternal(StandardServer.java:814)
	at org.apache.catalina.util.LifecycleBase.init(LifecycleBase.java:102)
	at org.apache.catalina.startup.Catalina.load(Catalina.java:633)
	at org.apache.catalina.startup.Catalina.load(Catalina.java:658)
	at sun.reflect.NativeMethodAccessorImpl.invoke0(Native Method)
	at sun.reflect.NativeMethodAccessorImpl.invoke(NativeMethodAccessorImpl.java:39)
	at sun.reflect.DelegatingMethodAccessorImpl.invoke(DelegatingMethodAccessorImpl.java:25)
	at java.lang.reflect.Method.invoke(Method.java:597)
	at org.apache.catalina.startup.Bootstrap.load(Bootstrap.java:281)
	at org.apache.catalina.startup.Bootstrap.main(Bootstrap.java:450)
Caused by: org.apache.catalina.LifecycleException: Protocol handler initialization failed
	at org.apache.catalina.connector.Connector.initInternal(Connector.java:983)
	at org.apache.catalina.util.LifecycleBase.init(LifecycleBase.java:102)
	... 12 more
Caused by: java.net.BindException: Address already in use <null>:8009
	at org.apache.tomcat.util.net.JIoEndpoint.bind(JIoEndpoint.java:406)
	at org.apache.tomcat.util.net.AbstractEndpoint.init(AbstractEndpoint.java:610)
	at org.apache.coyote.AbstractProtocol.init(AbstractProtocol.java:429)
	at org.apache.catalina.connector.Connector.initInternal(Connector.java:981)
	... 13 more
Caused by: java.net.BindException: Address already in use
	at java.net.PlainSocketImpl.socketBind(Native Method)
	at java.net.PlainSocketImpl.bind(PlainSocketImpl.java:383)
	at java.net.ServerSocket.bind(ServerSocket.java:328)
	at java.net.ServerSocket.<init>(ServerSocket.java:194)
	at java.net.ServerSocket.<init>(ServerSocket.java:150)
	at org.apache.tomcat.util.net.DefaultServerSocketFactory.createSocket(DefaultServerSocketFactory.java:49)
	at org.apache.tomcat.util.net.JIoEndpoint.bind(JIoEndpoint.java:393)
	... 16 more
Mar 6, 2013 4:50:55 AM org.apache.catalina.startup.Catalina load
INFO: Initialization processed in 793 ms
Mar 6, 2013 4:50:55 AM org.apache.catalina.core.StandardService startInternal
INFO: Starting service Catalina
Mar 6, 2013 4:50:55 AM org.apache.catalina.core.StandardEngine startInternal
INFO: Starting Servlet Engine: Apache Tomcat/7.0.30
Mar 6, 2013 4:50:55 AM org.apache.catalina.startup.HostConfig deployDirectory
INFO: Deploying web application directory /Applications/WAIL/tomcat/webapps/bin
Mar 6, 2013 4:50:55 AM org.apache.catalina.startup.HostConfig deployDirectory
INFO: Deploying web application directory /Applications/WAIL/tomcat/webapps/docs
Mar 6, 2013 4:50:55 AM org.apache.catalina.startup.HostConfig deployDirectory
INFO: Deploying web application directory /Applications/WAIL/tomcat/webapps/examples
Mar 6, 2013 4:50:55 AM org.apache.catalina.startup.HostConfig deployDirectory
INFO: Deploying web application directory /Applications/WAIL/tomcat/webapps/host-manager
Mar 6, 2013 4:50:56 AM org.apache.catalina.startup.HostConfig deployDirectory
INFO: Deploying web application directory /Applications/WAIL/tomcat/webapps/lib
Mar 6, 2013 4:50:56 AM org.apache.catalina.startup.HostConfig deployDirectory
INFO: Deploying web application directory /Applications/WAIL/tomcat/webapps/manager
Mar 6, 2013 4:50:56 AM org.apache.catalina.startup.HostConfig deployDirectory
INFO: Deploying web application directory /Applications/WAIL/tomcat/webapps/ROOT
Mar 6, 2013 4:51:00 AM org.apache.catalina.core.StandardContext startInternal
SEVERE: Error filterStart
Mar 6, 2013 4:51:00 AM org.apache.catalina.core.StandardContext startInternal
SEVERE: Context [] startup failed due to previous errors
Mar 6, 2013 4:51:00 AM org.apache.catalina.loader.WebappClassLoader clearReferencesThreads
SEVERE: The web application [] appears to have started a thread named [INCompressor] but has failed to stop it. This is very likely to create a memory leak.
Mar 6, 2013 4:51:00 AM org.apache.catalina.loader.WebappClassLoader clearReferencesThreads
SEVERE: The web application [] appears to have started a thread named [Cleaner-1] but has failed to stop it. This is very likely to create a memory leak.
Mar 6, 2013 4:51:00 AM org.apache.catalina.loader.WebappClassLoader clearReferencesThreads
SEVERE: The web application [] appears to have started a thread named [Checkpointer] but has failed to stop it. This is very likely to create a memory leak.
Mar 6, 2013 4:51:00 AM org.apache.catalina.startup.HostConfig deployDirectory
INFO: Deploying web application directory /Applications/WAIL/tomcat/webapps/ROOT_old
Mar 6, 2013 4:51:03 AM org.apache.catalina.core.StandardContext startInternal
SEVERE: Error filterStart
Mar 6, 2013 4:51:03 AM org.apache.catalina.core.StandardContext startInternal
SEVERE: Context [/ROOT_old] startup failed due to previous errors
Mar 6, 2013 4:51:03 AM org.apache.catalina.startup.HostConfig deployDirectory
INFO: Deploying web application directory /Applications/WAIL/tomcat/webapps/wayback-1.6
Mar 6, 2013 4:51:06 AM org.apache.catalina.core.StandardContext startInternal
SEVERE: Error filterStart
Mar 6, 2013 4:51:06 AM org.apache.catalina.core.StandardContext startInternal
SEVERE: Context [/wayback-1.6] startup failed due to previous errors
Mar 6, 2013 4:51:06 AM org.apache.catalina.startup.HostConfig deployDirectory
INFO: Deploying web application directory /Applications/WAIL/tomcat/webapps/wayback-src
Mar 6, 2013 4:51:06 AM org.apache.catalina.startup.Catalina start
INFO: Server startup in 10974 ms
Mar 6, 2013 4:51:06 AM org.apache.catalina.core.StandardServer await
SEVERE: StandardServer.await: create[localhost:8005]: 
java.net.BindException: Address already in use
	at java.net.PlainSocketImpl.socketBind(Native Method)
	at java.net.PlainSocketImpl.bind(PlainSocketImpl.java:383)
	at java.net.ServerSocket.bind(ServerSocket.java:328)
	at java.net.ServerSocket.<init>(ServerSocket.java:194)
	at org.apache.catalina.core.StandardServer.await(StandardServer.java:427)
	at org.apache.catalina.startup.Catalina.await(Catalina.java:766)
	at org.apache.catalina.startup.Catalina.start(Catalina.java:712)
	at sun.reflect.NativeMethodAccessorImpl.invoke0(Native Method)
	at sun.reflect.NativeMethodAccessorImpl.invoke(NativeMethodAccessorImpl.java:39)
	at sun.reflect.DelegatingMethodAccessorImpl.invoke(DelegatingMethodAccessorImpl.java:25)
	at java.lang.reflect.Method.invoke(Method.java:597)
	at org.apache.catalina.startup.Bootstrap.start(Bootstrap.java:322)
	at org.apache.catalina.startup.Bootstrap.main(Bootstrap.java:451)
Mar 6, 2013 4:51:06 AM org.apache.coyote.AbstractProtocol pause
INFO: Pausing ProtocolHandler ["http-bio-8080"]
Mar 6, 2013 4:51:06 AM org.apache.coyote.AbstractProtocol pause
INFO: Pausing ProtocolHandler ["ajp-bio-8009"]
Mar 6, 2013 4:51:06 AM org.apache.catalina.core.StandardService stopInternal
INFO: Stopping service Catalina
Mar 6, 2013 4:51:06 AM org.apache.coyote.AbstractProtocol stop
INFO: Stopping ProtocolHandler ["http-bio-8080"]
Mar 6, 2013 4:51:06 AM org.apache.coyote.AbstractProtocol destroy
INFO: Destroying ProtocolHandler ["http-bio-8080"]
Mar 6, 2013 4:51:06 AM org.apache.coyote.AbstractProtocol stop
INFO: Stopping ProtocolHandler ["ajp-bio-8009"]
Mar 6, 2013 4:51:06 AM org.apache.coyote.AbstractProtocol destroy
INFO: Destroying ProtocolHandler ["ajp-bio-8009"]
Mar 6, 2013 5:33:08 AM org.apache.catalina.core.StandardServer await
INFO: A valid shutdown command was received via the shutdown port. Stopping the Server instance.
Mar 6, 2013 5:33:08 AM org.apache.coyote.AbstractProtocol pause
INFO: Pausing ProtocolHandler ["http-bio-8080"]
Mar 6, 2013 5:33:08 AM org.apache.coyote.AbstractProtocol pause
INFO: Pausing ProtocolHandler ["ajp-bio-8009"]
Mar 6, 2013 5:33:08 AM org.apache.catalina.core.StandardService stopInternal
INFO: Stopping service Catalina
Mar 6, 2013 5:33:08 AM org.apache.catalina.loader.WebappClassLoader checkThreadLocalMapForLeaks
SEVERE: The web application [] created a ThreadLocal with key of type [org.archive.util.TextUtils$1] (value [org.archive.util.TextUtils$1@31f0fe3]) and a value of type [java.util.HashMap] (value [{^www\d*\.=java.util.regex.Matcher[pattern=^www\d*\. region=0,10 lastmatch=], [
	]+=java.util.regex.Matcher[pattern=[
	]+ region=0,61 lastmatch=], \\=java.util.regex.Matcher[pattern=\\ region=0,19 lastmatch=], ^(/\.\./)+=java.util.regex.Matcher[pattern=^(/\.\./)+ region=0,40 lastmatch=]}]) but failed to remove it when the web application was stopped. Threads are going to be renewed over time to try and avoid a probable memory leak.
Mar 6, 2013 5:33:08 AM org.apache.catalina.loader.WebappClassLoader checkThreadLocalMapForLeaks
SEVERE: The web application [] created a ThreadLocal with key of type [org.archive.util.TextUtils$1] (value [org.archive.util.TextUtils$1@31f0fe3]) and a value of type [java.util.HashMap] (value [{^www\d*\.=java.util.regex.Matcher[pattern=^www\d*\. region=0,16 lastmatch=], [
	]+=java.util.regex.Matcher[pattern=[
	]+ region=0,72 lastmatch=], \\=java.util.regex.Matcher[pattern=\\ region=0,19 lastmatch=], ^(/\.\./)+=java.util.regex.Matcher[pattern=^(/\.\./)+ region=0,49 lastmatch=]}]) but failed to remove it when the web application was stopped. Threads are going to be renewed over time to try and avoid a probable memory leak.
Mar 6, 2013 5:33:08 AM org.apache.catalina.loader.WebappClassLoader checkThreadLocalMapForLeaks
SEVERE: The web application [] created a ThreadLocal with key of type [org.archive.util.TextUtils$1] (value [org.archive.util.TextUtils$1@31f0fe3]) and a value of type [java.util.HashMap] (value [{^www\d*\.=java.util.regex.Matcher[pattern=^www\d*\. region=0,16 lastmatch=], [
	]+=java.util.regex.Matcher[pattern=[
	]+ region=0,69 lastmatch=], \\=java.util.regex.Matcher[pattern=\\ region=0,19 lastmatch=], ^(/\.\./)+=java.util.regex.Matcher[pattern=^(/\.\./)+ region=0,46 lastmatch=]}]) but failed to remove it when the web application was stopped. Threads are going to be renewed over time to try and avoid a probable memory leak.
Mar 6, 2013 5:33:08 AM org.apache.catalina.loader.WebappClassLoader checkThreadLocalMapForLeaks
SEVERE: The web application [] created a ThreadLocal with key of type [org.archive.util.TextUtils$1] (value [org.archive.util.TextUtils$1@31f0fe3]) and a value of type [java.util.HashMap] (value [{^www\d*\.=java.util.regex.Matcher[pattern=^www\d*\. region=0,17 lastmatch=], [
	]+=java.util.regex.Matcher[pattern=[
	]+ region=0,113 lastmatch=], \\=java.util.regex.Matcher[pattern=\\ region=0,19 lastmatch=], ^(/\.\./)+=java.util.regex.Matcher[pattern=^(/\.\./)+ region=0,89 lastmatch=]}]) but failed to remove it when the web application was stopped. Threads are going to be renewed over time to try and avoid a probable memory leak.
Mar 6, 2013 5:33:08 AM org.apache.catalina.loader.WebappClassLoader checkThreadLocalMapForLeaks
SEVERE: The web application [] created a ThreadLocal with key of type [org.archive.util.TextUtils$1] (value [org.archive.util.TextUtils$1@31f0fe3]) and a value of type [java.util.HashMap] (value [{^www\d*\.=java.util.regex.Matcher[pattern=^www\d*\. region=0,16 lastmatch=], [
	]+=java.util.regex.Matcher[pattern=[
	]+ region=0,69 lastmatch=], \\=java.util.regex.Matcher[pattern=\\ region=0,19 lastmatch=], ^(/\.\./)+=java.util.regex.Matcher[pattern=^(/\.\./)+ region=0,46 lastmatch=]}]) but failed to remove it when the web application was stopped. Threads are going to be renewed over time to try and avoid a probable memory leak.
Mar 6, 2013 5:33:08 AM org.apache.catalina.loader.WebappClassLoader checkThreadLocalMapForLeaks
SEVERE: The web application [] created a ThreadLocal with key of type [org.archive.util.TextUtils$1] (value [org.archive.util.TextUtils$1@31f0fe3]) and a value of type [java.util.HashMap] (value [{^www\d*\.=java.util.regex.Matcher[pattern=^www\d*\. region=0,16 lastmatch=], [
	]+=java.util.regex.Matcher[pattern=[
	]+ region=0,73 lastmatch=], \\=java.util.regex.Matcher[pattern=\\ region=0,19 lastmatch=], ^(/\.\./)+=java.util.regex.Matcher[pattern=^(/\.\./)+ region=0,50 lastmatch=]}]) but failed to remove it when the web application was stopped. Threads are going to be renewed over time to try and avoid a probable memory leak.
Mar 6, 2013 5:33:08 AM org.apache.catalina.loader.WebappClassLoader checkThreadLocalMapForLeaks
SEVERE: The web application [] created a ThreadLocal with key of type [org.archive.util.TextUtils$1] (value [org.archive.util.TextUtils$1@31f0fe3]) and a value of type [java.util.HashMap] (value [{^www\d*\.=java.util.regex.Matcher[pattern=^www\d*\. region=0,16 lastmatch=], [
	]+=java.util.regex.Matcher[pattern=[
	]+ region=0,66 lastmatch=], \\=java.util.regex.Matcher[pattern=\\ region=0,19 lastmatch=], ^(/\.\./)+=java.util.regex.Matcher[pattern=^(/\.\./)+ region=0,43 lastmatch=]}]) but failed to remove it when the web application was stopped. Threads are going to be renewed over time to try and avoid a probable memory leak.
Mar 6, 2013 5:33:08 AM org.apache.catalina.loader.WebappClassLoader checkThreadLocalMapForLeaks
SEVERE: The web application [] created a ThreadLocal with key of type [org.archive.util.TextUtils$1] (value [org.archive.util.TextUtils$1@31f0fe3]) and a value of type [java.util.HashMap] (value [{^www\d*\.=java.util.regex.Matcher[pattern=^www\d*\. region=0,16 lastmatch=], [
	]+=java.util.regex.Matcher[pattern=[
	]+ region=0,72 lastmatch=], \\=java.util.regex.Matcher[pattern=\\ region=0,19 lastmatch=], ^(/\.\./)+=java.util.regex.Matcher[pattern=^(/\.\./)+ region=0,49 lastmatch=]}]) but failed to remove it when the web application was stopped. Threads are going to be renewed over time to try and avoid a probable memory leak.
Mar 6, 2013 5:33:08 AM org.apache.catalina.loader.WebappClassLoader checkThreadLocalMapForLeaks
SEVERE: The web application [] created a ThreadLocal with key of type [org.archive.util.TextUtils$1] (value [org.archive.util.TextUtils$1@31f0fe3]) and a value of type [java.util.HashMap] (value [{^www\d*\.=java.util.regex.Matcher[pattern=^www\d*\. region=0,17 lastmatch=], [
	]+=java.util.regex.Matcher[pattern=[
	]+ region=0,134 lastmatch=], \\=java.util.regex.Matcher[pattern=\\ region=0,19 lastmatch=], ^(/\.\./)+=java.util.regex.Matcher[pattern=^(/\.\./)+ region=0,110 lastmatch=]}]) but failed to remove it when the web application was stopped. Threads are going to be renewed over time to try and avoid a probable memory leak.
Mar 6, 2013 5:33:08 AM org.apache.catalina.loader.WebappClassLoader checkThreadLocalMapForLeaks
SEVERE: The web application [] created a ThreadLocal with key of type [org.archive.util.TextUtils$1] (value [org.archive.util.TextUtils$1@31f0fe3]) and a value of type [java.util.HashMap] (value [{^www\d*\.=java.util.regex.Matcher[pattern=^www\d*\. region=0,7 lastmatch=], [
	]+=java.util.regex.Matcher[pattern=[
	]+ region=0,65 lastmatch=], \\=java.util.regex.Matcher[pattern=\\ region=0,19 lastmatch=], ^(/\.\./)+=java.util.regex.Matcher[pattern=^(/\.\./)+ region=0,47 lastmatch=]}]) but failed to remove it when the web application was stopped. Threads are going to be renewed over time to try and avoid a probable memory leak.
Mar 6, 2013 5:33:08 AM org.apache.coyote.AbstractProtocol stop
INFO: Stopping ProtocolHandler ["http-bio-8080"]
Mar 6, 2013 5:33:08 AM org.apache.coyote.AbstractProtocol stop
INFO: Stopping ProtocolHandler ["ajp-bio-8009"]
Mar 6, 2013 5:33:08 AM org.apache.coyote.AbstractProtocol destroy
INFO: Destroying ProtocolHandler ["http-bio-8080"]
Mar 6, 2013 5:33:08 AM org.apache.coyote.AbstractProtocol destroy
INFO: Destroying ProtocolHandler ["ajp-bio-8009"]
Mar 6, 2013 5:33:49 AM org.apache.catalina.core.AprLifecycleListener init
INFO: The APR based Apache Tomcat Native library which allows optimal performance in production environments was not found on the java.library.path: .:/Library/Java/Extensions:/System/Library/Java/Extensions:/usr/lib/java
Mar 6, 2013 5:33:50 AM org.apache.coyote.AbstractProtocol init
INFO: Initializing ProtocolHandler ["http-bio-8080"]
Mar 6, 2013 5:33:50 AM org.apache.coyote.AbstractProtocol init
INFO: Initializing ProtocolHandler ["ajp-bio-8009"]
Mar 6, 2013 5:33:50 AM org.apache.catalina.startup.Catalina load
INFO: Initialization processed in 1072 ms
Mar 6, 2013 5:33:50 AM org.apache.catalina.core.StandardService startInternal
INFO: Starting service Catalina
Mar 6, 2013 5:33:50 AM org.apache.catalina.core.StandardEngine startInternal
INFO: Starting Servlet Engine: Apache Tomcat/7.0.30
Mar 6, 2013 5:33:50 AM org.apache.catalina.startup.HostConfig deployDirectory
INFO: Deploying web application directory /Applications/WAIL/tomcat/webapps/bin
Mar 6, 2013 5:33:50 AM org.apache.catalina.startup.HostConfig deployDirectory
INFO: Deploying web application directory /Applications/WAIL/tomcat/webapps/docs
Mar 6, 2013 5:33:50 AM org.apache.catalina.startup.HostConfig deployDirectory
INFO: Deploying web application directory /Applications/WAIL/tomcat/webapps/examples
Mar 6, 2013 5:33:51 AM org.apache.catalina.startup.HostConfig deployDirectory
INFO: Deploying web application directory /Applications/WAIL/tomcat/webapps/host-manager
Mar 6, 2013 5:33:51 AM org.apache.catalina.startup.HostConfig deployDirectory
INFO: Deploying web application directory /Applications/WAIL/tomcat/webapps/lib
Mar 6, 2013 5:33:51 AM org.apache.catalina.startup.HostConfig deployDirectory
INFO: Deploying web application directory /Applications/WAIL/tomcat/webapps/manager
Mar 6, 2013 5:33:51 AM org.apache.catalina.startup.HostConfig deployDirectory
INFO: Deploying web application directory /Applications/WAIL/tomcat/webapps/ROOT
Mar 6, 2013 5:33:55 AM org.apache.catalina.startup.HostConfig deployDirectory
INFO: Deploying web application directory /Applications/WAIL/tomcat/webapps/ROOT_old
Mar 6, 2013 5:33:58 AM org.apache.catalina.core.StandardContext startInternal
SEVERE: Error filterStart
Mar 6, 2013 5:33:58 AM org.apache.catalina.core.StandardContext startInternal
SEVERE: Context [/ROOT_old] startup failed due to previous errors
Mar 6, 2013 5:33:58 AM org.apache.catalina.startup.HostConfig deployDirectory
INFO: Deploying web application directory /Applications/WAIL/tomcat/webapps/wayback-1.6
Mar 6, 2013 5:34:01 AM org.apache.catalina.core.StandardContext startInternal
SEVERE: Error filterStart
Mar 6, 2013 5:34:01 AM org.apache.catalina.core.StandardContext startInternal
SEVERE: Context [/wayback-1.6] startup failed due to previous errors
Mar 6, 2013 5:34:01 AM org.apache.catalina.startup.HostConfig deployDirectory
INFO: Deploying web application directory /Applications/WAIL/tomcat/webapps/wayback-src
Mar 6, 2013 5:34:01 AM org.apache.coyote.AbstractProtocol start
INFO: Starting ProtocolHandler ["http-bio-8080"]
Mar 6, 2013 5:34:01 AM org.apache.coyote.AbstractProtocol start
INFO: Starting ProtocolHandler ["ajp-bio-8009"]
Mar 6, 2013 5:34:01 AM org.apache.catalina.startup.Catalina start
INFO: Server startup in 11384 ms
