Wed 05/30/2012  0:17:18.39 Starting heritrix 
java version "1.6.0_21"
Java(TM) SE Runtime Environment (build 1.6.0_21-b07)
Java HotSpot(TM) Client VM (build 17.0-b17, mixed mode, sharing)
JAVA_OPTS= -Xmx256m 
Wed 05/30/2012  0:18:51.81 Starting heritrix 
java version "1.6.0_21"
Java(TM) SE Runtime Environment (build 1.6.0_21-b07)
Java HotSpot(TM) Client VM (build 17.0-b17, mixed mode, sharing)
JAVA_OPTS= -Xmx256m 
Wed 05/30/2012  0:18:57.43 Starting heritrix 
java version "1.6.0_21"
Java(TM) SE Runtime Environment (build 1.6.0_21-b07)
Java HotSpot(TM) Client VM (build 17.0-b17, mixed mode, sharing)
JAVA_OPTS= -Xmx256m 
Wed 05/30/2012  0:19:16.54 Starting heritrix 
java version "1.6.0_21"
Java(TM) SE Runtime Environment (build 1.6.0_21-b07)
Java HotSpot(TM) Client VM (build 17.0-b17, mixed mode, sharing)
JAVA_OPTS= -Xmx256m 
Wed 05/30/2012  0:35:29.73 Starting heritrix 
java version "1.6.0_21"
Java(TM) SE Runtime Environment (build 1.6.0_21-b07)
Java HotSpot(TM) Client VM (build 17.0-b17, mixed mode, sharing)
JAVA_OPTS= -Xmx256m 
Wed 05/30/2012  0:35:47.10 Starting heritrix 
java version "1.6.0_21"
Java(TM) SE Runtime Environment (build 1.6.0_21-b07)
Java HotSpot(TM) Client VM (build 17.0-b17, mixed mode, sharing)
JAVA_OPTS= -Xmx256m 
Mon 02/11/2013 18:53:07.15 Starting heritrix 
java version "1.6.0_21"
Java(TM) SE Runtime Environment (build 1.6.0_21-b07)
Java HotSpot(TM) Client VM (build 17.0-b17, mixed mode, sharing)
JAVA_OPTS= -Xmx256m 
Mon 02/11/2013 18:53:43.98 Starting heritrix 
java version "1.6.0_21"
Java(TM) SE Runtime Environment (build 1.6.0_21-b07)
Java HotSpot(TM) Client VM (build 17.0-b17, mixed mode, sharing)
JAVA_OPTS= -Xmx256m 
Mon 02/11/2013 18:54:50.89 Starting heritrix 
java version "1.6.0_21"
Java(TM) SE Runtime Environment (build 1.6.0_21-b07)
Java HotSpot(TM) Client VM (build 17.0-b17, mixed mode, sharing)
JAVA_OPTS= -Xmx256m 
Mon 02/11/2013 18:55:20.85 Starting heritrix 
java version "1.6.0_21"
Java(TM) SE Runtime Environment (build 1.6.0_21-b07)
Java HotSpot(TM) Client VM (build 17.0-b17, mixed mode, sharing)
JAVA_OPTS= -Xmx256m 
Mon 02/11/2013 19:00:53.03 Starting heritrix 
java version "1.6.0_21"
Java(TM) SE Runtime Environment (build 1.6.0_21-b07)
Java HotSpot(TM) Client VM (build 17.0-b17, mixed mode, sharing)
JAVA_OPTS= -Xmx256m 
Mon 02/11/2013 19:01:21.26 Starting heritrix 
java version "1.6.0_21"
Java(TM) SE Runtime Environment (build 1.6.0_21-b07)
Java HotSpot(TM) Client VM (build 17.0-b17, mixed mode, sharing)
JAVA_OPTS= -Xmx256m 
Mon 02/11/2013 19:01:50.89 Starting heritrix 
java version "1.6.0_21"
Java(TM) SE Runtime Environment (build 1.6.0_21-b07)
Java HotSpot(TM) Client VM (build 17.0-b17, mixed mode, sharing)
JAVA_OPTS= -Xmx256m 
Mon 02/11/2013 19:02:22.43 Starting heritrix 
java version "1.6.0_21"
Java(TM) SE Runtime Environment (build 1.6.0_21-b07)
Java HotSpot(TM) Client VM (build 17.0-b17, mixed mode, sharing)
JAVA_OPTS= -Xmx256m 
Mon 02/11/2013 19:03:13.70 Starting heritrix 
java version "1.6.0_21"
Java(TM) SE Runtime Environment (build 1.6.0_21-b07)
Java HotSpot(TM) Client VM (build 17.0-b17, mixed mode, sharing)
JAVA_OPTS= -Xmx256m 
Mon 02/11/2013 19:04:04.10 Starting heritrix 
java version "1.6.0_21"
Java(TM) SE Runtime Environment (build 1.6.0_21-b07)
Java HotSpot(TM) Client VM (build 17.0-b17, mixed mode, sharing)
JAVA_OPTS= -Xmx256m 
Mon 02/11/2013 19:05:17.98 Starting heritrix 
java version "1.6.0_21"
Java(TM) SE Runtime Environment (build 1.6.0_21-b07)
Java HotSpot(TM) Client VM (build 17.0-b17, mixed mode, sharing)
JAVA_OPTS= -Xmx256m 
Mon 02/11/2013 19:05:46.00 Starting heritrix 
java version "1.6.0_21"
Java(TM) SE Runtime Environment (build 1.6.0_21-b07)
Java HotSpot(TM) Client VM (build 17.0-b17, mixed mode, sharing)
JAVA_OPTS= -Xmx256m 
Mon 02/11/2013 19:06:40.79 Starting heritrix 
java version "1.6.0_21"
Java(TM) SE Runtime Environment (build 1.6.0_21-b07)
Java HotSpot(TM) Client VM (build 17.0-b17, mixed mode, sharing)
JAVA_OPTS= -Xmx256m 
Mon 02/11/2013 19:09:04.95 Starting heritrix 
java version "1.6.0_21"
Java(TM) SE Runtime Environment (build 1.6.0_21-b07)
Java HotSpot(TM) Client VM (build 17.0-b17, mixed mode, sharing)
JAVA_OPTS= -Xmx256m 
Mon 02/11/2013 19:09:23.00 Starting heritrix 
java version "1.6.0_21"
Java(TM) SE Runtime Environment (build 1.6.0_21-b07)
Java HotSpot(TM) Client VM (build 17.0-b17, mixed mode, sharing)
JAVA_OPTS= -Xmx256m 
Tue 02/12/2013 14:14:39.20 Starting heritrix 
java version "1.7.0_04"
Java(TM) SE Runtime Environment (build 1.7.0_04-b22)
Java HotSpot(TM) 64-Bit Server VM (build 23.0-b21, mixed mode)
JAVA_OPTS= -Xmx256m 
Tue 02/12/2013 14:36:17.18 Starting heritrix 
java version "1.7.0_04"
Java(TM) SE Runtime Environment (build 1.7.0_04-b22)
Java HotSpot(TM) 64-Bit Server VM (build 23.0-b21, mixed mode)
JAVA_OPTS= -Xmx256m 
Tue 02/12/2013 14:42:26.06 Starting heritrix 
java version "1.7.0_04"
Java(TM) SE Runtime Environment (build 1.7.0_04-b22)
Java HotSpot(TM) 64-Bit Server VM (build 23.0-b21, mixed mode)
JAVA_OPTS= -Xmx256m 
Tue 02/12/2013 14:43:07.97 Starting heritrix 
java version "1.7.0_04"
Java(TM) SE Runtime Environment (build 1.7.0_04-b22)
Java HotSpot(TM) 64-Bit Server VM (build 23.0-b21, mixed mode)
JAVA_OPTS= -Xmx256m 
Tue 02/12/2013 14:44:10.46 Starting heritrix 
java version "1.7.0_04"
Java(TM) SE Runtime Environment (build 1.7.0_04-b22)
Java HotSpot(TM) 64-Bit Server VM (build 23.0-b21, mixed mode)
JAVA_OPTS= -Xmx256m 
Tue 02/12/2013 14:46:09.24 Starting heritrix 
java version "1.7.0_04"
Java(TM) SE Runtime Environment (build 1.7.0_04-b22)
Java HotSpot(TM) 64-Bit Server VM (build 23.0-b21, mixed mode)
JAVA_OPTS= -Xmx256m 
Tue 02/12/2013 14:48:13.71 Starting heritrix 
java version "1.7.0_04"
Java(TM) SE Runtime Environment (build 1.7.0_04-b22)
Java HotSpot(TM) 64-Bit Server VM (build 23.0-b21, mixed mode)
JAVA_OPTS= -Xmx256m 
Tue 02/12/2013 15:00:32.82 Starting heritrix 
java version "1.7.0_04"
Java(TM) SE Runtime Environment (build 1.7.0_04-b22)
Java HotSpot(TM) 64-Bit Server VM (build 23.0-b21, mixed mode)
JAVA_OPTS= -Xmx256m 
Tue 02/12/2013 15:06:02.45 Starting heritrix 
java version "1.7.0_04"
Java(TM) SE Runtime Environment (build 1.7.0_04-b22)
Java HotSpot(TM) 64-Bit Server VM (build 23.0-b21, mixed mode)
JAVA_OPTS= -Xmx256m 
Tue 02/12/2013 15:06:15.71 Starting heritrix 
java version "1.7.0_04"
Java(TM) SE Runtime Environment (build 1.7.0_04-b22)
Java HotSpot(TM) 64-Bit Server VM (build 23.0-b21, mixed mode)
JAVA_OPTS= -Xmx256m 
Tue 02/12/2013 17:55:51.00 Starting heritrix 
java version "1.7.0_04"
Java(TM) SE Runtime Environment (build 1.7.0_04-b22)
Java HotSpot(TM) 64-Bit Server VM (build 23.0-b21, mixed mode)
JAVA_OPTS= -Xmx256m 
Tue 02/12/2013 17:56:45.32 Starting heritrix 
java version "1.7.0_04"
Java(TM) SE Runtime Environment (build 1.7.0_04-b22)
Java HotSpot(TM) 64-Bit Server VM (build 23.0-b21, mixed mode)
JAVA_OPTS= -Xmx256m 
Tue 02/12/2013 18:45:50.81 Starting heritrix 
java version "1.7.0_04"
Java(TM) SE Runtime Environment (build 1.7.0_04-b22)
Java HotSpot(TM) 64-Bit Server VM (build 23.0-b21, mixed mode)
JAVA_OPTS= -Xmx256m 
Tue 02/12/2013 18:45:56.03 Starting heritrix 
java version "1.7.0_04"
Java(TM) SE Runtime Environment (build 1.7.0_04-b22)
Java HotSpot(TM) 64-Bit Server VM (build 23.0-b21, mixed mode)
JAVA_OPTS= -Xmx256m 
Tue 02/12/2013 18:46:08.65 Starting heritrix 
java version "1.7.0_04"
Java(TM) SE Runtime Environment (build 1.7.0_04-b22)
Java HotSpot(TM) 64-Bit Server VM (build 23.0-b21, mixed mode)
JAVA_OPTS= -Xmx256m 
Tue 02/12/2013 18:46:17.25 Starting heritrix 
java version "1.7.0_04"
Java(TM) SE Runtime Environment (build 1.7.0_04-b22)
Java HotSpot(TM) 64-Bit Server VM (build 23.0-b21, mixed mode)
JAVA_OPTS= -Xmx256m 
Tue 02/12/2013 18:48:55.33 Starting heritrix 
java version "1.7.0_04"
Java(TM) SE Runtime Environment (build 1.7.0_04-b22)
Java HotSpot(TM) 64-Bit Server VM (build 23.0-b21, mixed mode)
JAVA_OPTS= -Xmx256m 
Tue 02/12/2013 18:57:25.98 Starting heritrix 
java version "1.7.0_04"
Java(TM) SE Runtime Environment (build 1.7.0_04-b22)
Java HotSpot(TM) 64-Bit Server VM (build 23.0-b21, mixed mode)
JAVA_OPTS= -Xmx256m 
Tue 02/12/2013 18:58:25.80 Starting heritrix 
java version "1.7.0_04"
Java(TM) SE Runtime Environment (build 1.7.0_04-b22)
Java HotSpot(TM) 64-Bit Server VM (build 23.0-b21, mixed mode)
JAVA_OPTS= -Xmx256m 
Tue 02/12/2013 19:00:03.47 Starting heritrix 
java version "1.7.0_04"
Java(TM) SE Runtime Environment (build 1.7.0_04-b22)
Java HotSpot(TM) 64-Bit Server VM (build 23.0-b21, mixed mode)
JAVA_OPTS= -Xmx256m 
Tue 02/12/2013 19:01:06.19 Starting heritrix 
java version "1.7.0_04"
Java(TM) SE Runtime Environment (build 1.7.0_04-b22)
Java HotSpot(TM) 64-Bit Server VM (build 23.0-b21, mixed mode)
JAVA_OPTS= -Xmx256m 
Tue 02/12/2013 19:07:35.61 Starting heritrix 
java version "1.7.0_04"
Java(TM) SE Runtime Environment (build 1.7.0_04-b22)
Java HotSpot(TM) 64-Bit Server VM (build 23.0-b21, mixed mode)
JAVA_OPTS= -Xmx256m 
Tue 02/12/2013 19:18:56.33 Starting heritrix 
java version "1.7.0_04"
Java(TM) SE Runtime Environment (build 1.7.0_04-b22)
Java HotSpot(TM) 64-Bit Server VM (build 23.0-b21, mixed mode)
JAVA_OPTS= -Xmx256m 
Tue 02/12/2013 19:29:33.72 Starting heritrix 
java version "1.7.0_04"
Java(TM) SE Runtime Environment (build 1.7.0_04-b22)
Java HotSpot(TM) 64-Bit Server VM (build 23.0-b21, mixed mode)
JAVA_OPTS= -Xmx256m 
Tue 02/12/2013 19:33:42.08 Starting heritrix 
java version "1.7.0_04"
Java(TM) SE Runtime Environment (build 1.7.0_04-b22)
Java HotSpot(TM) 64-Bit Server VM (build 23.0-b21, mixed mode)
JAVA_OPTS= -Xmx256m 
Tue 02/12/2013 20:26:06.19 Starting heritrix 
java version "1.7.0_04"
Java(TM) SE Runtime Environment (build 1.7.0_04-b22)
Java HotSpot(TM) 64-Bit Server VM (build 23.0-b21, mixed mode)
JAVA_OPTS= -Xmx256m 
Tue 02/12/2013 20:27:54.13 Starting heritrix 
java version "1.7.0_04"
Java(TM) SE Runtime Environment (build 1.7.0_04-b22)
Java HotSpot(TM) 64-Bit Server VM (build 23.0-b21, mixed mode)
JAVA_OPTS= -Xmx256m 
Tue 02/12/2013 20:28:56.45 Starting heritrix 
java version "1.7.0_04"
Java(TM) SE Runtime Environment (build 1.7.0_04-b22)
Java HotSpot(TM) 64-Bit Server VM (build 23.0-b21, mixed mode)
JAVA_OPTS= -Xmx256m 
Wed 02/13/2013 10:38:49.52 Starting heritrix 
java version "1.7.0_04"
Java(TM) SE Runtime Environment (build 1.7.0_04-b22)
Java HotSpot(TM) 64-Bit Server VM (build 23.0-b21, mixed mode)
JAVA_OPTS= -Xmx256m 
Wed 02/13/2013 10:38:58.79 Starting heritrix 
java version "1.7.0_04"
Java(TM) SE Runtime Environment (build 1.7.0_04-b22)
Java HotSpot(TM) 64-Bit Server VM (build 23.0-b21, mixed mode)
JAVA_OPTS= -Xmx256m 
Wed 02/13/2013 10:40:09.01 Starting heritrix 
java version "1.7.0_04"
Java(TM) SE Runtime Environment (build 1.7.0_04-b22)
Java HotSpot(TM) 64-Bit Server VM (build 23.0-b21, mixed mode)
JAVA_OPTS= -Xmx256m 
Wed 02/13/2013 10:42:55.45 Starting heritrix 
java version "1.7.0_04"
Java(TM) SE Runtime Environment (build 1.7.0_04-b22)
Java HotSpot(TM) 64-Bit Server VM (build 23.0-b21, mixed mode)
JAVA_OPTS= -Xmx256m 
Wed 02/13/2013 14:53:27.20 Starting heritrix 
java version "1.7.0_04"
Java(TM) SE Runtime Environment (build 1.7.0_04-b22)
Java HotSpot(TM) 64-Bit Server VM (build 23.0-b21, mixed mode)
JAVA_OPTS= -Xmx256m 
Wed 02/13/2013 14:56:55.79 Starting heritrix 
java version "1.7.0_04"
Java(TM) SE Runtime Environment (build 1.7.0_04-b22)
Java HotSpot(TM) 64-Bit Server VM (build 23.0-b21, mixed mode)
JAVA_OPTS= -Xmx256m 
Wed 02/13/2013 14:57:40.54 Starting heritrix 
java version "1.7.0_04"
Java(TM) SE Runtime Environment (build 1.7.0_04-b22)
Java HotSpot(TM) 64-Bit Server VM (build 23.0-b21, mixed mode)
JAVA_OPTS= -Xmx256m 
Wed 02/13/2013 14:57:57.71 Starting heritrix 
java version "1.7.0_04"
Java(TM) SE Runtime Environment (build 1.7.0_04-b22)
Java HotSpot(TM) 64-Bit Server VM (build 23.0-b21, mixed mode)
JAVA_OPTS= -Xmx256m 
Wed 02/13/2013 15:02:16.28 Starting heritrix 
java version "1.7.0_04"
Java(TM) SE Runtime Environment (build 1.7.0_04-b22)
Java HotSpot(TM) 64-Bit Server VM (build 23.0-b21, mixed mode)
JAVA_OPTS= -Xmx256m 
Wed 02/13/2013 16:03:10.84 Starting heritrix 
java version "1.7.0_04"
Java(TM) SE Runtime Environment (build 1.7.0_04-b22)
Java HotSpot(TM) 64-Bit Server VM (build 23.0-b21, mixed mode)
JAVA_OPTS= -Xmx256m 
Wed 02/13/2013 16:29:29.10 Starting heritrix 
java version "1.7.0_04"
Java(TM) SE Runtime Environment (build 1.7.0_04-b22)
Java HotSpot(TM) 64-Bit Server VM (build 23.0-b21, mixed mode)
JAVA_OPTS= -Xmx256m 
Wed 02/13/2013 16:41:45.99 Starting heritrix 
java version "1.7.0_04"
Java(TM) SE Runtime Environment (build 1.7.0_04-b22)
Java HotSpot(TM) 64-Bit Server VM (build 23.0-b21, mixed mode)
JAVA_OPTS= -Xmx256m 
Thu 02/14/2013 12:57:18.59 Starting heritrix 
java version "1.7.0_04"
Java(TM) SE Runtime Environment (build 1.7.0_04-b22)
Java HotSpot(TM) 64-Bit Server VM (build 23.0-b21, mixed mode)
JAVA_OPTS= -Xmx256m 
Thu 02/14/2013 15:23:04.82 Starting heritrix 
java version "1.7.0_04"
Java(TM) SE Runtime Environment (build 1.7.0_04-b22)
Java HotSpot(TM) 64-Bit Server VM (build 23.0-b21, mixed mode)
JAVA_OPTS= -Xmx256m 
Tue 02/19/2013 16:08:33.92 Starting heritrix 
java version "1.7.0_04"
Java(TM) SE Runtime Environment (build 1.7.0_04-b22)
Java HotSpot(TM) 64-Bit Server VM (build 23.0-b21, mixed mode)
JAVA_OPTS= -Xmx256m 
Tue 02/19/2013 16:15:27.06 Starting heritrix 
java version "1.7.0_04"
Java(TM) SE Runtime Environment (build 1.7.0_04-b22)
Java HotSpot(TM) 64-Bit Server VM (build 23.0-b21, mixed mode)
JAVA_OPTS= -Xmx256m 
