Mar 7, 2013 9:12:31 AM org.apache.coyote.AbstractProtocol pause
INFO: Pausing ProtocolHandler ["http-bio-8080"]
Mar 7, 2013 9:12:31 AM org.apache.coyote.AbstractProtocol pause
INFO: Pausing ProtocolHandler ["ajp-bio-8009"]
Mar 7, 2013 9:12:31 AM org.apache.catalina.core.StandardService stopInternal
INFO: Stopping service Catalina
Mar 7, 2013 9:12:32 AM org.apache.catalina.loader.WebappClassLoader checkThreadLocalMapForLeaks
SEVERE: The web application [] created a ThreadLocal with key of type [org.archive.util.TextUtils$1] (value [org.archive.util.TextUtils$1@44eec35c]) and a value of type [java.util.HashMap] (value [{^www\d*\.=java.util.regex.Matcher[pattern=^www\d*\. region=0,10 lastmatch=], [
	]+=java.util.regex.Matcher[pattern=[
	]+ region=0,61 lastmatch=], ^(/\.\./)+=java.util.regex.Matcher[pattern=^(/\.\./)+ region=0,40 lastmatch=]}]) but failed to remove it when the web application was stopped. Threads are going to be renewed over time to try and avoid a probable memory leak.
Mar 7, 2013 9:12:32 AM org.apache.catalina.loader.WebappClassLoader checkThreadLocalMapForLeaks
SEVERE: The web application [] created a ThreadLocal with key of type [org.archive.util.TextUtils$1] (value [org.archive.util.TextUtils$1@44eec35c]) and a value of type [java.util.HashMap] (value [{^www\d*\.=java.util.regex.Matcher[pattern=^www\d*\. region=0,10 lastmatch=], [
	]+=java.util.regex.Matcher[pattern=[
	]+ region=0,61 lastmatch=], ^(/\.\./)+=java.util.regex.Matcher[pattern=^(/\.\./)+ region=0,40 lastmatch=]}]) but failed to remove it when the web application was stopped. Threads are going to be renewed over time to try and avoid a probable memory leak.
Mar 7, 2013 9:12:32 AM org.apache.catalina.loader.WebappClassLoader checkThreadLocalMapForLeaks
SEVERE: The web application [] created a ThreadLocal with key of type [org.archive.util.TextUtils$1] (value [org.archive.util.TextUtils$1@44eec35c]) and a value of type [java.util.HashMap] (value [{^www\d*\.=java.util.regex.Matcher[pattern=^www\d*\. region=0,7 lastmatch=], [
	]+=java.util.regex.Matcher[pattern=[
	]+ region=0,29 lastmatch=], ^(/\.\./)+=java.util.regex.Matcher[pattern=^(/\.\./)+ region=0,1 lastmatch=]}]) but failed to remove it when the web application was stopped. Threads are going to be renewed over time to try and avoid a probable memory leak.
Mar 7, 2013 9:12:32 AM org.apache.catalina.loader.WebappClassLoader checkThreadLocalMapForLeaks
SEVERE: The web application [] created a ThreadLocal with key of type [org.archive.util.TextUtils$1] (value [org.archive.util.TextUtils$1@44eec35c]) and a value of type [java.util.HashMap] (value [{^www\d*\.=java.util.regex.Matcher[pattern=^www\d*\. region=0,10 lastmatch=], [
	]+=java.util.regex.Matcher[pattern=[
	]+ region=0,61 lastmatch=], ^(/\.\./)+=java.util.regex.Matcher[pattern=^(/\.\./)+ region=0,40 lastmatch=]}]) but failed to remove it when the web application was stopped. Threads are going to be renewed over time to try and avoid a probable memory leak.
Mar 7, 2013 9:12:32 AM org.apache.coyote.AbstractProtocol stop
INFO: Stopping ProtocolHandler ["http-bio-8080"]
Mar 7, 2013 9:12:32 AM org.apache.coyote.AbstractProtocol stop
INFO: Stopping ProtocolHandler ["ajp-bio-8009"]
Mar 7, 2013 9:12:32 AM org.apache.coyote.AbstractProtocol destroy
INFO: Destroying ProtocolHandler ["http-bio-8080"]
Mar 7, 2013 9:12:32 AM org.apache.coyote.AbstractProtocol destroy
INFO: Destroying ProtocolHandler ["ajp-bio-8009"]
Mar 7, 2013 2:32:49 PM org.apache.catalina.core.AprLifecycleListener init
INFO: The APR based Apache Tomcat Native library which allows optimal performance in production environments was not found on the java.library.path: .:/Library/Java/Extensions:/System/Library/Java/Extensions:/usr/lib/java
Mar 7, 2013 2:32:50 PM org.apache.coyote.AbstractProtocol init
INFO: Initializing ProtocolHandler ["http-bio-8080"]
Mar 7, 2013 2:32:50 PM org.apache.coyote.AbstractProtocol init
INFO: Initializing ProtocolHandler ["ajp-bio-8009"]
Mar 7, 2013 2:32:50 PM org.apache.catalina.startup.Catalina load
INFO: Initialization processed in 999 ms
Mar 7, 2013 2:32:50 PM org.apache.catalina.core.StandardService startInternal
INFO: Starting service Catalina
Mar 7, 2013 2:32:50 PM org.apache.catalina.core.StandardEngine startInternal
INFO: Starting Servlet Engine: Apache Tomcat/7.0.30
Mar 7, 2013 2:32:50 PM org.apache.catalina.startup.HostConfig deployDirectory
INFO: Deploying web application directory /Applications/WAIL/tomcat/webapps/bin
Mar 7, 2013 2:32:50 PM org.apache.catalina.startup.HostConfig deployDirectory
INFO: Deploying web application directory /Applications/WAIL/tomcat/webapps/docs
Mar 7, 2013 2:32:50 PM org.apache.catalina.startup.HostConfig deployDirectory
INFO: Deploying web application directory /Applications/WAIL/tomcat/webapps/examples
Mar 7, 2013 2:32:51 PM org.apache.catalina.startup.HostConfig deployDirectory
INFO: Deploying web application directory /Applications/WAIL/tomcat/webapps/host-manager
Mar 7, 2013 2:32:51 PM org.apache.catalina.startup.HostConfig deployDirectory
INFO: Deploying web application directory /Applications/WAIL/tomcat/webapps/lib
Mar 7, 2013 2:32:51 PM org.apache.catalina.startup.HostConfig deployDirectory
INFO: Deploying web application directory /Applications/WAIL/tomcat/webapps/manager
Mar 7, 2013 2:32:51 PM org.apache.catalina.startup.HostConfig deployDirectory
INFO: Deploying web application directory /Applications/WAIL/tomcat/webapps/ROOT
Mar 7, 2013 2:32:55 PM org.apache.catalina.startup.HostConfig deployDirectory
INFO: Deploying web application directory /Applications/WAIL/tomcat/webapps/ROOT_old
Mar 7, 2013 2:32:58 PM org.apache.catalina.core.StandardContext startInternal
SEVERE: Error filterStart
Mar 7, 2013 2:32:58 PM org.apache.catalina.core.StandardContext startInternal
SEVERE: Context [/ROOT_old] startup failed due to previous errors
Mar 7, 2013 2:32:58 PM org.apache.catalina.startup.HostConfig deployDirectory
INFO: Deploying web application directory /Applications/WAIL/tomcat/webapps/wayback-1.6
Mar 7, 2013 2:33:01 PM org.apache.catalina.core.StandardContext startInternal
SEVERE: Error filterStart
Mar 7, 2013 2:33:01 PM org.apache.catalina.core.StandardContext startInternal
SEVERE: Context [/wayback-1.6] startup failed due to previous errors
Mar 7, 2013 2:33:01 PM org.apache.catalina.startup.HostConfig deployDirectory
INFO: Deploying web application directory /Applications/WAIL/tomcat/webapps/wayback-src
Mar 7, 2013 2:33:01 PM org.apache.coyote.AbstractProtocol start
INFO: Starting ProtocolHandler ["http-bio-8080"]
Mar 7, 2013 2:33:02 PM org.apache.coyote.AbstractProtocol start
INFO: Starting ProtocolHandler ["ajp-bio-8009"]
Mar 7, 2013 2:33:02 PM org.apache.catalina.startup.Catalina start
INFO: Server startup in 11601 ms
Mar 7, 2013 5:04:42 PM org.apache.coyote.AbstractProtocol pause
INFO: Pausing ProtocolHandler ["http-bio-8080"]
Mar 7, 2013 5:04:42 PM org.apache.coyote.AbstractProtocol pause
INFO: Pausing ProtocolHandler ["ajp-bio-8009"]
Mar 7, 2013 5:04:42 PM org.apache.catalina.core.StandardService stopInternal
INFO: Stopping service Catalina
Mar 7, 2013 5:04:42 PM org.apache.catalina.loader.WebappClassLoader checkThreadLocalMapForLeaks
SEVERE: The web application [] created a ThreadLocal with key of type [org.archive.util.TextUtils$1] (value [org.archive.util.TextUtils$1@71c94ff3]) and a value of type [java.util.HashMap] (value [{^www\d*\.=java.util.regex.Matcher[pattern=^www\d*\. region=0,12 lastmatch=], [
	]+=java.util.regex.Matcher[pattern=[
	]+ region=0,24 lastmatch=], ^(/\.\./)+=java.util.regex.Matcher[pattern=^(/\.\./)+ region=0,5 lastmatch=]}]) but failed to remove it when the web application was stopped. Threads are going to be renewed over time to try and avoid a probable memory leak.
Mar 7, 2013 5:04:42 PM org.apache.catalina.loader.WebappClassLoader checkThreadLocalMapForLeaks
SEVERE: The web application [] created a ThreadLocal with key of type [org.archive.util.TextUtils$1] (value [org.archive.util.TextUtils$1@71c94ff3]) and a value of type [java.util.HashMap] (value [{^www\d*\.=java.util.regex.Matcher[pattern=^www\d*\. region=0,12 lastmatch=], [
	]+=java.util.regex.Matcher[pattern=[
	]+ region=0,24 lastmatch=], ^(/\.\./)+=java.util.regex.Matcher[pattern=^(/\.\./)+ region=0,5 lastmatch=]}]) but failed to remove it when the web application was stopped. Threads are going to be renewed over time to try and avoid a probable memory leak.
Mar 7, 2013 5:04:42 PM org.apache.catalina.loader.WebappClassLoader checkThreadLocalMapForLeaks
SEVERE: The web application [] created a ThreadLocal with key of type [org.archive.util.TextUtils$1] (value [org.archive.util.TextUtils$1@71c94ff3]) and a value of type [java.util.HashMap] (value [{^www\d*\.=java.util.regex.Matcher[pattern=^www\d*\. region=0,12 lastmatch=], [
	]+=java.util.regex.Matcher[pattern=[
	]+ region=0,24 lastmatch=], ^(/\.\./)+=java.util.regex.Matcher[pattern=^(/\.\./)+ region=0,5 lastmatch=]}]) but failed to remove it when the web application was stopped. Threads are going to be renewed over time to try and avoid a probable memory leak.
Mar 7, 2013 5:04:42 PM org.apache.coyote.AbstractProtocol stop
INFO: Stopping ProtocolHandler ["http-bio-8080"]
Mar 7, 2013 5:04:42 PM org.apache.coyote.AbstractProtocol stop
INFO: Stopping ProtocolHandler ["ajp-bio-8009"]
Mar 7, 2013 5:04:42 PM org.apache.coyote.AbstractProtocol destroy
INFO: Destroying ProtocolHandler ["http-bio-8080"]
Mar 7, 2013 5:04:42 PM org.apache.coyote.AbstractProtocol destroy
INFO: Destroying ProtocolHandler ["ajp-bio-8009"]
